Iul 02, 2015 1:27:44 AM org.apache.catalina.core.AprLifecycleListener init
INFO: Loaded APR based Apache Tomcat Native library 1.1.31 using APR version 1.4.8.
Iul 02, 2015 1:27:44 AM org.apache.catalina.core.AprLifecycleListener init
INFO: APR capabilities: IPv6 [true], sendfile [true], accept filters [false], random [true].
Iul 02, 2015 1:27:46 AM org.apache.catalina.core.AprLifecycleListener initializeSSL
INFO: OpenSSL successfully initialized (OpenSSL 1.0.1h 5 Jun 2014)
Iul 02, 2015 1:27:46 AM org.apache.coyote.AbstractProtocol init
INFO: Initializing ProtocolHandler ["http-apr-8080"]
Iul 02, 2015 1:27:46 AM org.apache.coyote.AbstractProtocol init
INFO: Initializing ProtocolHandler ["ajp-apr-8009"]
Iul 02, 2015 1:27:46 AM org.apache.catalina.startup.Catalina load
INFO: Initialization processed in 3424 ms
Iul 02, 2015 1:27:47 AM org.apache.catalina.core.StandardService startInternal
INFO: Starting service Catalina
Iul 02, 2015 1:27:47 AM org.apache.catalina.core.StandardEngine startInternal
INFO: Starting Servlet Engine: Apache Tomcat/7.0.56
Iul 02, 2015 1:27:47 AM org.apache.catalina.startup.HostConfig deployWAR
INFO: Deploying web application archive F:\development tools\apache-tomcat-7.0.56\webapps\Server.war
Iul 02, 2015 1:28:18 AM org.apache.catalina.startup.HostConfig deployWAR
INFO: Deployment of web application archive F:\development tools\apache-tomcat-7.0.56\webapps\Server.war has finished in 31,078 ms
Iul 02, 2015 1:28:18 AM org.apache.catalina.startup.HostConfig deployDirectory
INFO: Deploying web application directory F:\development tools\apache-tomcat-7.0.56\webapps\host-manager
Iul 02, 2015 1:28:19 AM org.apache.catalina.startup.HostConfig deployDirectory
INFO: Deployment of web application directory F:\development tools\apache-tomcat-7.0.56\webapps\host-manager has finished in 1,721 ms
Iul 02, 2015 1:28:20 AM org.apache.catalina.startup.HostConfig deployDirectory
INFO: Deploying web application directory F:\development tools\apache-tomcat-7.0.56\webapps\licenta
Iul 02, 2015 1:28:20 AM org.apache.catalina.startup.HostConfig deployDirectory
INFO: Deployment of web application directory F:\development tools\apache-tomcat-7.0.56\webapps\licenta has finished in 427 ms
Iul 02, 2015 1:28:20 AM org.apache.catalina.startup.HostConfig deployDirectory
INFO: Deploying web application directory F:\development tools\apache-tomcat-7.0.56\webapps\manager
Iul 02, 2015 1:28:21 AM org.apache.catalina.startup.HostConfig deployDirectory
INFO: Deployment of web application directory F:\development tools\apache-tomcat-7.0.56\webapps\manager has finished in 1,033 ms
Iul 02, 2015 1:28:21 AM org.apache.catalina.startup.HostConfig deployDirectory
INFO: Deploying web application directory F:\development tools\apache-tomcat-7.0.56\webapps\ROOT
Iul 02, 2015 1:28:22 AM org.apache.catalina.startup.HostConfig deployDirectory
INFO: Deployment of web application directory F:\development tools\apache-tomcat-7.0.56\webapps\ROOT has finished in 777 ms
Iul 02, 2015 1:28:22 AM org.apache.coyote.AbstractProtocol start
INFO: Starting ProtocolHandler ["http-apr-8080"]
Iul 02, 2015 1:28:22 AM org.apache.coyote.AbstractProtocol start
INFO: Starting ProtocolHandler ["ajp-apr-8009"]
Iul 02, 2015 1:28:22 AM org.apache.catalina.startup.Catalina start
INFO: Server startup in 35347 ms
Iul 02, 2015 1:47:22 AM org.apache.catalina.startup.HostConfig undeploy
INFO: Undeploying context [/Server]
Iul 02, 2015 1:47:22 AM org.apache.catalina.loader.WebappClassLoader clearReferencesJdbc
SEVERE: The web application [/Server] registered the JDBC driver [org.postgresql.Driver] but failed to unregister it when the web application was stopped. To prevent a memory leak, the JDBC Driver has been forcibly unregistered.
Iul 02, 2015 1:47:22 AM org.apache.catalina.startup.HostConfig deployWAR
INFO: Deploying web application archive F:\development tools\apache-tomcat-7.0.56\webapps\Server.war
Iul 02, 2015 1:47:31 AM org.apache.catalina.startup.HostConfig deployWAR
INFO: Deployment of web application archive F:\development tools\apache-tomcat-7.0.56\webapps\Server.war has finished in 8,507 ms
Iul 02, 2015 1:48:05 AM org.apache.catalina.core.StandardContext reload
INFO: Reloading Context with name [/Server] has started
Iul 02, 2015 1:48:05 AM org.apache.catalina.loader.WebappClassLoader clearReferencesJdbc
SEVERE: The web application [/Server] registered the JDBC driver [org.postgresql.Driver] but failed to unregister it when the web application was stopped. To prevent a memory leak, the JDBC Driver has been forcibly unregistered.
Iul 02, 2015 1:48:11 AM org.apache.catalina.core.StandardContext reload
INFO: Reloading Context with name [/Server] is completed
Iul 02, 2015 1:51:31 AM org.apache.catalina.startup.HostConfig undeploy
INFO: Undeploying context [/Server]
Iul 02, 2015 1:51:31 AM org.apache.catalina.loader.WebappClassLoader clearReferencesJdbc
SEVERE: The web application [/Server] registered the JDBC driver [org.postgresql.Driver] but failed to unregister it when the web application was stopped. To prevent a memory leak, the JDBC Driver has been forcibly unregistered.
Iul 02, 2015 1:51:31 AM org.apache.catalina.startup.HostConfig deployWAR
INFO: Deploying web application archive F:\development tools\apache-tomcat-7.0.56\webapps\Server.war
Iul 02, 2015 1:51:39 AM org.apache.catalina.startup.HostConfig deployWAR
INFO: Deployment of web application archive F:\development tools\apache-tomcat-7.0.56\webapps\Server.war has finished in 7,574 ms
Iul 02, 2015 1:57:19 AM org.apache.catalina.startup.HostConfig undeploy
INFO: Undeploying context [/Server]
Iul 02, 2015 1:57:19 AM org.apache.catalina.loader.WebappClassLoader clearReferencesJdbc
SEVERE: The web application [/Server] registered the JDBC driver [org.postgresql.Driver] but failed to unregister it when the web application was stopped. To prevent a memory leak, the JDBC Driver has been forcibly unregistered.
Iul 02, 2015 1:57:19 AM org.apache.catalina.startup.ExpandWar deleteDir
SEVERE: [F:\development tools\apache-tomcat-7.0.56\webapps\Server\WEB-INF\lib] could not be completely deleted. The presence of the remaining files may cause problems
Iul 02, 2015 1:57:19 AM org.apache.catalina.startup.ExpandWar deleteDir
SEVERE: [F:\development tools\apache-tomcat-7.0.56\webapps\Server\WEB-INF] could not be completely deleted. The presence of the remaining files may cause problems
Iul 02, 2015 1:57:19 AM org.apache.catalina.startup.ExpandWar deleteDir
SEVERE: [F:\development tools\apache-tomcat-7.0.56\webapps\Server] could not be completely deleted. The presence of the remaining files may cause problems
Iul 02, 2015 1:57:19 AM org.apache.catalina.startup.ExpandWar delete
SEVERE: [F:\development tools\apache-tomcat-7.0.56\webapps\Server] could not be completely deleted. The presence of the remaining files may cause problems
Iul 02, 2015 1:57:19 AM org.apache.catalina.startup.HostConfig deployWAR
INFO: Deploying web application archive F:\development tools\apache-tomcat-7.0.56\webapps\Server.war
Iul 02, 2015 1:57:19 AM org.apache.catalina.startup.HostConfig deployWAR
INFO: Deployment of web application archive F:\development tools\apache-tomcat-7.0.56\webapps\Server.war has finished in 51 ms
Iul 02, 2015 1:58:17 AM org.apache.coyote.AbstractProtocol pause
INFO: Pausing ProtocolHandler ["http-apr-8080"]
Iul 02, 2015 1:58:17 AM org.apache.coyote.AbstractProtocol pause
INFO: Pausing ProtocolHandler ["ajp-apr-8009"]
Iul 02, 2015 1:58:17 AM org.apache.catalina.core.StandardService stopInternal
INFO: Stopping service Catalina
Iul 02, 2015 1:58:21 AM org.apache.coyote.AbstractProtocol stop
INFO: Stopping ProtocolHandler ["http-apr-8080"]
Iul 02, 2015 1:58:21 AM org.apache.coyote.AbstractProtocol stop
INFO: Stopping ProtocolHandler ["ajp-apr-8009"]
Iul 02, 2015 1:58:21 AM org.apache.coyote.AbstractProtocol destroy
INFO: Destroying ProtocolHandler ["http-apr-8080"]
Iul 02, 2015 1:58:21 AM org.apache.coyote.AbstractProtocol destroy
INFO: Destroying ProtocolHandler ["ajp-apr-8009"]
Iul 02, 2015 1:58:24 AM org.apache.catalina.core.AprLifecycleListener init
INFO: Loaded APR based Apache Tomcat Native library 1.1.31 using APR version 1.4.8.
Iul 02, 2015 1:58:24 AM org.apache.catalina.core.AprLifecycleListener init
INFO: APR capabilities: IPv6 [true], sendfile [true], accept filters [false], random [true].
Iul 02, 2015 1:58:25 AM org.apache.catalina.core.AprLifecycleListener initializeSSL
INFO: OpenSSL successfully initialized (OpenSSL 1.0.1h 5 Jun 2014)
Iul 02, 2015 1:58:25 AM org.apache.coyote.AbstractProtocol init
INFO: Initializing ProtocolHandler ["http-apr-8080"]
Iul 02, 2015 1:58:25 AM org.apache.coyote.AbstractProtocol init
INFO: Initializing ProtocolHandler ["ajp-apr-8009"]
Iul 02, 2015 1:58:25 AM org.apache.catalina.startup.Catalina load
INFO: Initialization processed in 1532 ms
Iul 02, 2015 1:58:25 AM org.apache.catalina.core.StandardService startInternal
INFO: Starting service Catalina
Iul 02, 2015 1:58:25 AM org.apache.catalina.core.StandardEngine startInternal
INFO: Starting Servlet Engine: Apache Tomcat/7.0.56
Iul 02, 2015 1:58:25 AM org.apache.catalina.startup.HostConfig deployDirectory
INFO: Deploying web application directory F:\development tools\apache-tomcat-7.0.56\webapps\host-manager
Iul 02, 2015 1:58:26 AM org.apache.catalina.util.SessionIdGenerator createSecureRandom
INFO: Creation of SecureRandom instance for session ID generation using [SHA1PRNG] took [102] milliseconds.
Iul 02, 2015 1:58:26 AM org.apache.catalina.startup.HostConfig deployDirectory
INFO: Deployment of web application directory F:\development tools\apache-tomcat-7.0.56\webapps\host-manager has finished in 916 ms
Iul 02, 2015 1:58:26 AM org.apache.catalina.startup.HostConfig deployDirectory
INFO: Deploying web application directory F:\development tools\apache-tomcat-7.0.56\webapps\licenta
Iul 02, 2015 1:58:27 AM org.apache.catalina.startup.HostConfig deployDirectory
INFO: Deployment of web application directory F:\development tools\apache-tomcat-7.0.56\webapps\licenta has finished in 113 ms
Iul 02, 2015 1:58:27 AM org.apache.catalina.startup.HostConfig deployDirectory
INFO: Deploying web application directory F:\development tools\apache-tomcat-7.0.56\webapps\manager
Iul 02, 2015 1:58:27 AM org.apache.catalina.startup.HostConfig deployDirectory
INFO: Deployment of web application directory F:\development tools\apache-tomcat-7.0.56\webapps\manager has finished in 145 ms
Iul 02, 2015 1:58:27 AM org.apache.catalina.startup.HostConfig deployDirectory
INFO: Deploying web application directory F:\development tools\apache-tomcat-7.0.56\webapps\ROOT
Iul 02, 2015 1:58:27 AM org.apache.catalina.startup.HostConfig deployDirectory
INFO: Deployment of web application directory F:\development tools\apache-tomcat-7.0.56\webapps\ROOT has finished in 77 ms
Iul 02, 2015 1:58:27 AM org.apache.catalina.startup.HostConfig deployDirectory
INFO: Deploying web application directory F:\development tools\apache-tomcat-7.0.56\webapps\Server
Iul 02, 2015 1:58:27 AM org.apache.catalina.startup.HostConfig deployDirectory
INFO: Deployment of web application directory F:\development tools\apache-tomcat-7.0.56\webapps\Server has finished in 83 ms
Iul 02, 2015 1:58:27 AM org.apache.coyote.AbstractProtocol start
INFO: Starting ProtocolHandler ["http-apr-8080"]
Iul 02, 2015 1:58:27 AM org.apache.coyote.AbstractProtocol start
INFO: Starting ProtocolHandler ["ajp-apr-8009"]
Iul 02, 2015 1:58:27 AM org.apache.catalina.startup.Catalina start
INFO: Server startup in 1443 ms
Iul 02, 2015 1:59:06 AM org.apache.catalina.startup.HostConfig undeploy
INFO: Undeploying context [/Server]
Iul 02, 2015 1:59:21 AM org.apache.catalina.startup.HostConfig deployWAR
INFO: Deploying web application archive F:\development tools\apache-tomcat-7.0.56\webapps\Server.war
Iul 02, 2015 1:59:30 AM org.apache.catalina.startup.HostConfig deployWAR
INFO: Deployment of web application archive F:\development tools\apache-tomcat-7.0.56\webapps\Server.war has finished in 8,480 ms
Iul 02, 2015 2:01:57 AM org.apache.coyote.AbstractProtocol pause
INFO: Pausing ProtocolHandler ["http-apr-8080"]
Iul 02, 2015 2:01:57 AM org.apache.coyote.AbstractProtocol pause
INFO: Pausing ProtocolHandler ["ajp-apr-8009"]
Iul 02, 2015 2:01:57 AM org.apache.catalina.core.StandardService stopInternal
INFO: Stopping service Catalina
Iul 02, 2015 2:01:57 AM org.apache.catalina.loader.WebappClassLoader clearReferencesJdbc
SEVERE: The web application [/Server] registered the JDBC driver [org.postgresql.Driver] but failed to unregister it when the web application was stopped. To prevent a memory leak, the JDBC Driver has been forcibly unregistered.
Iul 02, 2015 2:01:57 AM org.apache.coyote.AbstractProtocol stop
INFO: Stopping ProtocolHandler ["http-apr-8080"]
Iul 02, 2015 2:01:57 AM org.apache.coyote.AbstractProtocol stop
INFO: Stopping ProtocolHandler ["ajp-apr-8009"]
Iul 02, 2015 2:01:57 AM org.apache.coyote.AbstractProtocol destroy
INFO: Destroying ProtocolHandler ["http-apr-8080"]
Iul 02, 2015 2:01:57 AM org.apache.coyote.AbstractProtocol destroy
INFO: Destroying ProtocolHandler ["ajp-apr-8009"]
Iul 02, 2015 2:02:47 AM org.apache.catalina.core.AprLifecycleListener init
INFO: Loaded APR based Apache Tomcat Native library 1.1.31 using APR version 1.4.8.
Iul 02, 2015 2:02:47 AM org.apache.catalina.core.AprLifecycleListener init
INFO: APR capabilities: IPv6 [true], sendfile [true], accept filters [false], random [true].
Iul 02, 2015 2:02:48 AM org.apache.catalina.core.AprLifecycleListener initializeSSL
INFO: OpenSSL successfully initialized (OpenSSL 1.0.1h 5 Jun 2014)
Iul 02, 2015 2:02:48 AM org.apache.coyote.AbstractProtocol init
INFO: Initializing ProtocolHandler ["http-apr-8080"]
Iul 02, 2015 2:02:48 AM org.apache.coyote.AbstractProtocol init
INFO: Initializing ProtocolHandler ["ajp-apr-8009"]
Iul 02, 2015 2:02:48 AM org.apache.catalina.startup.Catalina load
INFO: Initialization processed in 1545 ms
Iul 02, 2015 2:02:48 AM org.apache.catalina.core.StandardService startInternal
INFO: Starting service Catalina
Iul 02, 2015 2:02:48 AM org.apache.catalina.core.StandardEngine startInternal
INFO: Starting Servlet Engine: Apache Tomcat/7.0.56
Iul 02, 2015 2:02:48 AM org.apache.catalina.startup.HostConfig deployWAR
INFO: Deploying web application archive F:\development tools\apache-tomcat-7.0.56\webapps\Server.war
Iul 02, 2015 2:02:57 AM org.apache.catalina.startup.HostConfig deployWAR
INFO: Deployment of web application archive F:\development tools\apache-tomcat-7.0.56\webapps\Server.war has finished in 8,790 ms
Iul 02, 2015 2:02:57 AM org.apache.catalina.startup.HostConfig deployDirectory
INFO: Deploying web application directory F:\development tools\apache-tomcat-7.0.56\webapps\host-manager
Iul 02, 2015 2:02:57 AM org.apache.catalina.startup.HostConfig deployDirectory
INFO: Deployment of web application directory F:\development tools\apache-tomcat-7.0.56\webapps\host-manager has finished in 109 ms
Iul 02, 2015 2:02:57 AM org.apache.catalina.startup.HostConfig deployDirectory
INFO: Deploying web application directory F:\development tools\apache-tomcat-7.0.56\webapps\licenta
Iul 02, 2015 2:02:57 AM org.apache.catalina.startup.HostConfig deployDirectory
INFO: Deployment of web application directory F:\development tools\apache-tomcat-7.0.56\webapps\licenta has finished in 63 ms
Iul 02, 2015 2:02:57 AM org.apache.catalina.startup.HostConfig deployDirectory
INFO: Deploying web application directory F:\development tools\apache-tomcat-7.0.56\webapps\manager
Iul 02, 2015 2:02:57 AM org.apache.catalina.startup.HostConfig deployDirectory
INFO: Deployment of web application directory F:\development tools\apache-tomcat-7.0.56\webapps\manager has finished in 104 ms
Iul 02, 2015 2:02:57 AM org.apache.catalina.startup.HostConfig deployDirectory
INFO: Deploying web application directory F:\development tools\apache-tomcat-7.0.56\webapps\ROOT
Iul 02, 2015 2:02:57 AM org.apache.catalina.startup.HostConfig deployDirectory
INFO: Deployment of web application directory F:\development tools\apache-tomcat-7.0.56\webapps\ROOT has finished in 60 ms
Iul 02, 2015 2:02:57 AM org.apache.coyote.AbstractProtocol start
INFO: Starting ProtocolHandler ["http-apr-8080"]
Iul 02, 2015 2:02:57 AM org.apache.coyote.AbstractProtocol start
INFO: Starting ProtocolHandler ["ajp-apr-8009"]
Iul 02, 2015 2:02:57 AM org.apache.catalina.startup.Catalina start
INFO: Server startup in 9242 ms
Iul 02, 2015 2:24:39 AM org.apache.catalina.startup.HostConfig undeploy
INFO: Undeploying context [/Server]
Iul 02, 2015 2:24:39 AM org.apache.catalina.loader.WebappClassLoader clearReferencesJdbc
SEVERE: The web application [/Server] registered the JDBC driver [org.postgresql.Driver] but failed to unregister it when the web application was stopped. To prevent a memory leak, the JDBC Driver has been forcibly unregistered.
Iul 02, 2015 2:24:39 AM org.apache.catalina.startup.ExpandWar deleteDir
SEVERE: [F:\development tools\apache-tomcat-7.0.56\webapps\Server\WEB-INF\lib] could not be completely deleted. The presence of the remaining files may cause problems
Iul 02, 2015 2:24:39 AM org.apache.catalina.startup.ExpandWar deleteDir
SEVERE: [F:\development tools\apache-tomcat-7.0.56\webapps\Server\WEB-INF] could not be completely deleted. The presence of the remaining files may cause problems
Iul 02, 2015 2:24:39 AM org.apache.catalina.startup.ExpandWar deleteDir
SEVERE: [F:\development tools\apache-tomcat-7.0.56\webapps\Server] could not be completely deleted. The presence of the remaining files may cause problems
Iul 02, 2015 2:24:39 AM org.apache.catalina.startup.ExpandWar delete
SEVERE: [F:\development tools\apache-tomcat-7.0.56\webapps\Server] could not be completely deleted. The presence of the remaining files may cause problems
Iul 02, 2015 2:24:39 AM org.apache.catalina.startup.HostConfig deployDirectory
INFO: Deploying web application directory F:\development tools\apache-tomcat-7.0.56\webapps\Server
Iul 02, 2015 2:24:39 AM org.apache.catalina.startup.HostConfig deployDirectory
INFO: Deployment of web application directory F:\development tools\apache-tomcat-7.0.56\webapps\Server has finished in 269 ms
Iul 02, 2015 2:24:48 AM org.apache.coyote.AbstractProtocol pause
INFO: Pausing ProtocolHandler ["http-apr-8080"]
Iul 02, 2015 2:24:48 AM org.apache.coyote.AbstractProtocol pause
INFO: Pausing ProtocolHandler ["ajp-apr-8009"]
Iul 02, 2015 2:24:48 AM org.apache.catalina.core.StandardService stopInternal
INFO: Stopping service Catalina
Iul 02, 2015 2:24:48 AM org.apache.coyote.AbstractProtocol stop
INFO: Stopping ProtocolHandler ["http-apr-8080"]
Iul 02, 2015 2:24:48 AM org.apache.coyote.AbstractProtocol stop
INFO: Stopping ProtocolHandler ["ajp-apr-8009"]
Iul 02, 2015 2:24:48 AM org.apache.coyote.AbstractProtocol destroy
INFO: Destroying ProtocolHandler ["http-apr-8080"]
Iul 02, 2015 2:24:48 AM org.apache.coyote.AbstractProtocol destroy
INFO: Destroying ProtocolHandler ["ajp-apr-8009"]
Iul 02, 2015 2:25:14 AM org.apache.catalina.core.AprLifecycleListener init
INFO: Loaded APR based Apache Tomcat Native library 1.1.31 using APR version 1.4.8.
Iul 02, 2015 2:25:14 AM org.apache.catalina.core.AprLifecycleListener init
INFO: APR capabilities: IPv6 [true], sendfile [true], accept filters [false], random [true].
Iul 02, 2015 2:25:15 AM org.apache.catalina.core.AprLifecycleListener initializeSSL
INFO: OpenSSL successfully initialized (OpenSSL 1.0.1h 5 Jun 2014)
Iul 02, 2015 2:25:15 AM org.apache.coyote.AbstractProtocol init
INFO: Initializing ProtocolHandler ["http-apr-8080"]
Iul 02, 2015 2:25:15 AM org.apache.coyote.AbstractProtocol init
INFO: Initializing ProtocolHandler ["ajp-apr-8009"]
Iul 02, 2015 2:25:15 AM org.apache.catalina.startup.Catalina load
INFO: Initialization processed in 1462 ms
Iul 02, 2015 2:25:15 AM org.apache.catalina.core.StandardService startInternal
INFO: Starting service Catalina
Iul 02, 2015 2:25:15 AM org.apache.catalina.core.StandardEngine startInternal
INFO: Starting Servlet Engine: Apache Tomcat/7.0.56
Iul 02, 2015 2:25:15 AM org.apache.catalina.startup.HostConfig deployWAR
INFO: Deploying web application archive F:\development tools\apache-tomcat-7.0.56\webapps\Server.war
Iul 02, 2015 2:25:23 AM org.apache.catalina.startup.HostConfig deployWAR
INFO: Deployment of web application archive F:\development tools\apache-tomcat-7.0.56\webapps\Server.war has finished in 7,881 ms
Iul 02, 2015 2:25:23 AM org.apache.catalina.startup.HostConfig deployDirectory
INFO: Deploying web application directory F:\development tools\apache-tomcat-7.0.56\webapps\host-manager
Iul 02, 2015 2:25:23 AM org.apache.catalina.startup.HostConfig deployDirectory
INFO: Deployment of web application directory F:\development tools\apache-tomcat-7.0.56\webapps\host-manager has finished in 108 ms
Iul 02, 2015 2:25:23 AM org.apache.catalina.startup.HostConfig deployDirectory
INFO: Deploying web application directory F:\development tools\apache-tomcat-7.0.56\webapps\licenta
Iul 02, 2015 2:25:23 AM org.apache.catalina.startup.HostConfig deployDirectory
INFO: Deployment of web application directory F:\development tools\apache-tomcat-7.0.56\webapps\licenta has finished in 76 ms
Iul 02, 2015 2:25:23 AM org.apache.catalina.startup.HostConfig deployDirectory
INFO: Deploying web application directory F:\development tools\apache-tomcat-7.0.56\webapps\manager
Iul 02, 2015 2:25:23 AM org.apache.catalina.startup.HostConfig deployDirectory
INFO: Deployment of web application directory F:\development tools\apache-tomcat-7.0.56\webapps\manager has finished in 93 ms
Iul 02, 2015 2:25:23 AM org.apache.catalina.startup.HostConfig deployDirectory
INFO: Deploying web application directory F:\development tools\apache-tomcat-7.0.56\webapps\ROOT
Iul 02, 2015 2:25:24 AM org.apache.catalina.startup.HostConfig deployDirectory
INFO: Deployment of web application directory F:\development tools\apache-tomcat-7.0.56\webapps\ROOT has finished in 49 ms
Iul 02, 2015 2:25:24 AM org.apache.coyote.AbstractProtocol start
INFO: Starting ProtocolHandler ["http-apr-8080"]
Iul 02, 2015 2:25:24 AM org.apache.coyote.AbstractProtocol start
INFO: Starting ProtocolHandler ["ajp-apr-8009"]
Iul 02, 2015 2:25:24 AM org.apache.catalina.startup.Catalina start
INFO: Server startup in 8316 ms
Iul 02, 2015 3:29:06 AM org.apache.catalina.startup.HostConfig undeploy
INFO: Undeploying context [/Server]
Iul 02, 2015 3:29:06 AM org.apache.catalina.loader.WebappClassLoader clearReferencesJdbc
SEVERE: The web application [/Server] registered the JDBC driver [org.postgresql.Driver] but failed to unregister it when the web application was stopped. To prevent a memory leak, the JDBC Driver has been forcibly unregistered.
Iul 02, 2015 3:29:16 AM org.apache.catalina.startup.HostConfig deployWAR
INFO: Deploying web application archive F:\development tools\apache-tomcat-7.0.56\webapps\Server.war
Iul 02, 2015 3:29:23 AM org.apache.catalina.startup.HostConfig deployWAR
INFO: Deployment of web application archive F:\development tools\apache-tomcat-7.0.56\webapps\Server.war has finished in 6,805 ms
Iul 02, 2015 10:26:40 AM org.apache.coyote.AbstractProtocol pause
INFO: Pausing ProtocolHandler ["http-apr-8080"]
Iul 02, 2015 10:26:41 AM org.apache.coyote.AbstractProtocol pause
INFO: Pausing ProtocolHandler ["ajp-apr-8009"]
Iul 02, 2015 10:26:42 AM org.apache.catalina.core.StandardService stopInternal
INFO: Stopping service Catalina
Iul 02, 2015 10:26:54 AM org.apache.catalina.loader.WebappClassLoader clearReferencesJdbc
SEVERE: The web application [/Server] registered the JDBC driver [org.postgresql.Driver] but failed to unregister it when the web application was stopped. To prevent a memory leak, the JDBC Driver has been forcibly unregistered.
Iul 02, 2015 10:26:55 AM org.apache.coyote.AbstractProtocol stop
INFO: Stopping ProtocolHandler ["http-apr-8080"]
Iul 02, 2015 10:26:55 AM org.apache.coyote.AbstractProtocol stop
INFO: Stopping ProtocolHandler ["ajp-apr-8009"]
Iul 02, 2015 10:26:56 AM org.apache.coyote.AbstractProtocol destroy
INFO: Destroying ProtocolHandler ["http-apr-8080"]
Iul 02, 2015 10:26:56 AM org.apache.coyote.AbstractProtocol destroy
INFO: Destroying ProtocolHandler ["ajp-apr-8009"]
Iul 02, 2015 10:27:13 AM org.apache.catalina.core.AprLifecycleListener init
INFO: Loaded APR based Apache Tomcat Native library 1.1.31 using APR version 1.4.8.
Iul 02, 2015 10:27:13 AM org.apache.catalina.core.AprLifecycleListener init
INFO: APR capabilities: IPv6 [true], sendfile [true], accept filters [false], random [true].
Iul 02, 2015 10:27:14 AM org.apache.catalina.core.AprLifecycleListener initializeSSL
INFO: OpenSSL successfully initialized (OpenSSL 1.0.1h 5 Jun 2014)
Iul 02, 2015 10:27:15 AM org.apache.coyote.AbstractProtocol init
INFO: Initializing ProtocolHandler ["http-apr-8080"]
Iul 02, 2015 10:27:15 AM org.apache.coyote.AbstractProtocol init
INFO: Initializing ProtocolHandler ["ajp-apr-8009"]
Iul 02, 2015 10:27:15 AM org.apache.catalina.startup.Catalina load
INFO: Initialization processed in 3429 ms
Iul 02, 2015 10:27:15 AM org.apache.catalina.core.StandardService startInternal
INFO: Starting service Catalina
Iul 02, 2015 10:27:15 AM org.apache.catalina.core.StandardEngine startInternal
INFO: Starting Servlet Engine: Apache Tomcat/7.0.56
Iul 02, 2015 10:27:15 AM org.apache.catalina.startup.HostConfig deployWAR
INFO: Deploying web application archive F:\development tools\apache-tomcat-7.0.56\webapps\Server.war
Iul 02, 2015 10:27:26 AM org.apache.catalina.startup.HostConfig deployWAR
INFO: Deployment of web application archive F:\development tools\apache-tomcat-7.0.56\webapps\Server.war has finished in 11,029 ms
Iul 02, 2015 10:27:26 AM org.apache.catalina.startup.HostConfig deployDirectory
INFO: Deploying web application directory F:\development tools\apache-tomcat-7.0.56\webapps\host-manager
Iul 02, 2015 10:27:26 AM org.apache.catalina.startup.HostConfig deployDirectory
INFO: Deployment of web application directory F:\development tools\apache-tomcat-7.0.56\webapps\host-manager has finished in 129 ms
Iul 02, 2015 10:27:26 AM org.apache.catalina.startup.HostConfig deployDirectory
INFO: Deploying web application directory F:\development tools\apache-tomcat-7.0.56\webapps\licenta
Iul 02, 2015 10:27:26 AM org.apache.catalina.startup.HostConfig deployDirectory
INFO: Deployment of web application directory F:\development tools\apache-tomcat-7.0.56\webapps\licenta has finished in 79 ms
Iul 02, 2015 10:27:26 AM org.apache.catalina.startup.HostConfig deployDirectory
INFO: Deploying web application directory F:\development tools\apache-tomcat-7.0.56\webapps\manager
Iul 02, 2015 10:27:27 AM org.apache.catalina.startup.HostConfig deployDirectory
INFO: Deployment of web application directory F:\development tools\apache-tomcat-7.0.56\webapps\manager has finished in 113 ms
Iul 02, 2015 10:27:27 AM org.apache.catalina.startup.HostConfig deployDirectory
INFO: Deploying web application directory F:\development tools\apache-tomcat-7.0.56\webapps\ROOT
Iul 02, 2015 10:27:27 AM org.apache.catalina.startup.HostConfig deployDirectory
INFO: Deployment of web application directory F:\development tools\apache-tomcat-7.0.56\webapps\ROOT has finished in 79 ms
Iul 02, 2015 10:27:27 AM org.apache.coyote.AbstractProtocol start
INFO: Starting ProtocolHandler ["http-apr-8080"]
Iul 02, 2015 10:27:27 AM org.apache.coyote.AbstractProtocol start
INFO: Starting ProtocolHandler ["ajp-apr-8009"]
Iul 02, 2015 10:27:27 AM org.apache.catalina.startup.Catalina start
INFO: Server startup in 11680 ms
Iul 02, 2015 10:33:17 AM org.apache.catalina.startup.HostConfig undeploy
INFO: Undeploying context [/Server]
Iul 02, 2015 10:33:17 AM org.apache.catalina.loader.WebappClassLoader clearReferencesJdbc
SEVERE: The web application [/Server] registered the JDBC driver [org.postgresql.Driver] but failed to unregister it when the web application was stopped. To prevent a memory leak, the JDBC Driver has been forcibly unregistered.
Iul 02, 2015 10:33:17 AM org.apache.catalina.startup.HostConfig deployWAR
INFO: Deploying web application archive F:\development tools\apache-tomcat-7.0.56\webapps\Server.war
Iul 02, 2015 10:33:25 AM org.apache.catalina.startup.HostConfig deployWAR
INFO: Deployment of web application archive F:\development tools\apache-tomcat-7.0.56\webapps\Server.war has finished in 7,830 ms
Iul 02, 2015 10:33:35 AM org.apache.catalina.startup.HostConfig undeploy
INFO: Undeploying context [/Server]
Iul 02, 2015 10:33:35 AM org.apache.catalina.loader.WebappClassLoader clearReferencesJdbc
SEVERE: The web application [/Server] registered the JDBC driver [org.postgresql.Driver] but failed to unregister it when the web application was stopped. To prevent a memory leak, the JDBC Driver has been forcibly unregistered.
Iul 02, 2015 10:33:35 AM org.apache.catalina.startup.ExpandWar deleteDir
SEVERE: [F:\development tools\apache-tomcat-7.0.56\webapps\Server\WEB-INF\lib] could not be completely deleted. The presence of the remaining files may cause problems
Iul 02, 2015 10:33:35 AM org.apache.catalina.startup.ExpandWar deleteDir
SEVERE: [F:\development tools\apache-tomcat-7.0.56\webapps\Server\WEB-INF] could not be completely deleted. The presence of the remaining files may cause problems
Iul 02, 2015 10:33:35 AM org.apache.catalina.startup.ExpandWar deleteDir
SEVERE: [F:\development tools\apache-tomcat-7.0.56\webapps\Server] could not be completely deleted. The presence of the remaining files may cause problems
Iul 02, 2015 10:33:36 AM org.apache.catalina.startup.ExpandWar delete
SEVERE: [F:\development tools\apache-tomcat-7.0.56\webapps\Server] could not be completely deleted. The presence of the remaining files may cause problems
Iul 02, 2015 10:33:36 AM org.apache.catalina.startup.HostConfig deployDirectory
INFO: Deploying web application directory F:\development tools\apache-tomcat-7.0.56\webapps\Server
Iul 02, 2015 10:33:36 AM org.apache.catalina.startup.HostConfig deployDirectory
INFO: Deployment of web application directory F:\development tools\apache-tomcat-7.0.56\webapps\Server has finished in 126 ms
Iul 02, 2015 10:33:36 AM org.apache.coyote.AbstractProtocol pause
INFO: Pausing ProtocolHandler ["http-apr-8080"]
Iul 02, 2015 10:33:37 AM org.apache.coyote.AbstractProtocol pause
INFO: Pausing ProtocolHandler ["ajp-apr-8009"]
Iul 02, 2015 10:33:37 AM org.apache.catalina.core.StandardService stopInternal
INFO: Stopping service Catalina
Iul 02, 2015 10:33:37 AM org.apache.coyote.AbstractProtocol stop
INFO: Stopping ProtocolHandler ["http-apr-8080"]
Iul 02, 2015 10:33:37 AM org.apache.coyote.AbstractProtocol stop
INFO: Stopping ProtocolHandler ["ajp-apr-8009"]
Iul 02, 2015 10:33:37 AM org.apache.coyote.AbstractProtocol destroy
INFO: Destroying ProtocolHandler ["http-apr-8080"]
Iul 02, 2015 10:33:37 AM org.apache.coyote.AbstractProtocol destroy
INFO: Destroying ProtocolHandler ["ajp-apr-8009"]
Iul 02, 2015 10:33:55 AM org.apache.catalina.core.AprLifecycleListener init
INFO: Loaded APR based Apache Tomcat Native library 1.1.31 using APR version 1.4.8.
Iul 02, 2015 10:33:55 AM org.apache.catalina.core.AprLifecycleListener init
INFO: APR capabilities: IPv6 [true], sendfile [true], accept filters [false], random [true].
Iul 02, 2015 10:33:56 AM org.apache.catalina.core.AprLifecycleListener initializeSSL
INFO: OpenSSL successfully initialized (OpenSSL 1.0.1h 5 Jun 2014)
Iul 02, 2015 10:33:56 AM org.apache.coyote.AbstractProtocol init
INFO: Initializing ProtocolHandler ["http-apr-8080"]
Iul 02, 2015 10:33:56 AM org.apache.coyote.AbstractProtocol init
INFO: Initializing ProtocolHandler ["ajp-apr-8009"]
Iul 02, 2015 10:33:56 AM org.apache.catalina.startup.Catalina load
INFO: Initialization processed in 1841 ms
Iul 02, 2015 10:33:57 AM org.apache.catalina.core.StandardService startInternal
INFO: Starting service Catalina
Iul 02, 2015 10:33:57 AM org.apache.catalina.core.StandardEngine startInternal
INFO: Starting Servlet Engine: Apache Tomcat/7.0.56
Iul 02, 2015 10:33:57 AM org.apache.catalina.startup.HostConfig deployWAR
INFO: Deploying web application archive F:\development tools\apache-tomcat-7.0.56\webapps\Server.war
Iul 02, 2015 10:34:08 AM org.apache.catalina.startup.HostConfig deployWAR
INFO: Deployment of web application archive F:\development tools\apache-tomcat-7.0.56\webapps\Server.war has finished in 11,571 ms
Iul 02, 2015 10:34:08 AM org.apache.catalina.startup.HostConfig deployDirectory
INFO: Deploying web application directory F:\development tools\apache-tomcat-7.0.56\webapps\host-manager
Iul 02, 2015 10:34:08 AM org.apache.catalina.startup.HostConfig deployDirectory
INFO: Deployment of web application directory F:\development tools\apache-tomcat-7.0.56\webapps\host-manager has finished in 130 ms
Iul 02, 2015 10:34:08 AM org.apache.catalina.startup.HostConfig deployDirectory
INFO: Deploying web application directory F:\development tools\apache-tomcat-7.0.56\webapps\licenta
Iul 02, 2015 10:34:08 AM org.apache.catalina.startup.HostConfig deployDirectory
INFO: Deployment of web application directory F:\development tools\apache-tomcat-7.0.56\webapps\licenta has finished in 100 ms
Iul 02, 2015 10:34:08 AM org.apache.catalina.startup.HostConfig deployDirectory
INFO: Deploying web application directory F:\development tools\apache-tomcat-7.0.56\webapps\manager
Iul 02, 2015 10:34:09 AM org.apache.catalina.startup.HostConfig deployDirectory
INFO: Deployment of web application directory F:\development tools\apache-tomcat-7.0.56\webapps\manager has finished in 107 ms
Iul 02, 2015 10:34:09 AM org.apache.catalina.startup.HostConfig deployDirectory
INFO: Deploying web application directory F:\development tools\apache-tomcat-7.0.56\webapps\ROOT
Iul 02, 2015 10:34:09 AM org.apache.catalina.startup.HostConfig deployDirectory
INFO: Deployment of web application directory F:\development tools\apache-tomcat-7.0.56\webapps\ROOT has finished in 59 ms
Iul 02, 2015 10:34:09 AM org.apache.coyote.AbstractProtocol start
INFO: Starting ProtocolHandler ["http-apr-8080"]
Iul 02, 2015 10:34:09 AM org.apache.coyote.AbstractProtocol start
INFO: Starting ProtocolHandler ["ajp-apr-8009"]
Iul 02, 2015 10:34:09 AM org.apache.catalina.startup.Catalina start
INFO: Server startup in 12115 ms
Iul 02, 2015 10:43:54 AM org.apache.coyote.AbstractProtocol pause
INFO: Pausing ProtocolHandler ["http-apr-8080"]
Iul 02, 2015 10:43:54 AM org.apache.coyote.AbstractProtocol pause
INFO: Pausing ProtocolHandler ["ajp-apr-8009"]
Iul 02, 2015 10:43:54 AM org.apache.catalina.core.StandardService stopInternal
INFO: Stopping service Catalina
Iul 02, 2015 10:43:54 AM org.apache.catalina.loader.WebappClassLoader clearReferencesJdbc
SEVERE: The web application [/Server] registered the JDBC driver [org.postgresql.Driver] but failed to unregister it when the web application was stopped. To prevent a memory leak, the JDBC Driver has been forcibly unregistered.
Iul 02, 2015 10:43:55 AM org.apache.coyote.AbstractProtocol stop
INFO: Stopping ProtocolHandler ["http-apr-8080"]
Iul 02, 2015 10:43:55 AM org.apache.coyote.AbstractProtocol stop
INFO: Stopping ProtocolHandler ["ajp-apr-8009"]
Iul 02, 2015 10:43:55 AM org.apache.coyote.AbstractProtocol destroy
INFO: Destroying ProtocolHandler ["http-apr-8080"]
Iul 02, 2015 10:43:55 AM org.apache.coyote.AbstractProtocol destroy
INFO: Destroying ProtocolHandler ["ajp-apr-8009"]
Iul 02, 2015 10:43:58 AM org.apache.catalina.core.AprLifecycleListener init
INFO: Loaded APR based Apache Tomcat Native library 1.1.31 using APR version 1.4.8.
Iul 02, 2015 10:43:58 AM org.apache.catalina.core.AprLifecycleListener init
INFO: APR capabilities: IPv6 [true], sendfile [true], accept filters [false], random [true].
Iul 02, 2015 10:44:15 AM org.apache.catalina.core.AprLifecycleListener init
INFO: Loaded APR based Apache Tomcat Native library 1.1.31 using APR version 1.4.8.
Iul 02, 2015 10:44:15 AM org.apache.catalina.core.AprLifecycleListener init
INFO: APR capabilities: IPv6 [true], sendfile [true], accept filters [false], random [true].
Iul 02, 2015 10:44:16 AM org.apache.catalina.core.AprLifecycleListener initializeSSL
INFO: OpenSSL successfully initialized (OpenSSL 1.0.1h 5 Jun 2014)
Iul 02, 2015 10:44:16 AM org.apache.coyote.AbstractProtocol init
INFO: Initializing ProtocolHandler ["http-apr-8080"]
Iul 02, 2015 10:44:16 AM org.apache.coyote.AbstractProtocol init
INFO: Initializing ProtocolHandler ["ajp-apr-8009"]
Iul 02, 2015 10:44:16 AM org.apache.catalina.startup.Catalina load
INFO: Initialization processed in 1535 ms
Iul 02, 2015 10:44:16 AM org.apache.catalina.core.StandardService startInternal
INFO: Starting service Catalina
Iul 02, 2015 10:44:16 AM org.apache.catalina.core.StandardEngine startInternal
INFO: Starting Servlet Engine: Apache Tomcat/7.0.56
Iul 02, 2015 10:44:16 AM org.apache.catalina.startup.HostConfig deployWAR
INFO: Deploying web application archive F:\development tools\apache-tomcat-7.0.56\webapps\Server.war
Iul 02, 2015 10:44:25 AM org.apache.catalina.startup.HostConfig deployWAR
INFO: Deployment of web application archive F:\development tools\apache-tomcat-7.0.56\webapps\Server.war has finished in 8,771 ms
Iul 02, 2015 10:44:25 AM org.apache.catalina.startup.HostConfig deployDirectory
INFO: Deploying web application directory F:\development tools\apache-tomcat-7.0.56\webapps\host-manager
Iul 02, 2015 10:44:25 AM org.apache.catalina.startup.HostConfig deployDirectory
INFO: Deployment of web application directory F:\development tools\apache-tomcat-7.0.56\webapps\host-manager has finished in 100 ms
Iul 02, 2015 10:44:25 AM org.apache.catalina.startup.HostConfig deployDirectory
INFO: Deploying web application directory F:\development tools\apache-tomcat-7.0.56\webapps\licenta
Iul 02, 2015 10:44:25 AM org.apache.catalina.startup.HostConfig deployDirectory
INFO: Deployment of web application directory F:\development tools\apache-tomcat-7.0.56\webapps\licenta has finished in 70 ms
Iul 02, 2015 10:44:25 AM org.apache.catalina.startup.HostConfig deployDirectory
INFO: Deploying web application directory F:\development tools\apache-tomcat-7.0.56\webapps\manager
Iul 02, 2015 10:44:25 AM org.apache.catalina.startup.HostConfig deployDirectory
INFO: Deployment of web application directory F:\development tools\apache-tomcat-7.0.56\webapps\manager has finished in 73 ms
Iul 02, 2015 10:44:25 AM org.apache.catalina.startup.HostConfig deployDirectory
INFO: Deploying web application directory F:\development tools\apache-tomcat-7.0.56\webapps\ROOT
Iul 02, 2015 10:44:26 AM org.apache.catalina.startup.HostConfig deployDirectory
INFO: Deployment of web application directory F:\development tools\apache-tomcat-7.0.56\webapps\ROOT has finished in 51 ms
Iul 02, 2015 10:44:26 AM org.apache.coyote.AbstractProtocol start
INFO: Starting ProtocolHandler ["http-apr-8080"]
Iul 02, 2015 10:44:26 AM org.apache.coyote.AbstractProtocol start
INFO: Starting ProtocolHandler ["ajp-apr-8009"]
Iul 02, 2015 10:44:26 AM org.apache.catalina.startup.Catalina start
INFO: Server startup in 9174 ms
Iul 02, 2015 10:47:36 AM org.apache.catalina.startup.HostConfig undeploy
INFO: Undeploying context [/Server]
Iul 02, 2015 10:47:36 AM org.apache.catalina.loader.WebappClassLoader clearReferencesJdbc
SEVERE: The web application [/Server] registered the JDBC driver [org.postgresql.Driver] but failed to unregister it when the web application was stopped. To prevent a memory leak, the JDBC Driver has been forcibly unregistered.
Iul 02, 2015 10:47:36 AM org.apache.catalina.startup.ExpandWar deleteDir
SEVERE: [F:\development tools\apache-tomcat-7.0.56\webapps\Server\WEB-INF\lib] could not be completely deleted. The presence of the remaining files may cause problems
Iul 02, 2015 10:47:36 AM org.apache.catalina.startup.ExpandWar deleteDir
SEVERE: [F:\development tools\apache-tomcat-7.0.56\webapps\Server\WEB-INF] could not be completely deleted. The presence of the remaining files may cause problems
Iul 02, 2015 10:47:36 AM org.apache.catalina.startup.ExpandWar deleteDir
SEVERE: [F:\development tools\apache-tomcat-7.0.56\webapps\Server] could not be completely deleted. The presence of the remaining files may cause problems
Iul 02, 2015 10:47:36 AM org.apache.catalina.startup.ExpandWar delete
SEVERE: [F:\development tools\apache-tomcat-7.0.56\webapps\Server] could not be completely deleted. The presence of the remaining files may cause problems
Iul 02, 2015 10:47:36 AM org.apache.catalina.startup.HostConfig deployWAR
INFO: Deploying web application archive F:\development tools\apache-tomcat-7.0.56\webapps\Server.war
Iul 02, 2015 10:47:36 AM org.apache.catalina.startup.HostConfig deployWAR
INFO: Deployment of web application archive F:\development tools\apache-tomcat-7.0.56\webapps\Server.war has finished in 97 ms
Iul 02, 2015 10:47:47 AM org.apache.coyote.AbstractProtocol pause
INFO: Pausing ProtocolHandler ["http-apr-8080"]
Iul 02, 2015 10:47:47 AM org.apache.coyote.AbstractProtocol pause
INFO: Pausing ProtocolHandler ["ajp-apr-8009"]
Iul 02, 2015 10:47:47 AM org.apache.catalina.core.StandardService stopInternal
INFO: Stopping service Catalina
Iul 02, 2015 10:47:48 AM org.apache.coyote.AbstractProtocol stop
INFO: Stopping ProtocolHandler ["http-apr-8080"]
Iul 02, 2015 10:47:48 AM org.apache.coyote.AbstractProtocol stop
INFO: Stopping ProtocolHandler ["ajp-apr-8009"]
Iul 02, 2015 10:47:48 AM org.apache.coyote.AbstractProtocol destroy
INFO: Destroying ProtocolHandler ["http-apr-8080"]
Iul 02, 2015 10:47:48 AM org.apache.coyote.AbstractProtocol destroy
INFO: Destroying ProtocolHandler ["ajp-apr-8009"]
Iul 02, 2015 10:48:00 AM org.apache.catalina.core.AprLifecycleListener init
INFO: Loaded APR based Apache Tomcat Native library 1.1.31 using APR version 1.4.8.
Iul 02, 2015 10:48:00 AM org.apache.catalina.core.AprLifecycleListener init
INFO: APR capabilities: IPv6 [true], sendfile [true], accept filters [false], random [true].
Iul 02, 2015 10:48:01 AM org.apache.catalina.core.AprLifecycleListener initializeSSL
INFO: OpenSSL successfully initialized (OpenSSL 1.0.1h 5 Jun 2014)
Iul 02, 2015 10:48:01 AM org.apache.coyote.AbstractProtocol init
INFO: Initializing ProtocolHandler ["http-apr-8080"]
Iul 02, 2015 10:48:01 AM org.apache.coyote.AbstractProtocol init
INFO: Initializing ProtocolHandler ["ajp-apr-8009"]
Iul 02, 2015 10:48:01 AM org.apache.catalina.startup.Catalina load
INFO: Initialization processed in 1488 ms
Iul 02, 2015 10:48:01 AM org.apache.catalina.core.StandardService startInternal
INFO: Starting service Catalina
Iul 02, 2015 10:48:01 AM org.apache.catalina.core.StandardEngine startInternal
INFO: Starting Servlet Engine: Apache Tomcat/7.0.56
Iul 02, 2015 10:48:01 AM org.apache.catalina.startup.HostConfig deployWAR
INFO: Deploying web application archive F:\development tools\apache-tomcat-7.0.56\webapps\Server.war
Iul 02, 2015 10:48:10 AM org.apache.catalina.startup.HostConfig deployWAR
INFO: Deployment of web application archive F:\development tools\apache-tomcat-7.0.56\webapps\Server.war has finished in 8,723 ms
Iul 02, 2015 10:48:10 AM org.apache.catalina.startup.HostConfig deployDirectory
INFO: Deploying web application directory F:\development tools\apache-tomcat-7.0.56\webapps\host-manager
Iul 02, 2015 10:48:10 AM org.apache.catalina.startup.HostConfig deployDirectory
INFO: Deployment of web application directory F:\development tools\apache-tomcat-7.0.56\webapps\host-manager has finished in 97 ms
Iul 02, 2015 10:48:10 AM org.apache.catalina.startup.HostConfig deployDirectory
INFO: Deploying web application directory F:\development tools\apache-tomcat-7.0.56\webapps\licenta
Iul 02, 2015 10:48:10 AM org.apache.catalina.startup.HostConfig deployDirectory
INFO: Deployment of web application directory F:\development tools\apache-tomcat-7.0.56\webapps\licenta has finished in 80 ms
Iul 02, 2015 10:48:10 AM org.apache.catalina.startup.HostConfig deployDirectory
INFO: Deploying web application directory F:\development tools\apache-tomcat-7.0.56\webapps\manager
Iul 02, 2015 10:48:10 AM org.apache.catalina.startup.HostConfig deployDirectory
INFO: Deployment of web application directory F:\development tools\apache-tomcat-7.0.56\webapps\manager has finished in 84 ms
Iul 02, 2015 10:48:10 AM org.apache.catalina.startup.HostConfig deployDirectory
INFO: Deploying web application directory F:\development tools\apache-tomcat-7.0.56\webapps\ROOT
Iul 02, 2015 10:48:10 AM org.apache.catalina.startup.HostConfig deployDirectory
INFO: Deployment of web application directory F:\development tools\apache-tomcat-7.0.56\webapps\ROOT has finished in 77 ms
Iul 02, 2015 10:48:10 AM org.apache.coyote.AbstractProtocol start
INFO: Starting ProtocolHandler ["http-apr-8080"]
Iul 02, 2015 10:48:10 AM org.apache.coyote.AbstractProtocol start
INFO: Starting ProtocolHandler ["ajp-apr-8009"]
Iul 02, 2015 10:48:10 AM org.apache.catalina.startup.Catalina start
INFO: Server startup in 9170 ms
Iul 02, 2015 10:50:40 AM org.apache.catalina.startup.HostConfig undeploy
INFO: Undeploying context [/Server]
Iul 02, 2015 10:50:41 AM org.apache.catalina.loader.WebappClassLoader clearReferencesJdbc
SEVERE: The web application [/Server] registered the JDBC driver [org.postgresql.Driver] but failed to unregister it when the web application was stopped. To prevent a memory leak, the JDBC Driver has been forcibly unregistered.
Iul 02, 2015 10:50:41 AM org.apache.catalina.startup.ExpandWar deleteDir
SEVERE: [F:\development tools\apache-tomcat-7.0.56\webapps\Server\WEB-INF\lib] could not be completely deleted. The presence of the remaining files may cause problems
Iul 02, 2015 10:50:41 AM org.apache.catalina.startup.ExpandWar deleteDir
SEVERE: [F:\development tools\apache-tomcat-7.0.56\webapps\Server\WEB-INF] could not be completely deleted. The presence of the remaining files may cause problems
Iul 02, 2015 10:50:41 AM org.apache.catalina.startup.ExpandWar deleteDir
SEVERE: [F:\development tools\apache-tomcat-7.0.56\webapps\Server] could not be completely deleted. The presence of the remaining files may cause problems
Iul 02, 2015 10:50:41 AM org.apache.catalina.startup.ExpandWar delete
SEVERE: [F:\development tools\apache-tomcat-7.0.56\webapps\Server] could not be completely deleted. The presence of the remaining files may cause problems
Iul 02, 2015 10:50:41 AM org.apache.catalina.startup.HostConfig deployWAR
INFO: Deploying web application archive F:\development tools\apache-tomcat-7.0.56\webapps\Server.war
Iul 02, 2015 10:50:41 AM org.apache.catalina.startup.HostConfig deployWAR
INFO: Deployment of web application archive F:\development tools\apache-tomcat-7.0.56\webapps\Server.war has finished in 110 ms
Iul 02, 2015 10:50:48 AM org.apache.coyote.AbstractProtocol pause
INFO: Pausing ProtocolHandler ["http-apr-8080"]
Iul 02, 2015 10:50:48 AM org.apache.coyote.AbstractProtocol pause
INFO: Pausing ProtocolHandler ["ajp-apr-8009"]
Iul 02, 2015 10:50:48 AM org.apache.catalina.core.StandardService stopInternal
INFO: Stopping service Catalina
Iul 02, 2015 10:50:49 AM org.apache.coyote.AbstractProtocol stop
INFO: Stopping ProtocolHandler ["http-apr-8080"]
Iul 02, 2015 10:50:49 AM org.apache.coyote.AbstractProtocol stop
INFO: Stopping ProtocolHandler ["ajp-apr-8009"]
Iul 02, 2015 10:50:49 AM org.apache.coyote.AbstractProtocol destroy
INFO: Destroying ProtocolHandler ["http-apr-8080"]
Iul 02, 2015 10:50:49 AM org.apache.coyote.AbstractProtocol destroy
INFO: Destroying ProtocolHandler ["ajp-apr-8009"]
Iul 02, 2015 10:50:59 AM org.apache.catalina.core.AprLifecycleListener init
INFO: Loaded APR based Apache Tomcat Native library 1.1.31 using APR version 1.4.8.
Iul 02, 2015 10:50:59 AM org.apache.catalina.core.AprLifecycleListener init
INFO: APR capabilities: IPv6 [true], sendfile [true], accept filters [false], random [true].
Iul 02, 2015 10:51:00 AM org.apache.catalina.core.AprLifecycleListener initializeSSL
INFO: OpenSSL successfully initialized (OpenSSL 1.0.1h 5 Jun 2014)
Iul 02, 2015 10:51:00 AM org.apache.coyote.AbstractProtocol init
INFO: Initializing ProtocolHandler ["http-apr-8080"]
Iul 02, 2015 10:51:00 AM org.apache.coyote.AbstractProtocol init
INFO: Initializing ProtocolHandler ["ajp-apr-8009"]
Iul 02, 2015 10:51:00 AM org.apache.catalina.startup.Catalina load
INFO: Initialization processed in 1842 ms
Iul 02, 2015 10:51:00 AM org.apache.catalina.core.StandardService startInternal
INFO: Starting service Catalina
Iul 02, 2015 10:51:00 AM org.apache.catalina.core.StandardEngine startInternal
INFO: Starting Servlet Engine: Apache Tomcat/7.0.56
Iul 02, 2015 10:51:00 AM org.apache.catalina.startup.HostConfig deployWAR
INFO: Deploying web application archive F:\development tools\apache-tomcat-7.0.56\webapps\Server.war
Iul 02, 2015 10:51:11 AM org.apache.catalina.startup.HostConfig deployWAR
INFO: Deployment of web application archive F:\development tools\apache-tomcat-7.0.56\webapps\Server.war has finished in 10,450 ms
Iul 02, 2015 10:51:11 AM org.apache.catalina.startup.HostConfig deployDirectory
INFO: Deploying web application directory F:\development tools\apache-tomcat-7.0.56\webapps\host-manager
Iul 02, 2015 10:51:11 AM org.apache.catalina.startup.HostConfig deployDirectory
INFO: Deployment of web application directory F:\development tools\apache-tomcat-7.0.56\webapps\host-manager has finished in 123 ms
Iul 02, 2015 10:51:11 AM org.apache.catalina.startup.HostConfig deployDirectory
INFO: Deploying web application directory F:\development tools\apache-tomcat-7.0.56\webapps\licenta
Iul 02, 2015 10:51:11 AM org.apache.catalina.startup.HostConfig deployDirectory
INFO: Deployment of web application directory F:\development tools\apache-tomcat-7.0.56\webapps\licenta has finished in 94 ms
Iul 02, 2015 10:51:11 AM org.apache.catalina.startup.HostConfig deployDirectory
INFO: Deploying web application directory F:\development tools\apache-tomcat-7.0.56\webapps\manager
Iul 02, 2015 10:51:11 AM org.apache.catalina.startup.HostConfig deployDirectory
INFO: Deployment of web application directory F:\development tools\apache-tomcat-7.0.56\webapps\manager has finished in 114 ms
Iul 02, 2015 10:51:11 AM org.apache.catalina.startup.HostConfig deployDirectory
INFO: Deploying web application directory F:\development tools\apache-tomcat-7.0.56\webapps\ROOT
Iul 02, 2015 10:51:11 AM org.apache.catalina.startup.HostConfig deployDirectory
INFO: Deployment of web application directory F:\development tools\apache-tomcat-7.0.56\webapps\ROOT has finished in 81 ms
Iul 02, 2015 10:51:11 AM org.apache.coyote.AbstractProtocol start
INFO: Starting ProtocolHandler ["http-apr-8080"]
Iul 02, 2015 10:51:11 AM org.apache.coyote.AbstractProtocol start
INFO: Starting ProtocolHandler ["ajp-apr-8009"]
Iul 02, 2015 10:51:11 AM org.apache.catalina.startup.Catalina start
INFO: Server startup in 11016 ms
Iul 02, 2015 10:53:06 AM org.apache.coyote.AbstractProtocol pause
INFO: Pausing ProtocolHandler ["http-apr-8080"]
Iul 02, 2015 10:53:06 AM org.apache.coyote.AbstractProtocol pause
INFO: Pausing ProtocolHandler ["ajp-apr-8009"]
Iul 02, 2015 10:53:06 AM org.apache.catalina.core.StandardService stopInternal
INFO: Stopping service Catalina
Iul 02, 2015 10:53:07 AM org.apache.catalina.loader.WebappClassLoader clearReferencesJdbc
SEVERE: The web application [/Server] registered the JDBC driver [org.postgresql.Driver] but failed to unregister it when the web application was stopped. To prevent a memory leak, the JDBC Driver has been forcibly unregistered.
Iul 02, 2015 10:53:07 AM org.apache.coyote.AbstractProtocol stop
INFO: Stopping ProtocolHandler ["http-apr-8080"]
Iul 02, 2015 10:53:07 AM org.apache.coyote.AbstractProtocol stop
INFO: Stopping ProtocolHandler ["ajp-apr-8009"]
Iul 02, 2015 10:53:07 AM org.apache.coyote.AbstractProtocol destroy
INFO: Destroying ProtocolHandler ["http-apr-8080"]
Iul 02, 2015 10:53:07 AM org.apache.coyote.AbstractProtocol destroy
INFO: Destroying ProtocolHandler ["ajp-apr-8009"]
Iul 02, 2015 10:53:34 AM org.apache.catalina.core.AprLifecycleListener init
INFO: Loaded APR based Apache Tomcat Native library 1.1.31 using APR version 1.4.8.
Iul 02, 2015 10:53:34 AM org.apache.catalina.core.AprLifecycleListener init
INFO: APR capabilities: IPv6 [true], sendfile [true], accept filters [false], random [true].
Iul 02, 2015 10:53:35 AM org.apache.catalina.core.AprLifecycleListener initializeSSL
INFO: OpenSSL successfully initialized (OpenSSL 1.0.1h 5 Jun 2014)
Iul 02, 2015 10:53:35 AM org.apache.coyote.AbstractProtocol init
INFO: Initializing ProtocolHandler ["http-apr-8080"]
Iul 02, 2015 10:53:35 AM org.apache.coyote.AbstractProtocol init
INFO: Initializing ProtocolHandler ["ajp-apr-8009"]
Iul 02, 2015 10:53:35 AM org.apache.catalina.startup.Catalina load
INFO: Initialization processed in 1494 ms
Iul 02, 2015 10:53:35 AM org.apache.catalina.core.StandardService startInternal
INFO: Starting service Catalina
Iul 02, 2015 10:53:35 AM org.apache.catalina.core.StandardEngine startInternal
INFO: Starting Servlet Engine: Apache Tomcat/7.0.56
Iul 02, 2015 10:53:35 AM org.apache.catalina.startup.HostConfig deployWAR
INFO: Deploying web application archive F:\development tools\apache-tomcat-7.0.56\webapps\Server.war
Iul 02, 2015 10:53:44 AM org.apache.catalina.startup.HostConfig deployWAR
INFO: Deployment of web application archive F:\development tools\apache-tomcat-7.0.56\webapps\Server.war has finished in 8,926 ms
Iul 02, 2015 10:53:44 AM org.apache.catalina.startup.HostConfig deployDirectory
INFO: Deploying web application directory F:\development tools\apache-tomcat-7.0.56\webapps\host-manager
Iul 02, 2015 10:53:44 AM org.apache.catalina.startup.HostConfig deployDirectory
INFO: Deployment of web application directory F:\development tools\apache-tomcat-7.0.56\webapps\host-manager has finished in 90 ms
Iul 02, 2015 10:53:44 AM org.apache.catalina.startup.HostConfig deployDirectory
INFO: Deploying web application directory F:\development tools\apache-tomcat-7.0.56\webapps\licenta
Iul 02, 2015 10:53:44 AM org.apache.catalina.startup.HostConfig deployDirectory
INFO: Deployment of web application directory F:\development tools\apache-tomcat-7.0.56\webapps\licenta has finished in 66 ms
Iul 02, 2015 10:53:44 AM org.apache.catalina.startup.HostConfig deployDirectory
INFO: Deploying web application directory F:\development tools\apache-tomcat-7.0.56\webapps\manager
Iul 02, 2015 10:53:45 AM org.apache.catalina.startup.HostConfig deployDirectory
INFO: Deployment of web application directory F:\development tools\apache-tomcat-7.0.56\webapps\manager has finished in 92 ms
Iul 02, 2015 10:53:45 AM org.apache.catalina.startup.HostConfig deployDirectory
INFO: Deploying web application directory F:\development tools\apache-tomcat-7.0.56\webapps\ROOT
Iul 02, 2015 10:53:45 AM org.apache.catalina.startup.HostConfig deployDirectory
INFO: Deployment of web application directory F:\development tools\apache-tomcat-7.0.56\webapps\ROOT has finished in 80 ms
Iul 02, 2015 10:53:45 AM org.apache.coyote.AbstractProtocol start
INFO: Starting ProtocolHandler ["http-apr-8080"]
Iul 02, 2015 10:53:45 AM org.apache.coyote.AbstractProtocol start
INFO: Starting ProtocolHandler ["ajp-apr-8009"]
Iul 02, 2015 10:53:45 AM org.apache.catalina.startup.Catalina start
INFO: Server startup in 9355 ms
