Oct 07, 2015 2:29:50 PM org.apache.catalina.core.AprLifecycleListener init
INFO: Loaded APR based Apache Tomcat Native library 1.1.31 using APR version 1.4.8.
Oct 07, 2015 2:29:50 PM org.apache.catalina.core.AprLifecycleListener init
INFO: APR capabilities: IPv6 [true], sendfile [true], accept filters [false], random [true].
Oct 07, 2015 2:29:51 PM org.apache.catalina.core.AprLifecycleListener initializeSSL
INFO: OpenSSL successfully initialized (OpenSSL 1.0.1h 5 Jun 2014)
Oct 07, 2015 2:29:52 PM org.apache.coyote.AbstractProtocol init
INFO: Initializing ProtocolHandler ["http-apr-8080"]
Oct 07, 2015 2:29:52 PM org.apache.coyote.AbstractProtocol init
INFO: Initializing ProtocolHandler ["ajp-apr-8009"]
Oct 07, 2015 2:29:52 PM org.apache.catalina.startup.Catalina load
INFO: Initialization processed in 2016 ms
Oct 07, 2015 2:29:52 PM org.apache.catalina.core.StandardService startInternal
INFO: Starting service Catalina
Oct 07, 2015 2:29:52 PM org.apache.catalina.core.StandardEngine startInternal
INFO: Starting Servlet Engine: Apache Tomcat/7.0.56
Oct 07, 2015 2:29:52 PM org.apache.catalina.startup.HostConfig deployDirectory
INFO: Deploying web application directory F:\DEVELOPMENT\OTHER-PROJECTS\training-repo\shield_training\apache-tomcat-7.0.56\webapps\host-manager
Oct 07, 2015 2:29:52 PM org.apache.catalina.startup.HostConfig deployDirectory
INFO: Deployment of web application directory F:\DEVELOPMENT\OTHER-PROJECTS\training-repo\shield_training\apache-tomcat-7.0.56\webapps\host-manager has finished in 733 ms
Oct 07, 2015 2:29:52 PM org.apache.catalina.startup.HostConfig deployDirectory
INFO: Deploying web application directory F:\DEVELOPMENT\OTHER-PROJECTS\training-repo\shield_training\apache-tomcat-7.0.56\webapps\manager
Oct 07, 2015 2:29:53 PM org.apache.catalina.startup.HostConfig deployDirectory
INFO: Deployment of web application directory F:\DEVELOPMENT\OTHER-PROJECTS\training-repo\shield_training\apache-tomcat-7.0.56\webapps\manager has finished in 139 ms
Oct 07, 2015 2:29:53 PM org.apache.catalina.startup.HostConfig deployDirectory
INFO: Deploying web application directory F:\DEVELOPMENT\OTHER-PROJECTS\training-repo\shield_training\apache-tomcat-7.0.56\webapps\ROOT
Oct 07, 2015 2:29:53 PM org.apache.catalina.startup.HostConfig deployDirectory
INFO: Deployment of web application directory F:\DEVELOPMENT\OTHER-PROJECTS\training-repo\shield_training\apache-tomcat-7.0.56\webapps\ROOT has finished in 78 ms
Oct 07, 2015 2:29:53 PM org.apache.catalina.startup.HostConfig deployDirectory
INFO: Deploying web application directory F:\DEVELOPMENT\OTHER-PROJECTS\training-repo\shield_training\apache-tomcat-7.0.56\webapps\training-app
Oct 07, 2015 2:29:53 PM org.apache.catalina.startup.HostConfig deployDirectory
INFO: Deployment of web application directory F:\DEVELOPMENT\OTHER-PROJECTS\training-repo\shield_training\apache-tomcat-7.0.56\webapps\training-app has finished in 74 ms
Oct 07, 2015 2:29:53 PM org.apache.coyote.AbstractProtocol start
INFO: Starting ProtocolHandler ["http-apr-8080"]
Oct 07, 2015 2:29:53 PM org.apache.coyote.AbstractProtocol start
INFO: Starting ProtocolHandler ["ajp-apr-8009"]
Oct 07, 2015 2:29:53 PM org.apache.catalina.startup.Catalina start
INFO: Server startup in 1103 ms
Oct 07, 2015 2:30:50 PM org.apache.coyote.AbstractProtocol pause
INFO: Pausing ProtocolHandler ["http-apr-8080"]
Oct 07, 2015 2:30:50 PM org.apache.coyote.AbstractProtocol pause
INFO: Pausing ProtocolHandler ["ajp-apr-8009"]
Oct 07, 2015 2:30:50 PM org.apache.catalina.core.StandardService stopInternal
INFO: Stopping service Catalina
Oct 07, 2015 2:30:50 PM org.apache.coyote.AbstractProtocol stop
INFO: Stopping ProtocolHandler ["http-apr-8080"]
Oct 07, 2015 2:30:50 PM org.apache.coyote.AbstractProtocol stop
INFO: Stopping ProtocolHandler ["ajp-apr-8009"]
Oct 07, 2015 2:30:50 PM org.apache.coyote.AbstractProtocol destroy
INFO: Destroying ProtocolHandler ["http-apr-8080"]
Oct 07, 2015 2:30:50 PM org.apache.coyote.AbstractProtocol destroy
INFO: Destroying ProtocolHandler ["ajp-apr-8009"]
Oct 07, 2015 3:15:22 PM org.apache.catalina.core.AprLifecycleListener init
INFO: Loaded APR based Apache Tomcat Native library 1.1.31 using APR version 1.4.8.
Oct 07, 2015 3:15:22 PM org.apache.catalina.core.AprLifecycleListener init
INFO: APR capabilities: IPv6 [true], sendfile [true], accept filters [false], random [true].
Oct 07, 2015 3:15:23 PM org.apache.catalina.core.AprLifecycleListener initializeSSL
INFO: OpenSSL successfully initialized (OpenSSL 1.0.1h 5 Jun 2014)
Oct 07, 2015 3:15:24 PM org.apache.coyote.AbstractProtocol init
INFO: Initializing ProtocolHandler ["http-apr-8080"]
Oct 07, 2015 3:15:24 PM org.apache.coyote.AbstractProtocol init
SEVERE: Failed to initialize end point associated with ProtocolHandler ["http-apr-8080"]
java.lang.Exception: Socket bind failed: [730048] Only one usage of each socket address (protocol/network address/port) is normally permitted.  
	at org.apache.tomcat.util.net.AprEndpoint.bind(AprEndpoint.java:453)
	at org.apache.tomcat.util.net.AbstractEndpoint.init(AbstractEndpoint.java:646)
	at org.apache.coyote.AbstractProtocol.init(AbstractProtocol.java:434)
	at org.apache.catalina.connector.Connector.initInternal(Connector.java:978)
	at org.apache.catalina.util.LifecycleBase.init(LifecycleBase.java:102)
	at org.apache.catalina.core.StandardService.initInternal(StandardService.java:559)
	at org.apache.catalina.util.LifecycleBase.init(LifecycleBase.java:102)
	at org.apache.catalina.core.StandardServer.initInternal(StandardServer.java:821)
	at org.apache.catalina.util.LifecycleBase.init(LifecycleBase.java:102)
	at org.apache.catalina.startup.Catalina.load(Catalina.java:638)
	at org.apache.catalina.startup.Catalina.load(Catalina.java:663)
	at sun.reflect.NativeMethodAccessorImpl.invoke0(Native Method)
	at sun.reflect.NativeMethodAccessorImpl.invoke(NativeMethodAccessorImpl.java:57)
	at sun.reflect.DelegatingMethodAccessorImpl.invoke(DelegatingMethodAccessorImpl.java:43)
	at java.lang.reflect.Method.invoke(Method.java:606)
	at org.apache.catalina.startup.Bootstrap.load(Bootstrap.java:280)
	at org.apache.catalina.startup.Bootstrap.main(Bootstrap.java:454)

Oct 07, 2015 3:15:24 PM org.apache.catalina.core.StandardService initInternal
SEVERE: Failed to initialize connector [Connector[HTTP/1.1-8080]]
org.apache.catalina.LifecycleException: Failed to initialize component [Connector[HTTP/1.1-8080]]
	at org.apache.catalina.util.LifecycleBase.init(LifecycleBase.java:106)
	at org.apache.catalina.core.StandardService.initInternal(StandardService.java:559)
	at org.apache.catalina.util.LifecycleBase.init(LifecycleBase.java:102)
	at org.apache.catalina.core.StandardServer.initInternal(StandardServer.java:821)
	at org.apache.catalina.util.LifecycleBase.init(LifecycleBase.java:102)
	at org.apache.catalina.startup.Catalina.load(Catalina.java:638)
	at org.apache.catalina.startup.Catalina.load(Catalina.java:663)
	at sun.reflect.NativeMethodAccessorImpl.invoke0(Native Method)
	at sun.reflect.NativeMethodAccessorImpl.invoke(NativeMethodAccessorImpl.java:57)
	at sun.reflect.DelegatingMethodAccessorImpl.invoke(DelegatingMethodAccessorImpl.java:43)
	at java.lang.reflect.Method.invoke(Method.java:606)
	at org.apache.catalina.startup.Bootstrap.load(Bootstrap.java:280)
	at org.apache.catalina.startup.Bootstrap.main(Bootstrap.java:454)
Caused by: org.apache.catalina.LifecycleException: Protocol handler initialization failed
	at org.apache.catalina.connector.Connector.initInternal(Connector.java:980)
	at org.apache.catalina.util.LifecycleBase.init(LifecycleBase.java:102)
	... 12 more
Caused by: java.lang.Exception: Socket bind failed: [730048] Only one usage of each socket address (protocol/network address/port) is normally permitted.  
	at org.apache.tomcat.util.net.AprEndpoint.bind(AprEndpoint.java:453)
	at org.apache.tomcat.util.net.AbstractEndpoint.init(AbstractEndpoint.java:646)
	at org.apache.coyote.AbstractProtocol.init(AbstractProtocol.java:434)
	at org.apache.catalina.connector.Connector.initInternal(Connector.java:978)
	... 13 more

Oct 07, 2015 3:15:24 PM org.apache.coyote.AbstractProtocol init
INFO: Initializing ProtocolHandler ["ajp-apr-8009"]
Oct 07, 2015 3:15:24 PM org.apache.coyote.AbstractProtocol init
SEVERE: Failed to initialize end point associated with ProtocolHandler ["ajp-apr-8009"]
java.lang.Exception: Socket bind failed: [730048] Only one usage of each socket address (protocol/network address/port) is normally permitted.  
	at org.apache.tomcat.util.net.AprEndpoint.bind(AprEndpoint.java:453)
	at org.apache.tomcat.util.net.AbstractEndpoint.init(AbstractEndpoint.java:646)
	at org.apache.coyote.AbstractProtocol.init(AbstractProtocol.java:434)
	at org.apache.catalina.connector.Connector.initInternal(Connector.java:978)
	at org.apache.catalina.util.LifecycleBase.init(LifecycleBase.java:102)
	at org.apache.catalina.core.StandardService.initInternal(StandardService.java:559)
	at org.apache.catalina.util.LifecycleBase.init(LifecycleBase.java:102)
	at org.apache.catalina.core.StandardServer.initInternal(StandardServer.java:821)
	at org.apache.catalina.util.LifecycleBase.init(LifecycleBase.java:102)
	at org.apache.catalina.startup.Catalina.load(Catalina.java:638)
	at org.apache.catalina.startup.Catalina.load(Catalina.java:663)
	at sun.reflect.NativeMethodAccessorImpl.invoke0(Native Method)
	at sun.reflect.NativeMethodAccessorImpl.invoke(NativeMethodAccessorImpl.java:57)
	at sun.reflect.DelegatingMethodAccessorImpl.invoke(DelegatingMethodAccessorImpl.java:43)
	at java.lang.reflect.Method.invoke(Method.java:606)
	at org.apache.catalina.startup.Bootstrap.load(Bootstrap.java:280)
	at org.apache.catalina.startup.Bootstrap.main(Bootstrap.java:454)

Oct 07, 2015 3:15:24 PM org.apache.catalina.core.StandardService initInternal
SEVERE: Failed to initialize connector [Connector[AJP/1.3-8009]]
org.apache.catalina.LifecycleException: Failed to initialize component [Connector[AJP/1.3-8009]]
	at org.apache.catalina.util.LifecycleBase.init(LifecycleBase.java:106)
	at org.apache.catalina.core.StandardService.initInternal(StandardService.java:559)
	at org.apache.catalina.util.LifecycleBase.init(LifecycleBase.java:102)
	at org.apache.catalina.core.StandardServer.initInternal(StandardServer.java:821)
	at org.apache.catalina.util.LifecycleBase.init(LifecycleBase.java:102)
	at org.apache.catalina.startup.Catalina.load(Catalina.java:638)
	at org.apache.catalina.startup.Catalina.load(Catalina.java:663)
	at sun.reflect.NativeMethodAccessorImpl.invoke0(Native Method)
	at sun.reflect.NativeMethodAccessorImpl.invoke(NativeMethodAccessorImpl.java:57)
	at sun.reflect.DelegatingMethodAccessorImpl.invoke(DelegatingMethodAccessorImpl.java:43)
	at java.lang.reflect.Method.invoke(Method.java:606)
	at org.apache.catalina.startup.Bootstrap.load(Bootstrap.java:280)
	at org.apache.catalina.startup.Bootstrap.main(Bootstrap.java:454)
Caused by: org.apache.catalina.LifecycleException: Protocol handler initialization failed
	at org.apache.catalina.connector.Connector.initInternal(Connector.java:980)
	at org.apache.catalina.util.LifecycleBase.init(LifecycleBase.java:102)
	... 12 more
Caused by: java.lang.Exception: Socket bind failed: [730048] Only one usage of each socket address (protocol/network address/port) is normally permitted.  
	at org.apache.tomcat.util.net.AprEndpoint.bind(AprEndpoint.java:453)
	at org.apache.tomcat.util.net.AbstractEndpoint.init(AbstractEndpoint.java:646)
	at org.apache.coyote.AbstractProtocol.init(AbstractProtocol.java:434)
	at org.apache.catalina.connector.Connector.initInternal(Connector.java:978)
	... 13 more

Oct 07, 2015 3:15:25 PM org.apache.catalina.startup.Catalina load
INFO: Initialization processed in 3853 ms
Oct 07, 2015 3:15:25 PM org.apache.catalina.core.StandardService startInternal
INFO: Starting service Catalina
Oct 07, 2015 3:15:25 PM org.apache.catalina.core.StandardEngine startInternal
INFO: Starting Servlet Engine: Apache Tomcat/7.0.56
Oct 07, 2015 3:15:25 PM org.apache.catalina.startup.HostConfig deployDirectory
INFO: Deploying web application directory F:\DEVELOPMENT\OTHER-PROJECTS\training-repo\shield_training\apache-tomcat-7.0.56\webapps\host-manager
Oct 07, 2015 3:15:26 PM org.apache.catalina.util.SessionIdGenerator createSecureRandom
INFO: Creation of SecureRandom instance for session ID generation using [SHA1PRNG] took [233] milliseconds.
Oct 07, 2015 3:15:26 PM org.apache.catalina.startup.HostConfig deployDirectory
INFO: Deployment of web application directory F:\DEVELOPMENT\OTHER-PROJECTS\training-repo\shield_training\apache-tomcat-7.0.56\webapps\host-manager has finished in 1,398 ms
Oct 07, 2015 3:15:26 PM org.apache.catalina.startup.HostConfig deployDirectory
INFO: Deploying web application directory F:\DEVELOPMENT\OTHER-PROJECTS\training-repo\shield_training\apache-tomcat-7.0.56\webapps\manager
Oct 07, 2015 3:15:26 PM org.apache.catalina.startup.HostConfig deployDirectory
INFO: Deployment of web application directory F:\DEVELOPMENT\OTHER-PROJECTS\training-repo\shield_training\apache-tomcat-7.0.56\webapps\manager has finished in 108 ms
Oct 07, 2015 3:15:26 PM org.apache.catalina.startup.HostConfig deployDirectory
INFO: Deploying web application directory F:\DEVELOPMENT\OTHER-PROJECTS\training-repo\shield_training\apache-tomcat-7.0.56\webapps\ROOT
Oct 07, 2015 3:15:26 PM org.apache.catalina.startup.HostConfig deployDirectory
INFO: Deployment of web application directory F:\DEVELOPMENT\OTHER-PROJECTS\training-repo\shield_training\apache-tomcat-7.0.56\webapps\ROOT has finished in 91 ms
Oct 07, 2015 3:15:26 PM org.apache.catalina.startup.HostConfig deployDirectory
INFO: Deploying web application directory F:\DEVELOPMENT\OTHER-PROJECTS\training-repo\shield_training\apache-tomcat-7.0.56\webapps\training-app
Oct 07, 2015 3:15:27 PM org.apache.catalina.startup.HostConfig deployDirectory
INFO: Deployment of web application directory F:\DEVELOPMENT\OTHER-PROJECTS\training-repo\shield_training\apache-tomcat-7.0.56\webapps\training-app has finished in 116 ms
Oct 07, 2015 3:15:27 PM org.apache.catalina.startup.Catalina start
INFO: Server startup in 1945 ms
Oct 07, 2015 3:15:27 PM org.apache.catalina.core.StandardServer await
SEVERE: StandardServer.await: create[localhost:8005]: 
java.net.BindException: Address already in use: JVM_Bind
	at java.net.DualStackPlainSocketImpl.bind0(Native Method)
	at java.net.DualStackPlainSocketImpl.socketBind(DualStackPlainSocketImpl.java:106)
	at java.net.AbstractPlainSocketImpl.bind(AbstractPlainSocketImpl.java:376)
	at java.net.PlainSocketImpl.bind(PlainSocketImpl.java:190)
	at java.net.ServerSocket.bind(ServerSocket.java:376)
	at java.net.ServerSocket.<init>(ServerSocket.java:237)
	at org.apache.catalina.core.StandardServer.await(StandardServer.java:427)
	at org.apache.catalina.startup.Catalina.await(Catalina.java:777)
	at org.apache.catalina.startup.Catalina.start(Catalina.java:723)
	at sun.reflect.NativeMethodAccessorImpl.invoke0(Native Method)
	at sun.reflect.NativeMethodAccessorImpl.invoke(NativeMethodAccessorImpl.java:57)
	at sun.reflect.DelegatingMethodAccessorImpl.invoke(DelegatingMethodAccessorImpl.java:43)
	at java.lang.reflect.Method.invoke(Method.java:606)
	at org.apache.catalina.startup.Bootstrap.start(Bootstrap.java:321)
	at org.apache.catalina.startup.Bootstrap.main(Bootstrap.java:455)

Oct 07, 2015 3:15:27 PM org.apache.coyote.AbstractProtocol pause
INFO: Pausing ProtocolHandler ["http-apr-8080"]
Oct 07, 2015 3:15:27 PM org.apache.coyote.AbstractProtocol pause
INFO: Pausing ProtocolHandler ["ajp-apr-8009"]
Oct 07, 2015 3:15:27 PM org.apache.catalina.core.StandardService stopInternal
INFO: Stopping service Catalina
Oct 07, 2015 3:15:27 PM org.apache.coyote.AbstractProtocol stop
INFO: Stopping ProtocolHandler ["http-apr-8080"]
Oct 07, 2015 3:15:27 PM org.apache.coyote.AbstractProtocol destroy
INFO: Destroying ProtocolHandler ["http-apr-8080"]
Oct 07, 2015 3:15:27 PM org.apache.coyote.AbstractProtocol stop
INFO: Stopping ProtocolHandler ["ajp-apr-8009"]
Oct 07, 2015 3:15:27 PM org.apache.coyote.AbstractProtocol destroy
INFO: Destroying ProtocolHandler ["ajp-apr-8009"]
