Apr 13, 2016 12:16:30 AM org.apache.catalina.core.AprLifecycleListener init
INFO: Loaded APR based Apache Tomcat Native library 1.1.31 using APR version 1.4.8.
Apr 13, 2016 12:16:30 AM org.apache.catalina.core.AprLifecycleListener init
INFO: APR capabilities: IPv6 [true], sendfile [true], accept filters [false], random [true].
Apr 13, 2016 12:16:31 AM org.apache.catalina.core.AprLifecycleListener initializeSSL
INFO: OpenSSL successfully initialized (OpenSSL 1.0.1h 5 Jun 2014)
Apr 13, 2016 12:16:31 AM org.apache.coyote.AbstractProtocol init
INFO: Initializing ProtocolHandler ["http-apr-8080"]
Apr 13, 2016 12:16:31 AM org.apache.coyote.AbstractProtocol init
INFO: Initializing ProtocolHandler ["ajp-apr-8009"]
Apr 13, 2016 12:16:31 AM org.apache.catalina.startup.Catalina load
INFO: Initialization processed in 2755 ms
Apr 13, 2016 12:16:31 AM org.apache.catalina.core.StandardService startInternal
INFO: Starting service Catalina
Apr 13, 2016 12:16:31 AM org.apache.catalina.core.StandardEngine startInternal
INFO: Starting Servlet Engine: Apache Tomcat/7.0.56
Apr 13, 2016 12:16:31 AM org.apache.catalina.startup.HostConfig deployWAR
INFO: Deploying web application archive F:\DEVELOPMENT\OTHER-PROJECTS\training-repo\shield_training\apache-tomcat-7.0.56(64bit)\webapps\training-server.war
Apr 13, 2016 12:16:36 AM org.apache.catalina.startup.HostConfig deployWAR
INFO: Deployment of web application archive F:\DEVELOPMENT\OTHER-PROJECTS\training-repo\shield_training\apache-tomcat-7.0.56(64bit)\webapps\training-server.war has finished in 5,051 ms
Apr 13, 2016 12:16:36 AM org.apache.catalina.startup.HostConfig deployDirectory
INFO: Deploying web application directory F:\DEVELOPMENT\OTHER-PROJECTS\training-repo\shield_training\apache-tomcat-7.0.56(64bit)\webapps\host-manager
Apr 13, 2016 12:16:36 AM org.apache.catalina.startup.HostConfig deployDirectory
INFO: Deployment of web application directory F:\DEVELOPMENT\OTHER-PROJECTS\training-repo\shield_training\apache-tomcat-7.0.56(64bit)\webapps\host-manager has finished in 96 ms
Apr 13, 2016 12:16:36 AM org.apache.catalina.startup.HostConfig deployDirectory
INFO: Deploying web application directory F:\DEVELOPMENT\OTHER-PROJECTS\training-repo\shield_training\apache-tomcat-7.0.56(64bit)\webapps\manager
Apr 13, 2016 12:16:36 AM org.apache.catalina.startup.HostConfig deployDirectory
INFO: Deployment of web application directory F:\DEVELOPMENT\OTHER-PROJECTS\training-repo\shield_training\apache-tomcat-7.0.56(64bit)\webapps\manager has finished in 88 ms
Apr 13, 2016 12:16:36 AM org.apache.catalina.startup.HostConfig deployDirectory
INFO: Deploying web application directory F:\DEVELOPMENT\OTHER-PROJECTS\training-repo\shield_training\apache-tomcat-7.0.56(64bit)\webapps\ROOT
Apr 13, 2016 12:16:36 AM org.apache.catalina.startup.HostConfig deployDirectory
INFO: Deployment of web application directory F:\DEVELOPMENT\OTHER-PROJECTS\training-repo\shield_training\apache-tomcat-7.0.56(64bit)\webapps\ROOT has finished in 74 ms
Apr 13, 2016 12:16:36 AM org.apache.catalina.startup.HostConfig deployDirectory
INFO: Deploying web application directory F:\DEVELOPMENT\OTHER-PROJECTS\training-repo\shield_training\apache-tomcat-7.0.56(64bit)\webapps\training-app
Apr 13, 2016 12:16:36 AM org.apache.catalina.startup.HostConfig deployDirectory
INFO: Deployment of web application directory F:\DEVELOPMENT\OTHER-PROJECTS\training-repo\shield_training\apache-tomcat-7.0.56(64bit)\webapps\training-app has finished in 62 ms
Apr 13, 2016 12:16:36 AM org.apache.coyote.AbstractProtocol start
INFO: Starting ProtocolHandler ["http-apr-8080"]
Apr 13, 2016 12:16:36 AM org.apache.coyote.AbstractProtocol start
INFO: Starting ProtocolHandler ["ajp-apr-8009"]
Apr 13, 2016 12:16:36 AM org.apache.catalina.startup.Catalina start
INFO: Server startup in 5512 ms
Apr 13, 2016 12:38:02 AM org.apache.coyote.AbstractProtocol pause
INFO: Pausing ProtocolHandler ["http-apr-8080"]
Apr 13, 2016 12:38:02 AM org.apache.coyote.AbstractProtocol pause
INFO: Pausing ProtocolHandler ["ajp-apr-8009"]
Apr 13, 2016 12:38:02 AM org.apache.catalina.core.StandardService stopInternal
INFO: Stopping service Catalina
Apr 13, 2016 12:38:02 AM org.apache.coyote.AbstractProtocol stop
INFO: Stopping ProtocolHandler ["http-apr-8080"]
Apr 13, 2016 12:38:02 AM org.apache.coyote.AbstractProtocol stop
INFO: Stopping ProtocolHandler ["ajp-apr-8009"]
Apr 13, 2016 12:38:02 AM org.apache.coyote.AbstractProtocol destroy
INFO: Destroying ProtocolHandler ["http-apr-8080"]
Apr 13, 2016 12:38:02 AM org.apache.coyote.AbstractProtocol destroy
INFO: Destroying ProtocolHandler ["ajp-apr-8009"]
