Iun 25, 2015 3:05:37 PM org.apache.coyote.AbstractProtocol pause
INFO: Pausing ProtocolHandler ["http-apr-8080"]
Iun 25, 2015 3:05:38 PM org.apache.coyote.AbstractProtocol pause
INFO: Pausing ProtocolHandler ["ajp-apr-8009"]
Iun 25, 2015 3:05:38 PM org.apache.catalina.core.StandardService stopInternal
INFO: Stopping service Catalina
Iun 25, 2015 3:05:41 PM org.apache.catalina.loader.WebappClassLoader clearReferencesJdbc
SEVERE: The web application [/Server] registered the JDBC driver [org.postgresql.Driver] but failed to unregister it when the web application was stopped. To prevent a memory leak, the JDBC Driver has been forcibly unregistered.
Iun 25, 2015 3:05:42 PM org.apache.coyote.AbstractProtocol stop
INFO: Stopping ProtocolHandler ["http-apr-8080"]
Iun 25, 2015 3:05:42 PM org.apache.coyote.AbstractProtocol stop
INFO: Stopping ProtocolHandler ["ajp-apr-8009"]
Iun 25, 2015 3:05:42 PM org.apache.coyote.AbstractProtocol destroy
INFO: Destroying ProtocolHandler ["http-apr-8080"]
Iun 25, 2015 3:05:42 PM org.apache.coyote.AbstractProtocol destroy
INFO: Destroying ProtocolHandler ["ajp-apr-8009"]
Iun 25, 2015 3:06:02 PM org.apache.catalina.core.AprLifecycleListener init
INFO: Loaded APR based Apache Tomcat Native library 1.1.31 using APR version 1.4.8.
Iun 25, 2015 3:06:02 PM org.apache.catalina.core.AprLifecycleListener init
INFO: APR capabilities: IPv6 [true], sendfile [true], accept filters [false], random [true].
Iun 25, 2015 3:06:04 PM org.apache.catalina.core.AprLifecycleListener initializeSSL
INFO: OpenSSL successfully initialized (OpenSSL 1.0.1h 5 Jun 2014)
Iun 25, 2015 3:06:04 PM org.apache.coyote.AbstractProtocol init
INFO: Initializing ProtocolHandler ["http-apr-8080"]
Iun 25, 2015 3:06:04 PM org.apache.coyote.AbstractProtocol init
INFO: Initializing ProtocolHandler ["ajp-apr-8009"]
Iun 25, 2015 3:06:04 PM org.apache.catalina.startup.Catalina load
INFO: Initialization processed in 3337 ms
Iun 25, 2015 3:06:05 PM org.apache.catalina.core.StandardService startInternal
INFO: Starting service Catalina
Iun 25, 2015 3:06:05 PM org.apache.catalina.core.StandardEngine startInternal
INFO: Starting Servlet Engine: Apache Tomcat/7.0.56
Iun 25, 2015 3:06:05 PM org.apache.catalina.startup.HostConfig deployWAR
INFO: Deploying web application archive F:\development tools\apache-tomcat-7.0.56\webapps\Server.war
Iun 25, 2015 3:06:18 PM org.apache.catalina.startup.HostConfig deployWAR
INFO: Deployment of web application archive F:\development tools\apache-tomcat-7.0.56\webapps\Server.war has finished in 13,796 ms
Iun 25, 2015 3:06:18 PM org.apache.catalina.startup.HostConfig deployDirectory
INFO: Deploying web application directory F:\development tools\apache-tomcat-7.0.56\webapps\docs
Iun 25, 2015 3:06:19 PM org.apache.catalina.startup.HostConfig deployDirectory
INFO: Deployment of web application directory F:\development tools\apache-tomcat-7.0.56\webapps\docs has finished in 87 ms
Iun 25, 2015 3:06:19 PM org.apache.catalina.startup.HostConfig deployDirectory
INFO: Deploying web application directory F:\development tools\apache-tomcat-7.0.56\webapps\examples
Iun 25, 2015 3:06:19 PM org.apache.catalina.startup.HostConfig deployDirectory
INFO: Deployment of web application directory F:\development tools\apache-tomcat-7.0.56\webapps\examples has finished in 557 ms
Iun 25, 2015 3:06:19 PM org.apache.catalina.startup.HostConfig deployDirectory
INFO: Deploying web application directory F:\development tools\apache-tomcat-7.0.56\webapps\host-manager
Iun 25, 2015 3:06:19 PM org.apache.catalina.startup.HostConfig deployDirectory
INFO: Deployment of web application directory F:\development tools\apache-tomcat-7.0.56\webapps\host-manager has finished in 86 ms
Iun 25, 2015 3:06:19 PM org.apache.catalina.startup.HostConfig deployDirectory
INFO: Deploying web application directory F:\development tools\apache-tomcat-7.0.56\webapps\licenta
Iun 25, 2015 3:06:19 PM org.apache.catalina.startup.HostConfig deployDirectory
INFO: Deployment of web application directory F:\development tools\apache-tomcat-7.0.56\webapps\licenta has finished in 56 ms
Iun 25, 2015 3:06:19 PM org.apache.catalina.startup.HostConfig deployDirectory
INFO: Deploying web application directory F:\development tools\apache-tomcat-7.0.56\webapps\manager
Iun 25, 2015 3:06:19 PM org.apache.catalina.startup.HostConfig deployDirectory
INFO: Deployment of web application directory F:\development tools\apache-tomcat-7.0.56\webapps\manager has finished in 64 ms
Iun 25, 2015 3:06:19 PM org.apache.catalina.startup.HostConfig deployDirectory
INFO: Deploying web application directory F:\development tools\apache-tomcat-7.0.56\webapps\ROOT
Iun 25, 2015 3:06:19 PM org.apache.catalina.startup.HostConfig deployDirectory
INFO: Deployment of web application directory F:\development tools\apache-tomcat-7.0.56\webapps\ROOT has finished in 46 ms
Iun 25, 2015 3:06:19 PM org.apache.coyote.AbstractProtocol start
INFO: Starting ProtocolHandler ["http-apr-8080"]
Iun 25, 2015 3:06:19 PM org.apache.coyote.AbstractProtocol start
INFO: Starting ProtocolHandler ["ajp-apr-8009"]
Iun 25, 2015 3:06:19 PM org.apache.catalina.startup.Catalina start
INFO: Server startup in 15004 ms
Iun 25, 2015 11:21:40 PM org.apache.catalina.core.AprLifecycleListener init
INFO: Loaded APR based Apache Tomcat Native library 1.1.31 using APR version 1.4.8.
Iun 25, 2015 11:21:40 PM org.apache.catalina.core.AprLifecycleListener init
INFO: APR capabilities: IPv6 [true], sendfile [true], accept filters [false], random [true].
Iun 25, 2015 11:21:43 PM org.apache.catalina.core.AprLifecycleListener initializeSSL
INFO: OpenSSL successfully initialized (OpenSSL 1.0.1h 5 Jun 2014)
Iun 25, 2015 11:21:47 PM org.apache.coyote.AbstractProtocol init
INFO: Initializing ProtocolHandler ["http-apr-8080"]
Iun 25, 2015 11:21:47 PM org.apache.coyote.AbstractProtocol init
INFO: Initializing ProtocolHandler ["ajp-apr-8009"]
Iun 25, 2015 11:21:47 PM org.apache.catalina.startup.Catalina load
INFO: Initialization processed in 23040 ms
Iun 25, 2015 11:21:47 PM org.apache.catalina.core.StandardService startInternal
INFO: Starting service Catalina
Iun 25, 2015 11:21:47 PM org.apache.catalina.core.StandardEngine startInternal
INFO: Starting Servlet Engine: Apache Tomcat/7.0.56
Iun 25, 2015 11:21:48 PM org.apache.catalina.startup.HostConfig deployWAR
INFO: Deploying web application archive F:\development tools\apache-tomcat-7.0.56\webapps\Server.war
Iun 25, 2015 11:22:27 PM org.apache.catalina.startup.HostConfig deployWAR
INFO: Deployment of web application archive F:\development tools\apache-tomcat-7.0.56\webapps\Server.war has finished in 39,847 ms
Iun 25, 2015 11:22:27 PM org.apache.catalina.startup.HostConfig deployDirectory
INFO: Deploying web application directory F:\development tools\apache-tomcat-7.0.56\webapps\docs
Iun 25, 2015 11:22:28 PM org.apache.catalina.startup.HostConfig deployDirectory
INFO: Deployment of web application directory F:\development tools\apache-tomcat-7.0.56\webapps\docs has finished in 125 ms
Iun 25, 2015 11:22:28 PM org.apache.catalina.startup.HostConfig deployDirectory
INFO: Deploying web application directory F:\development tools\apache-tomcat-7.0.56\webapps\examples
Iun 25, 2015 11:22:31 PM org.apache.catalina.startup.HostConfig deployDirectory
INFO: Deployment of web application directory F:\development tools\apache-tomcat-7.0.56\webapps\examples has finished in 2,941 ms
Iun 25, 2015 11:22:31 PM org.apache.catalina.startup.HostConfig deployDirectory
INFO: Deploying web application directory F:\development tools\apache-tomcat-7.0.56\webapps\host-manager
Iun 25, 2015 11:22:31 PM org.apache.catalina.startup.HostConfig deployDirectory
INFO: Deployment of web application directory F:\development tools\apache-tomcat-7.0.56\webapps\host-manager has finished in 187 ms
Iun 25, 2015 11:22:31 PM org.apache.catalina.startup.HostConfig deployDirectory
INFO: Deploying web application directory F:\development tools\apache-tomcat-7.0.56\webapps\licenta
Iun 25, 2015 11:22:31 PM org.apache.catalina.startup.HostConfig deployDirectory
INFO: Deployment of web application directory F:\development tools\apache-tomcat-7.0.56\webapps\licenta has finished in 47 ms
Iun 25, 2015 11:22:31 PM org.apache.catalina.startup.HostConfig deployDirectory
INFO: Deploying web application directory F:\development tools\apache-tomcat-7.0.56\webapps\manager
Iun 25, 2015 11:22:31 PM org.apache.catalina.startup.HostConfig deployDirectory
INFO: Deployment of web application directory F:\development tools\apache-tomcat-7.0.56\webapps\manager has finished in 78 ms
Iun 25, 2015 11:22:31 PM org.apache.catalina.startup.HostConfig deployDirectory
INFO: Deploying web application directory F:\development tools\apache-tomcat-7.0.56\webapps\ROOT
Iun 25, 2015 11:22:31 PM org.apache.catalina.startup.HostConfig deployDirectory
INFO: Deployment of web application directory F:\development tools\apache-tomcat-7.0.56\webapps\ROOT has finished in 78 ms
Iun 25, 2015 11:22:31 PM org.apache.coyote.AbstractProtocol start
INFO: Starting ProtocolHandler ["http-apr-8080"]
Iun 25, 2015 11:22:31 PM org.apache.coyote.AbstractProtocol start
INFO: Starting ProtocolHandler ["ajp-apr-8009"]
Iun 25, 2015 11:22:31 PM org.apache.catalina.startup.Catalina start
INFO: Server startup in 44002 ms
