Apr 12, 2016 10:14:08 PM org.apache.catalina.core.AprLifecycleListener init
INFO: Loaded APR based Apache Tomcat Native library 1.1.31 using APR version 1.4.8.
Apr 12, 2016 10:14:08 PM org.apache.catalina.core.AprLifecycleListener init
INFO: APR capabilities: IPv6 [true], sendfile [true], accept filters [false], random [true].
Apr 12, 2016 10:14:09 PM org.apache.catalina.core.AprLifecycleListener initializeSSL
INFO: OpenSSL successfully initialized (OpenSSL 1.0.1h 5 Jun 2014)
Apr 12, 2016 10:14:11 PM org.apache.coyote.AbstractProtocol init
INFO: Initializing ProtocolHandler ["http-apr-8080"]
Apr 12, 2016 10:14:11 PM org.apache.coyote.AbstractProtocol init
INFO: Initializing ProtocolHandler ["ajp-apr-8009"]
Apr 12, 2016 10:14:11 PM org.apache.catalina.startup.Catalina load
INFO: Initialization processed in 3225 ms
Apr 12, 2016 10:14:11 PM org.apache.catalina.core.StandardService startInternal
INFO: Starting service Catalina
Apr 12, 2016 10:14:11 PM org.apache.catalina.core.StandardEngine startInternal
INFO: Starting Servlet Engine: Apache Tomcat/7.0.56
Apr 12, 2016 10:14:11 PM org.apache.catalina.startup.HostConfig deployDirectory
INFO: Deploying web application directory F:\DEVELOPMENT\OTHER-PROJECTS\training-repo\shield_training\apache-tomcat-7.0.56(64bit)\webapps\host-manager
Apr 12, 2016 10:14:12 PM org.apache.catalina.util.SessionIdGenerator createSecureRandom
INFO: Creation of SecureRandom instance for session ID generation using [SHA1PRNG] took [157] milliseconds.
Apr 12, 2016 10:14:12 PM org.apache.catalina.startup.HostConfig deployDirectory
INFO: Deployment of web application directory F:\DEVELOPMENT\OTHER-PROJECTS\training-repo\shield_training\apache-tomcat-7.0.56(64bit)\webapps\host-manager has finished in 1,142 ms
Apr 12, 2016 10:14:12 PM org.apache.catalina.startup.HostConfig deployDirectory
INFO: Deploying web application directory F:\DEVELOPMENT\OTHER-PROJECTS\training-repo\shield_training\apache-tomcat-7.0.56(64bit)\webapps\manager
Apr 12, 2016 10:14:12 PM org.apache.catalina.startup.HostConfig deployDirectory
INFO: Deployment of web application directory F:\DEVELOPMENT\OTHER-PROJECTS\training-repo\shield_training\apache-tomcat-7.0.56(64bit)\webapps\manager has finished in 95 ms
Apr 12, 2016 10:14:12 PM org.apache.catalina.startup.HostConfig deployDirectory
INFO: Deploying web application directory F:\DEVELOPMENT\OTHER-PROJECTS\training-repo\shield_training\apache-tomcat-7.0.56(64bit)\webapps\ROOT
Apr 12, 2016 10:14:12 PM org.apache.catalina.startup.HostConfig deployDirectory
INFO: Deployment of web application directory F:\DEVELOPMENT\OTHER-PROJECTS\training-repo\shield_training\apache-tomcat-7.0.56(64bit)\webapps\ROOT has finished in 106 ms
Apr 12, 2016 10:14:12 PM org.apache.catalina.startup.HostConfig deployDirectory
INFO: Deploying web application directory F:\DEVELOPMENT\OTHER-PROJECTS\training-repo\shield_training\apache-tomcat-7.0.56(64bit)\webapps\training-app
Apr 12, 2016 10:14:12 PM org.apache.catalina.startup.HostConfig deployDirectory
INFO: Deployment of web application directory F:\DEVELOPMENT\OTHER-PROJECTS\training-repo\shield_training\apache-tomcat-7.0.56(64bit)\webapps\training-app has finished in 165 ms
Apr 12, 2016 10:14:12 PM org.apache.coyote.AbstractProtocol start
INFO: Starting ProtocolHandler ["http-apr-8080"]
Apr 12, 2016 10:14:12 PM org.apache.coyote.AbstractProtocol start
INFO: Starting ProtocolHandler ["ajp-apr-8009"]
Apr 12, 2016 10:14:12 PM org.apache.catalina.startup.Catalina start
INFO: Server startup in 1704 ms
Apr 12, 2016 10:31:59 PM org.apache.coyote.AbstractProtocol pause
INFO: Pausing ProtocolHandler ["http-apr-8080"]
Apr 12, 2016 10:31:59 PM org.apache.coyote.AbstractProtocol pause
INFO: Pausing ProtocolHandler ["ajp-apr-8009"]
Apr 12, 2016 10:31:59 PM org.apache.catalina.core.StandardService stopInternal
INFO: Stopping service Catalina
Apr 12, 2016 10:31:59 PM org.apache.coyote.AbstractProtocol stop
INFO: Stopping ProtocolHandler ["http-apr-8080"]
Apr 12, 2016 10:31:59 PM org.apache.coyote.AbstractProtocol stop
INFO: Stopping ProtocolHandler ["ajp-apr-8009"]
Apr 12, 2016 10:31:59 PM org.apache.coyote.AbstractProtocol destroy
INFO: Destroying ProtocolHandler ["http-apr-8080"]
Apr 12, 2016 10:31:59 PM org.apache.coyote.AbstractProtocol destroy
INFO: Destroying ProtocolHandler ["ajp-apr-8009"]
