Iun 23, 2015 10:30:36 PM org.apache.catalina.core.AprLifecycleListener init
INFO: Loaded APR based Apache Tomcat Native library 1.1.31 using APR version 1.4.8.
Iun 23, 2015 10:30:36 PM org.apache.catalina.core.AprLifecycleListener init
INFO: APR capabilities: IPv6 [true], sendfile [true], accept filters [false], random [true].
Iun 23, 2015 10:30:37 PM org.apache.catalina.core.AprLifecycleListener initializeSSL
INFO: OpenSSL successfully initialized (OpenSSL 1.0.1h 5 Jun 2014)
Iun 23, 2015 10:30:38 PM org.apache.coyote.AbstractProtocol init
INFO: Initializing ProtocolHandler ["http-apr-8080"]
Iun 23, 2015 10:30:38 PM org.apache.coyote.AbstractProtocol init
INFO: Initializing ProtocolHandler ["ajp-apr-8009"]
Iun 23, 2015 10:30:38 PM org.apache.catalina.startup.Catalina load
INFO: Initialization processed in 3378 ms
Iun 23, 2015 10:30:38 PM org.apache.catalina.core.StandardService startInternal
INFO: Starting service Catalina
Iun 23, 2015 10:30:38 PM org.apache.catalina.core.StandardEngine startInternal
INFO: Starting Servlet Engine: Apache Tomcat/7.0.56
Iun 23, 2015 10:30:38 PM org.apache.catalina.startup.HostConfig deployDirectory
INFO: Deploying web application directory F:\development tools\apache-tomcat-7.0.56\webapps\docs
Iun 23, 2015 10:30:39 PM org.apache.catalina.util.SessionIdGenerator createSecureRandom
INFO: Creation of SecureRandom instance for session ID generation using [SHA1PRNG] took [195] milliseconds.
Iun 23, 2015 10:30:39 PM org.apache.catalina.startup.HostConfig deployDirectory
INFO: Deployment of web application directory F:\development tools\apache-tomcat-7.0.56\webapps\docs has finished in 1,227 ms
Iun 23, 2015 10:30:39 PM org.apache.catalina.startup.HostConfig deployDirectory
INFO: Deploying web application directory F:\development tools\apache-tomcat-7.0.56\webapps\examples
Iun 23, 2015 10:30:43 PM org.apache.catalina.startup.HostConfig deployDirectory
INFO: Deployment of web application directory F:\development tools\apache-tomcat-7.0.56\webapps\examples has finished in 3,734 ms
Iun 23, 2015 10:30:43 PM org.apache.catalina.startup.HostConfig deployDirectory
INFO: Deploying web application directory F:\development tools\apache-tomcat-7.0.56\webapps\host-manager
Iun 23, 2015 10:30:43 PM org.apache.catalina.startup.HostConfig deployDirectory
INFO: Deployment of web application directory F:\development tools\apache-tomcat-7.0.56\webapps\host-manager has finished in 171 ms
Iun 23, 2015 10:30:43 PM org.apache.catalina.startup.HostConfig deployDirectory
INFO: Deploying web application directory F:\development tools\apache-tomcat-7.0.56\webapps\manager
Iun 23, 2015 10:30:43 PM org.apache.catalina.startup.HostConfig deployDirectory
INFO: Deployment of web application directory F:\development tools\apache-tomcat-7.0.56\webapps\manager has finished in 149 ms
Iun 23, 2015 10:30:43 PM org.apache.catalina.startup.HostConfig deployDirectory
INFO: Deploying web application directory F:\development tools\apache-tomcat-7.0.56\webapps\ROOT
Iun 23, 2015 10:30:43 PM org.apache.catalina.startup.HostConfig deployDirectory
INFO: Deployment of web application directory F:\development tools\apache-tomcat-7.0.56\webapps\ROOT has finished in 89 ms
Iun 23, 2015 10:30:43 PM org.apache.coyote.AbstractProtocol start
INFO: Starting ProtocolHandler ["http-apr-8080"]
Iun 23, 2015 10:30:43 PM org.apache.coyote.AbstractProtocol start
INFO: Starting ProtocolHandler ["ajp-apr-8009"]
Iun 23, 2015 10:30:43 PM org.apache.catalina.startup.Catalina start
INFO: Server startup in 5523 ms
Iun 23, 2015 10:34:11 PM org.apache.coyote.AbstractProtocol pause
INFO: Pausing ProtocolHandler ["http-apr-8080"]
Iun 23, 2015 10:34:12 PM org.apache.coyote.AbstractProtocol pause
INFO: Pausing ProtocolHandler ["ajp-apr-8009"]
Iun 23, 2015 10:34:12 PM org.apache.catalina.core.StandardService stopInternal
INFO: Stopping service Catalina
Iun 23, 2015 10:34:12 PM org.apache.coyote.AbstractProtocol stop
INFO: Stopping ProtocolHandler ["http-apr-8080"]
Iun 23, 2015 10:34:12 PM org.apache.coyote.AbstractProtocol stop
INFO: Stopping ProtocolHandler ["ajp-apr-8009"]
Iun 23, 2015 10:34:12 PM org.apache.coyote.AbstractProtocol destroy
INFO: Destroying ProtocolHandler ["http-apr-8080"]
Iun 23, 2015 10:34:12 PM org.apache.coyote.AbstractProtocol destroy
INFO: Destroying ProtocolHandler ["ajp-apr-8009"]
Iun 23, 2015 10:34:14 PM org.apache.catalina.core.AprLifecycleListener init
INFO: Loaded APR based Apache Tomcat Native library 1.1.31 using APR version 1.4.8.
Iun 23, 2015 10:34:14 PM org.apache.catalina.core.AprLifecycleListener init
INFO: APR capabilities: IPv6 [true], sendfile [true], accept filters [false], random [true].
Iun 23, 2015 10:34:15 PM org.apache.catalina.core.AprLifecycleListener initializeSSL
INFO: OpenSSL successfully initialized (OpenSSL 1.0.1h 5 Jun 2014)
Iun 23, 2015 10:34:15 PM org.apache.coyote.AbstractProtocol init
INFO: Initializing ProtocolHandler ["http-apr-8080"]
Iun 23, 2015 10:34:15 PM org.apache.coyote.AbstractProtocol init
INFO: Initializing ProtocolHandler ["ajp-apr-8009"]
Iun 23, 2015 10:34:15 PM org.apache.catalina.startup.Catalina load
INFO: Initialization processed in 1583 ms
Iun 23, 2015 10:34:16 PM org.apache.catalina.core.StandardService startInternal
INFO: Starting service Catalina
Iun 23, 2015 10:34:16 PM org.apache.catalina.core.StandardEngine startInternal
INFO: Starting Servlet Engine: Apache Tomcat/7.0.56
Iun 23, 2015 10:34:16 PM org.apache.catalina.startup.HostConfig deployDirectory
INFO: Deploying web application directory F:\development tools\apache-tomcat-7.0.56\webapps\docs
Iun 23, 2015 10:34:16 PM org.apache.catalina.util.SessionIdGenerator createSecureRandom
INFO: Creation of SecureRandom instance for session ID generation using [SHA1PRNG] took [110] milliseconds.
Iun 23, 2015 10:34:16 PM org.apache.catalina.startup.HostConfig deployDirectory
INFO: Deployment of web application directory F:\development tools\apache-tomcat-7.0.56\webapps\docs has finished in 775 ms
Iun 23, 2015 10:34:16 PM org.apache.catalina.startup.HostConfig deployDirectory
INFO: Deploying web application directory F:\development tools\apache-tomcat-7.0.56\webapps\examples
Iun 23, 2015 10:34:17 PM org.apache.catalina.startup.HostConfig deployDirectory
INFO: Deployment of web application directory F:\development tools\apache-tomcat-7.0.56\webapps\examples has finished in 520 ms
Iun 23, 2015 10:34:17 PM org.apache.catalina.startup.HostConfig deployDirectory
INFO: Deploying web application directory F:\development tools\apache-tomcat-7.0.56\webapps\host-manager
Iun 23, 2015 10:34:17 PM org.apache.catalina.startup.HostConfig deployDirectory
INFO: Deployment of web application directory F:\development tools\apache-tomcat-7.0.56\webapps\host-manager has finished in 84 ms
Iun 23, 2015 10:34:17 PM org.apache.catalina.startup.HostConfig deployDirectory
INFO: Deploying web application directory F:\development tools\apache-tomcat-7.0.56\webapps\manager
Iun 23, 2015 10:34:17 PM org.apache.catalina.startup.HostConfig deployDirectory
INFO: Deployment of web application directory F:\development tools\apache-tomcat-7.0.56\webapps\manager has finished in 121 ms
Iun 23, 2015 10:34:17 PM org.apache.catalina.startup.HostConfig deployDirectory
INFO: Deploying web application directory F:\development tools\apache-tomcat-7.0.56\webapps\ROOT
Iun 23, 2015 10:34:17 PM org.apache.catalina.startup.HostConfig deployDirectory
INFO: Deployment of web application directory F:\development tools\apache-tomcat-7.0.56\webapps\ROOT has finished in 116 ms
Iun 23, 2015 10:34:17 PM org.apache.coyote.AbstractProtocol start
INFO: Starting ProtocolHandler ["http-apr-8080"]
Iun 23, 2015 10:34:17 PM org.apache.coyote.AbstractProtocol start
INFO: Starting ProtocolHandler ["ajp-apr-8009"]
Iun 23, 2015 10:34:17 PM org.apache.catalina.startup.Catalina start
INFO: Server startup in 1712 ms
Iun 23, 2015 10:42:45 PM org.apache.coyote.AbstractProtocol pause
INFO: Pausing ProtocolHandler ["http-apr-8080"]
Iun 23, 2015 10:42:45 PM org.apache.coyote.AbstractProtocol pause
INFO: Pausing ProtocolHandler ["ajp-apr-8009"]
Iun 23, 2015 10:42:45 PM org.apache.catalina.core.StandardService stopInternal
INFO: Stopping service Catalina
Iun 23, 2015 10:42:45 PM org.apache.coyote.AbstractProtocol stop
INFO: Stopping ProtocolHandler ["http-apr-8080"]
Iun 23, 2015 10:42:45 PM org.apache.coyote.AbstractProtocol stop
INFO: Stopping ProtocolHandler ["ajp-apr-8009"]
Iun 23, 2015 10:42:45 PM org.apache.coyote.AbstractProtocol destroy
INFO: Destroying ProtocolHandler ["http-apr-8080"]
Iun 23, 2015 10:42:45 PM org.apache.coyote.AbstractProtocol destroy
INFO: Destroying ProtocolHandler ["ajp-apr-8009"]
Iun 23, 2015 10:42:48 PM org.apache.catalina.core.AprLifecycleListener init
INFO: Loaded APR based Apache Tomcat Native library 1.1.31 using APR version 1.4.8.
Iun 23, 2015 10:42:48 PM org.apache.catalina.core.AprLifecycleListener init
INFO: APR capabilities: IPv6 [true], sendfile [true], accept filters [false], random [true].
Iun 23, 2015 10:42:49 PM org.apache.catalina.core.AprLifecycleListener initializeSSL
INFO: OpenSSL successfully initialized (OpenSSL 1.0.1h 5 Jun 2014)
Iun 23, 2015 10:42:49 PM org.apache.coyote.AbstractProtocol init
INFO: Initializing ProtocolHandler ["http-apr-8080"]
Iun 23, 2015 10:42:49 PM org.apache.coyote.AbstractProtocol init
INFO: Initializing ProtocolHandler ["ajp-apr-8009"]
Iun 23, 2015 10:42:49 PM org.apache.catalina.startup.Catalina load
INFO: Initialization processed in 1797 ms
Iun 23, 2015 10:42:49 PM org.apache.catalina.core.StandardService startInternal
INFO: Starting service Catalina
Iun 23, 2015 10:42:49 PM org.apache.catalina.core.StandardEngine startInternal
INFO: Starting Servlet Engine: Apache Tomcat/7.0.56
Iun 23, 2015 10:42:49 PM org.apache.catalina.startup.HostConfig deployDirectory
INFO: Deploying web application directory F:\development tools\apache-tomcat-7.0.56\webapps\docs
Iun 23, 2015 10:42:50 PM org.apache.catalina.util.SessionIdGenerator createSecureRandom
INFO: Creation of SecureRandom instance for session ID generation using [SHA1PRNG] took [111] milliseconds.
Iun 23, 2015 10:42:50 PM org.apache.catalina.startup.HostConfig deployDirectory
INFO: Deployment of web application directory F:\development tools\apache-tomcat-7.0.56\webapps\docs has finished in 712 ms
Iun 23, 2015 10:42:50 PM org.apache.catalina.startup.HostConfig deployDirectory
INFO: Deploying web application directory F:\development tools\apache-tomcat-7.0.56\webapps\examples
Iun 23, 2015 10:42:51 PM org.apache.catalina.startup.HostConfig deployDirectory
INFO: Deployment of web application directory F:\development tools\apache-tomcat-7.0.56\webapps\examples has finished in 634 ms
Iun 23, 2015 10:42:51 PM org.apache.catalina.startup.HostConfig deployDirectory
INFO: Deploying web application directory F:\development tools\apache-tomcat-7.0.56\webapps\host-manager
Iun 23, 2015 10:42:51 PM org.apache.catalina.startup.HostConfig deployDirectory
INFO: Deployment of web application directory F:\development tools\apache-tomcat-7.0.56\webapps\host-manager has finished in 90 ms
Iun 23, 2015 10:42:51 PM org.apache.catalina.startup.HostConfig deployDirectory
INFO: Deploying web application directory F:\development tools\apache-tomcat-7.0.56\webapps\manager
Iun 23, 2015 10:42:51 PM org.apache.catalina.startup.HostConfig deployDirectory
INFO: Deployment of web application directory F:\development tools\apache-tomcat-7.0.56\webapps\manager has finished in 87 ms
Iun 23, 2015 10:42:51 PM org.apache.catalina.startup.HostConfig deployDirectory
INFO: Deploying web application directory F:\development tools\apache-tomcat-7.0.56\webapps\ROOT
Iun 23, 2015 10:42:51 PM org.apache.catalina.startup.HostConfig deployDirectory
INFO: Deployment of web application directory F:\development tools\apache-tomcat-7.0.56\webapps\ROOT has finished in 89 ms
Iun 23, 2015 10:42:51 PM org.apache.coyote.AbstractProtocol start
INFO: Starting ProtocolHandler ["http-apr-8080"]
Iun 23, 2015 10:42:51 PM org.apache.coyote.AbstractProtocol start
INFO: Starting ProtocolHandler ["ajp-apr-8009"]
Iun 23, 2015 10:42:51 PM org.apache.catalina.startup.Catalina start
INFO: Server startup in 1717 ms
Iun 23, 2015 10:43:15 PM org.apache.catalina.startup.HostConfig deployWAR
INFO: Deploying web application archive F:\development tools\apache-tomcat-7.0.56\webapps\Server.war
Iun 23, 2015 10:43:25 PM org.apache.catalina.startup.HostConfig deployWAR
INFO: Deployment of web application archive F:\development tools\apache-tomcat-7.0.56\webapps\Server.war has finished in 10,393 ms
Iun 23, 2015 10:44:07 PM org.apache.catalina.core.StandardContext reload
INFO: Reloading Context with name [/Server] has started
Iun 23, 2015 10:44:07 PM org.apache.catalina.loader.WebappClassLoader clearReferencesJdbc
SEVERE: The web application [/Server] registered the JDBC driver [org.postgresql.Driver] but failed to unregister it when the web application was stopped. To prevent a memory leak, the JDBC Driver has been forcibly unregistered.
Iun 23, 2015 10:44:19 PM org.apache.catalina.core.StandardContext reload
INFO: Reloading Context with name [/Server] is completed
Iun 23, 2015 11:41:51 PM org.apache.catalina.loader.WebappClassLoader clearReferencesJdbc
SEVERE: The web application [/Server] registered the JDBC driver [org.postgresql.Driver] but failed to unregister it when the web application was stopped. To prevent a memory leak, the JDBC Driver has been forcibly unregistered.
Iun 23, 2015 11:41:52 PM org.apache.catalina.startup.HostConfig undeploy
INFO: Undeploying context [/Server]
Iun 23, 2015 11:41:58 PM org.apache.catalina.startup.HostConfig deployWAR
INFO: Deploying web application archive F:\development tools\apache-tomcat-7.0.56\webapps\Server.war
Iun 23, 2015 11:42:06 PM org.apache.catalina.startup.HostConfig deployWAR
INFO: Deployment of web application archive F:\development tools\apache-tomcat-7.0.56\webapps\Server.war has finished in 7,890 ms
Iun 23, 2015 11:53:58 PM org.apache.catalina.loader.WebappClassLoader clearReferencesJdbc
SEVERE: The web application [/Server] registered the JDBC driver [org.postgresql.Driver] but failed to unregister it when the web application was stopped. To prevent a memory leak, the JDBC Driver has been forcibly unregistered.
Iun 23, 2015 11:53:59 PM org.apache.catalina.startup.HostConfig undeploy
INFO: Undeploying context [/Server]
Iun 23, 2015 11:54:11 PM org.apache.catalina.startup.HostConfig deployWAR
INFO: Deploying web application archive F:\development tools\apache-tomcat-7.0.56\webapps\Server.war
Iun 23, 2015 11:54:17 PM org.apache.catalina.startup.HostConfig deployWAR
INFO: Deployment of web application archive F:\development tools\apache-tomcat-7.0.56\webapps\Server.war has finished in 6,539 ms
