Iun 26, 2015 12:12:14 AM org.apache.catalina.core.AprLifecycleListener init
INFO: Loaded APR based Apache Tomcat Native library 1.1.31 using APR version 1.4.8.
Iun 26, 2015 12:12:14 AM org.apache.catalina.core.AprLifecycleListener init
INFO: APR capabilities: IPv6 [true], sendfile [true], accept filters [false], random [true].
Iun 26, 2015 12:12:17 AM org.apache.catalina.core.AprLifecycleListener initializeSSL
INFO: OpenSSL successfully initialized (OpenSSL 1.0.1h 5 Jun 2014)
Iun 26, 2015 12:12:19 AM org.apache.coyote.AbstractProtocol init
INFO: Initializing ProtocolHandler ["http-apr-8080"]
Iun 26, 2015 12:12:19 AM org.apache.coyote.AbstractProtocol init
INFO: Initializing ProtocolHandler ["ajp-apr-8009"]
Iun 26, 2015 12:12:19 AM org.apache.catalina.startup.Catalina load
INFO: Initialization processed in 6962 ms
Iun 26, 2015 12:12:19 AM org.apache.catalina.core.StandardService startInternal
INFO: Starting service Catalina
Iun 26, 2015 12:12:19 AM org.apache.catalina.core.StandardEngine startInternal
INFO: Starting Servlet Engine: Apache Tomcat/7.0.56
Iun 26, 2015 12:12:19 AM org.apache.catalina.startup.HostConfig deployWAR
INFO: Deploying web application archive F:\development tools\apache-tomcat-7.0.56\webapps\Server.war
Iun 26, 2015 12:12:53 AM org.apache.catalina.startup.HostConfig deployWAR
INFO: Deployment of web application archive F:\development tools\apache-tomcat-7.0.56\webapps\Server.war has finished in 33,704 ms
Iun 26, 2015 12:12:53 AM org.apache.catalina.startup.HostConfig deployDirectory
INFO: Deploying web application directory F:\development tools\apache-tomcat-7.0.56\webapps\docs
Iun 26, 2015 12:12:53 AM org.apache.catalina.startup.HostConfig deployDirectory
INFO: Deployment of web application directory F:\development tools\apache-tomcat-7.0.56\webapps\docs has finished in 204 ms
Iun 26, 2015 12:12:53 AM org.apache.catalina.startup.HostConfig deployDirectory
INFO: Deploying web application directory F:\development tools\apache-tomcat-7.0.56\webapps\examples
Iun 26, 2015 12:12:56 AM org.apache.catalina.startup.HostConfig deployDirectory
INFO: Deployment of web application directory F:\development tools\apache-tomcat-7.0.56\webapps\examples has finished in 3,124 ms
Iun 26, 2015 12:12:56 AM org.apache.catalina.startup.HostConfig deployDirectory
INFO: Deploying web application directory F:\development tools\apache-tomcat-7.0.56\webapps\host-manager
Iun 26, 2015 12:12:56 AM org.apache.catalina.startup.HostConfig deployDirectory
INFO: Deployment of web application directory F:\development tools\apache-tomcat-7.0.56\webapps\host-manager has finished in 216 ms
Iun 26, 2015 12:12:56 AM org.apache.catalina.startup.HostConfig deployDirectory
INFO: Deploying web application directory F:\development tools\apache-tomcat-7.0.56\webapps\licenta
Iun 26, 2015 12:12:56 AM org.apache.catalina.startup.HostConfig deployDirectory
INFO: Deployment of web application directory F:\development tools\apache-tomcat-7.0.56\webapps\licenta has finished in 128 ms
Iun 26, 2015 12:12:56 AM org.apache.catalina.startup.HostConfig deployDirectory
INFO: Deploying web application directory F:\development tools\apache-tomcat-7.0.56\webapps\manager
Iun 26, 2015 12:12:57 AM org.apache.catalina.startup.HostConfig deployDirectory
INFO: Deployment of web application directory F:\development tools\apache-tomcat-7.0.56\webapps\manager has finished in 157 ms
Iun 26, 2015 12:12:57 AM org.apache.catalina.startup.HostConfig deployDirectory
INFO: Deploying web application directory F:\development tools\apache-tomcat-7.0.56\webapps\ROOT
Iun 26, 2015 12:12:57 AM org.apache.catalina.startup.HostConfig deployDirectory
INFO: Deployment of web application directory F:\development tools\apache-tomcat-7.0.56\webapps\ROOT has finished in 120 ms
Iun 26, 2015 12:12:57 AM org.apache.coyote.AbstractProtocol start
INFO: Starting ProtocolHandler ["http-apr-8080"]
Iun 26, 2015 12:12:57 AM org.apache.coyote.AbstractProtocol start
INFO: Starting ProtocolHandler ["ajp-apr-8009"]
Iun 26, 2015 12:12:57 AM org.apache.catalina.startup.Catalina start
INFO: Server startup in 38172 ms
Iun 26, 2015 3:46:27 AM org.apache.catalina.loader.WebappClassLoader clearReferencesJdbc
SEVERE: The web application [/Server] registered the JDBC driver [org.postgresql.Driver] but failed to unregister it when the web application was stopped. To prevent a memory leak, the JDBC Driver has been forcibly unregistered.
Iun 26, 2015 3:46:28 AM org.apache.catalina.startup.HostConfig undeploy
INFO: Undeploying context [/Server]
Iun 26, 2015 3:46:34 AM org.apache.catalina.startup.HostConfig deployWAR
INFO: Deploying web application archive F:\development tools\apache-tomcat-7.0.56\webapps\Server.war
Iun 26, 2015 3:46:41 AM org.apache.catalina.startup.HostConfig deployWAR
INFO: Deployment of web application archive F:\development tools\apache-tomcat-7.0.56\webapps\Server.war has finished in 7,182 ms
Iun 26, 2015 8:59:20 PM org.apache.catalina.loader.WebappClassLoader clearReferencesJdbc
SEVERE: The web application [/Server] registered the JDBC driver [org.postgresql.Driver] but failed to unregister it when the web application was stopped. To prevent a memory leak, the JDBC Driver has been forcibly unregistered.
Iun 26, 2015 8:59:22 PM org.apache.catalina.startup.HostConfig undeploy
INFO: Undeploying context [/Server]
Iun 26, 2015 8:59:39 PM org.apache.catalina.startup.HostConfig deployWAR
INFO: Deploying web application archive F:\development tools\apache-tomcat-7.0.56\webapps\Server.war
Iun 26, 2015 9:00:46 PM org.apache.catalina.core.AprLifecycleListener init
INFO: Loaded APR based Apache Tomcat Native library 1.1.31 using APR version 1.4.8.
Iun 26, 2015 9:00:46 PM org.apache.catalina.core.AprLifecycleListener init
INFO: APR capabilities: IPv6 [true], sendfile [true], accept filters [false], random [true].
Iun 26, 2015 9:00:47 PM org.apache.catalina.core.AprLifecycleListener initializeSSL
INFO: OpenSSL successfully initialized (OpenSSL 1.0.1h 5 Jun 2014)
Iun 26, 2015 9:00:48 PM org.apache.coyote.AbstractProtocol init
INFO: Initializing ProtocolHandler ["http-apr-8080"]
Iun 26, 2015 9:00:48 PM org.apache.coyote.AbstractProtocol init
INFO: Initializing ProtocolHandler ["ajp-apr-8009"]
Iun 26, 2015 9:00:48 PM org.apache.catalina.startup.Catalina load
INFO: Initialization processed in 2670 ms
Iun 26, 2015 9:00:48 PM org.apache.catalina.core.StandardService startInternal
INFO: Starting service Catalina
Iun 26, 2015 9:00:48 PM org.apache.catalina.core.StandardEngine startInternal
INFO: Starting Servlet Engine: Apache Tomcat/7.0.56
Iun 26, 2015 9:00:48 PM org.apache.catalina.startup.HostConfig deployWAR
INFO: Deploying web application archive F:\development tools\apache-tomcat-7.0.56\webapps\Server.war
Iun 26, 2015 9:01:13 PM org.apache.catalina.startup.HostConfig deployWAR
INFO: Deployment of web application archive F:\development tools\apache-tomcat-7.0.56\webapps\Server.war has finished in 24,786 ms
Iun 26, 2015 9:01:13 PM org.apache.catalina.startup.HostConfig deployDirectory
INFO: Deploying web application directory F:\development tools\apache-tomcat-7.0.56\webapps\docs
Iun 26, 2015 9:01:13 PM org.apache.catalina.startup.HostConfig deployDirectory
INFO: Deployment of web application directory F:\development tools\apache-tomcat-7.0.56\webapps\docs has finished in 76 ms
Iun 26, 2015 9:01:13 PM org.apache.catalina.startup.HostConfig deployDirectory
INFO: Deploying web application directory F:\development tools\apache-tomcat-7.0.56\webapps\examples
Iun 26, 2015 9:01:14 PM org.apache.catalina.startup.HostConfig deployDirectory
INFO: Deployment of web application directory F:\development tools\apache-tomcat-7.0.56\webapps\examples has finished in 779 ms
Iun 26, 2015 9:01:14 PM org.apache.catalina.startup.HostConfig deployDirectory
INFO: Deploying web application directory F:\development tools\apache-tomcat-7.0.56\webapps\host-manager
Iun 26, 2015 9:01:14 PM org.apache.catalina.startup.HostConfig deployDirectory
INFO: Deployment of web application directory F:\development tools\apache-tomcat-7.0.56\webapps\host-manager has finished in 123 ms
Iun 26, 2015 9:01:14 PM org.apache.catalina.startup.HostConfig deployDirectory
INFO: Deploying web application directory F:\development tools\apache-tomcat-7.0.56\webapps\licenta
Iun 26, 2015 9:01:14 PM org.apache.catalina.startup.HostConfig deployDirectory
INFO: Deployment of web application directory F:\development tools\apache-tomcat-7.0.56\webapps\licenta has finished in 52 ms
Iun 26, 2015 9:01:14 PM org.apache.catalina.startup.HostConfig deployDirectory
INFO: Deploying web application directory F:\development tools\apache-tomcat-7.0.56\webapps\manager
Iun 26, 2015 9:01:14 PM org.apache.catalina.startup.HostConfig deployDirectory
INFO: Deployment of web application directory F:\development tools\apache-tomcat-7.0.56\webapps\manager has finished in 67 ms
Iun 26, 2015 9:01:14 PM org.apache.catalina.startup.HostConfig deployDirectory
INFO: Deploying web application directory F:\development tools\apache-tomcat-7.0.56\webapps\ROOT
Iun 26, 2015 9:01:14 PM org.apache.catalina.startup.HostConfig deployDirectory
INFO: Deployment of web application directory F:\development tools\apache-tomcat-7.0.56\webapps\ROOT has finished in 75 ms
Iun 26, 2015 9:01:14 PM org.apache.coyote.AbstractProtocol start
INFO: Starting ProtocolHandler ["http-apr-8080"]
Iun 26, 2015 9:01:14 PM org.apache.coyote.AbstractProtocol start
INFO: Starting ProtocolHandler ["ajp-apr-8009"]
Iun 26, 2015 9:01:14 PM org.apache.catalina.startup.Catalina start
INFO: Server startup in 26174 ms
Iun 26, 2015 9:01:29 PM org.apache.catalina.loader.WebappClassLoader clearReferencesJdbc
SEVERE: The web application [/Server] registered the JDBC driver [org.postgresql.Driver] but failed to unregister it when the web application was stopped. To prevent a memory leak, the JDBC Driver has been forcibly unregistered.
Iun 26, 2015 9:01:30 PM org.apache.catalina.startup.HostConfig undeploy
INFO: Undeploying context [/Server]
Iun 26, 2015 9:01:34 PM org.apache.catalina.startup.HostConfig undeploy
INFO: Undeploying context [/examples]
Iun 26, 2015 9:01:41 PM org.apache.catalina.startup.HostConfig deployWAR
INFO: Deploying web application archive F:\development tools\apache-tomcat-7.0.56\webapps\Server.war
Iun 26, 2015 9:01:47 PM org.apache.catalina.startup.HostConfig deployWAR
INFO: Deployment of web application archive F:\development tools\apache-tomcat-7.0.56\webapps\Server.war has finished in 6,519 ms
Iun 26, 2015 9:03:45 PM org.apache.catalina.loader.WebappClassLoader clearReferencesJdbc
SEVERE: The web application [/Server] registered the JDBC driver [org.postgresql.Driver] but failed to unregister it when the web application was stopped. To prevent a memory leak, the JDBC Driver has been forcibly unregistered.
Iun 26, 2015 9:03:46 PM org.apache.catalina.startup.HostConfig undeploy
INFO: Undeploying context [/Server]
Iun 26, 2015 9:03:56 PM org.apache.catalina.startup.HostConfig deployWAR
INFO: Deploying web application archive F:\development tools\apache-tomcat-7.0.56\webapps\Server.war
Iun 26, 2015 9:04:04 PM org.apache.catalina.startup.HostConfig deployWAR
INFO: Deployment of web application archive F:\development tools\apache-tomcat-7.0.56\webapps\Server.war has finished in 7,557 ms
Iun 26, 2015 9:06:31 PM org.apache.catalina.loader.WebappClassLoader clearReferencesJdbc
SEVERE: The web application [/Server] registered the JDBC driver [org.postgresql.Driver] but failed to unregister it when the web application was stopped. To prevent a memory leak, the JDBC Driver has been forcibly unregistered.
Iun 26, 2015 9:06:35 PM org.apache.catalina.startup.HostConfig undeploy
INFO: Undeploying context [/Server]
Iun 26, 2015 9:06:35 PM org.apache.catalina.startup.ExpandWar deleteDir
SEVERE: [F:\development tools\apache-tomcat-7.0.56\webapps\Server\WEB-INF\lib] could not be completely deleted. The presence of the remaining files may cause problems
Iun 26, 2015 9:06:35 PM org.apache.catalina.startup.ExpandWar deleteDir
SEVERE: [F:\development tools\apache-tomcat-7.0.56\webapps\Server\WEB-INF] could not be completely deleted. The presence of the remaining files may cause problems
Iun 26, 2015 9:06:35 PM org.apache.catalina.startup.ExpandWar deleteDir
SEVERE: [F:\development tools\apache-tomcat-7.0.56\webapps\Server] could not be completely deleted. The presence of the remaining files may cause problems
Iun 26, 2015 9:06:35 PM org.apache.catalina.startup.ExpandWar delete
SEVERE: [F:\development tools\apache-tomcat-7.0.56\webapps\Server] could not be completely deleted. The presence of the remaining files may cause problems
Iun 26, 2015 9:06:35 PM org.apache.catalina.startup.HostConfig deployDirectory
INFO: Deploying web application directory F:\development tools\apache-tomcat-7.0.56\webapps\Server
Iun 26, 2015 9:06:35 PM org.apache.catalina.startup.HostConfig deployDirectory
INFO: Deployment of web application directory F:\development tools\apache-tomcat-7.0.56\webapps\Server has finished in 74 ms
Iun 26, 2015 9:06:35 PM org.apache.coyote.AbstractProtocol pause
INFO: Pausing ProtocolHandler ["http-apr-8080"]
Iun 26, 2015 9:06:35 PM org.apache.coyote.AbstractProtocol pause
INFO: Pausing ProtocolHandler ["ajp-apr-8009"]
Iun 26, 2015 9:06:35 PM org.apache.catalina.core.StandardService stopInternal
INFO: Stopping service Catalina
Iun 26, 2015 9:06:36 PM org.apache.coyote.AbstractProtocol stop
INFO: Stopping ProtocolHandler ["http-apr-8080"]
Iun 26, 2015 9:06:36 PM org.apache.coyote.AbstractProtocol stop
INFO: Stopping ProtocolHandler ["ajp-apr-8009"]
Iun 26, 2015 9:06:36 PM org.apache.coyote.AbstractProtocol destroy
INFO: Destroying ProtocolHandler ["http-apr-8080"]
Iun 26, 2015 9:06:36 PM org.apache.coyote.AbstractProtocol destroy
INFO: Destroying ProtocolHandler ["ajp-apr-8009"]
Iun 26, 2015 9:06:38 PM org.apache.catalina.core.AprLifecycleListener init
INFO: Loaded APR based Apache Tomcat Native library 1.1.31 using APR version 1.4.8.
Iun 26, 2015 9:06:38 PM org.apache.catalina.core.AprLifecycleListener init
INFO: APR capabilities: IPv6 [true], sendfile [true], accept filters [false], random [true].
Iun 26, 2015 9:06:39 PM org.apache.catalina.core.AprLifecycleListener initializeSSL
INFO: OpenSSL successfully initialized (OpenSSL 1.0.1h 5 Jun 2014)
Iun 26, 2015 9:06:39 PM org.apache.coyote.AbstractProtocol init
INFO: Initializing ProtocolHandler ["http-apr-8080"]
Iun 26, 2015 9:06:39 PM org.apache.coyote.AbstractProtocol init
INFO: Initializing ProtocolHandler ["ajp-apr-8009"]
Iun 26, 2015 9:06:39 PM org.apache.catalina.startup.Catalina load
INFO: Initialization processed in 1563 ms
Iun 26, 2015 9:06:39 PM org.apache.catalina.core.StandardService startInternal
INFO: Starting service Catalina
Iun 26, 2015 9:06:39 PM org.apache.catalina.core.StandardEngine startInternal
INFO: Starting Servlet Engine: Apache Tomcat/7.0.56
Iun 26, 2015 9:06:39 PM org.apache.catalina.startup.HostConfig deployDirectory
INFO: Deploying web application directory F:\development tools\apache-tomcat-7.0.56\webapps\docs
Iun 26, 2015 9:06:40 PM org.apache.catalina.startup.HostConfig deployDirectory
INFO: Deployment of web application directory F:\development tools\apache-tomcat-7.0.56\webapps\docs has finished in 594 ms
Iun 26, 2015 9:06:40 PM org.apache.catalina.startup.HostConfig deployDirectory
INFO: Deploying web application directory F:\development tools\apache-tomcat-7.0.56\webapps\host-manager
Iun 26, 2015 9:06:40 PM org.apache.catalina.startup.HostConfig deployDirectory
INFO: Deployment of web application directory F:\development tools\apache-tomcat-7.0.56\webapps\host-manager has finished in 125 ms
Iun 26, 2015 9:06:40 PM org.apache.catalina.startup.HostConfig deployDirectory
INFO: Deploying web application directory F:\development tools\apache-tomcat-7.0.56\webapps\licenta
Iun 26, 2015 9:06:40 PM org.apache.catalina.startup.HostConfig deployDirectory
INFO: Deployment of web application directory F:\development tools\apache-tomcat-7.0.56\webapps\licenta has finished in 94 ms
Iun 26, 2015 9:06:40 PM org.apache.catalina.startup.HostConfig deployDirectory
INFO: Deploying web application directory F:\development tools\apache-tomcat-7.0.56\webapps\manager
Iun 26, 2015 9:06:40 PM org.apache.catalina.startup.HostConfig deployDirectory
INFO: Deployment of web application directory F:\development tools\apache-tomcat-7.0.56\webapps\manager has finished in 140 ms
Iun 26, 2015 9:06:40 PM org.apache.catalina.startup.HostConfig deployDirectory
INFO: Deploying web application directory F:\development tools\apache-tomcat-7.0.56\webapps\ROOT
Iun 26, 2015 9:06:41 PM org.apache.catalina.startup.HostConfig deployDirectory
INFO: Deployment of web application directory F:\development tools\apache-tomcat-7.0.56\webapps\ROOT has finished in 66 ms
Iun 26, 2015 9:06:41 PM org.apache.catalina.startup.HostConfig deployDirectory
INFO: Deploying web application directory F:\development tools\apache-tomcat-7.0.56\webapps\Server
Iun 26, 2015 9:06:41 PM org.apache.catalina.startup.HostConfig deployDirectory
INFO: Deployment of web application directory F:\development tools\apache-tomcat-7.0.56\webapps\Server has finished in 77 ms
Iun 26, 2015 9:06:41 PM org.apache.coyote.AbstractProtocol start
INFO: Starting ProtocolHandler ["http-apr-8080"]
Iun 26, 2015 9:06:41 PM org.apache.coyote.AbstractProtocol start
INFO: Starting ProtocolHandler ["ajp-apr-8009"]
Iun 26, 2015 9:06:41 PM org.apache.catalina.startup.Catalina start
INFO: Server startup in 1187 ms
Iun 26, 2015 9:09:07 PM org.apache.catalina.startup.HostConfig undeploy
INFO: Undeploying context [/docs]
Iun 26, 2015 9:09:11 PM org.apache.catalina.startup.HostConfig undeploy
INFO: Undeploying context [/Server]
Iun 26, 2015 9:09:17 PM org.apache.catalina.startup.HostConfig deployWAR
INFO: Deploying web application archive F:\development tools\apache-tomcat-7.0.56\webapps\Server.war
Iun 26, 2015 9:09:26 PM org.apache.catalina.startup.HostConfig deployWAR
INFO: Deployment of web application archive F:\development tools\apache-tomcat-7.0.56\webapps\Server.war has finished in 9,256 ms
Iun 26, 2015 9:25:28 PM org.apache.catalina.loader.WebappClassLoader clearReferencesJdbc
SEVERE: The web application [/Server] registered the JDBC driver [org.postgresql.Driver] but failed to unregister it when the web application was stopped. To prevent a memory leak, the JDBC Driver has been forcibly unregistered.
Iun 26, 2015 9:25:29 PM org.apache.catalina.startup.HostConfig undeploy
INFO: Undeploying context [/Server]
Iun 26, 2015 9:25:34 PM org.apache.catalina.startup.HostConfig deployWAR
INFO: Deploying web application archive F:\development tools\apache-tomcat-7.0.56\webapps\Server.war
Iun 26, 2015 9:25:41 PM org.apache.catalina.startup.HostConfig deployWAR
INFO: Deployment of web application archive F:\development tools\apache-tomcat-7.0.56\webapps\Server.war has finished in 6,551 ms
Iun 26, 2015 10:32:38 PM org.apache.catalina.loader.WebappClassLoader clearReferencesJdbc
SEVERE: The web application [/Server] registered the JDBC driver [org.postgresql.Driver] but failed to unregister it when the web application was stopped. To prevent a memory leak, the JDBC Driver has been forcibly unregistered.
Iun 26, 2015 10:32:42 PM org.apache.coyote.AbstractProtocol pause
INFO: Pausing ProtocolHandler ["http-apr-8080"]
Iun 26, 2015 10:32:43 PM org.apache.coyote.AbstractProtocol pause
INFO: Pausing ProtocolHandler ["ajp-apr-8009"]
Iun 26, 2015 10:32:43 PM org.apache.catalina.startup.HostConfig undeploy
INFO: Undeploying context [/Server]
Iun 26, 2015 10:32:43 PM org.apache.catalina.core.StandardService stopInternal
INFO: Stopping service Catalina
Iun 26, 2015 10:32:43 PM org.apache.catalina.startup.ExpandWar deleteDir
SEVERE: [F:\development tools\apache-tomcat-7.0.56\webapps\Server\WEB-INF\lib] could not be completely deleted. The presence of the remaining files may cause problems
Iun 26, 2015 10:32:43 PM org.apache.catalina.startup.ExpandWar deleteDir
SEVERE: [F:\development tools\apache-tomcat-7.0.56\webapps\Server\WEB-INF] could not be completely deleted. The presence of the remaining files may cause problems
Iun 26, 2015 10:32:43 PM org.apache.catalina.startup.ExpandWar deleteDir
SEVERE: [F:\development tools\apache-tomcat-7.0.56\webapps\Server] could not be completely deleted. The presence of the remaining files may cause problems
Iun 26, 2015 10:32:43 PM org.apache.catalina.startup.ExpandWar delete
SEVERE: [F:\development tools\apache-tomcat-7.0.56\webapps\Server] could not be completely deleted. The presence of the remaining files may cause problems
Iun 26, 2015 10:32:43 PM org.apache.catalina.startup.HostConfig deployDirectories
SEVERE: Error waiting for multi-thread deployment of directories to complete
java.lang.InterruptedException
	at java.util.concurrent.FutureTask.awaitDone(FutureTask.java:400)
	at java.util.concurrent.FutureTask.get(FutureTask.java:187)
	at org.apache.catalina.startup.HostConfig.deployDirectories(HostConfig.java:1150)
	at org.apache.catalina.startup.HostConfig.deployApps(HostConfig.java:490)
	at org.apache.catalina.startup.HostConfig.check(HostConfig.java:1657)
	at org.apache.catalina.startup.HostConfig.lifecycleEvent(HostConfig.java:328)
	at org.apache.catalina.util.LifecycleSupport.fireLifecycleEvent(LifecycleSupport.java:117)
	at org.apache.catalina.util.LifecycleBase.fireLifecycleEvent(LifecycleBase.java:90)
	at org.apache.catalina.core.ContainerBase.backgroundProcess(ContainerBase.java:1374)
	at org.apache.catalina.core.ContainerBase$ContainerBackgroundProcessor.processChildren(ContainerBase.java:1546)
	at org.apache.catalina.core.ContainerBase$ContainerBackgroundProcessor.processChildren(ContainerBase.java:1556)
	at org.apache.catalina.core.ContainerBase$ContainerBackgroundProcessor.run(ContainerBase.java:1524)
	at java.lang.Thread.run(Thread.java:745)

Iun 26, 2015 10:32:43 PM org.apache.catalina.startup.HostConfig deployDirectory
INFO: Deploying web application directory F:\development tools\apache-tomcat-7.0.56\webapps\Server
Iun 26, 2015 10:32:43 PM org.apache.catalina.startup.HostConfig deployDirectory
INFO: Deployment of web application directory F:\development tools\apache-tomcat-7.0.56\webapps\Server has finished in 97 ms
Iun 26, 2015 10:32:43 PM org.apache.coyote.AbstractProtocol stop
INFO: Stopping ProtocolHandler ["http-apr-8080"]
Iun 26, 2015 10:32:43 PM org.apache.coyote.AbstractProtocol stop
INFO: Stopping ProtocolHandler ["ajp-apr-8009"]
Iun 26, 2015 10:32:43 PM org.apache.coyote.AbstractProtocol destroy
INFO: Destroying ProtocolHandler ["http-apr-8080"]
Iun 26, 2015 10:32:43 PM org.apache.coyote.AbstractProtocol destroy
INFO: Destroying ProtocolHandler ["ajp-apr-8009"]
Iun 26, 2015 10:32:49 PM org.apache.catalina.core.AprLifecycleListener init
INFO: Loaded APR based Apache Tomcat Native library 1.1.31 using APR version 1.4.8.
Iun 26, 2015 10:32:49 PM org.apache.catalina.core.AprLifecycleListener init
INFO: APR capabilities: IPv6 [true], sendfile [true], accept filters [false], random [true].
Iun 26, 2015 10:32:50 PM org.apache.catalina.core.AprLifecycleListener initializeSSL
INFO: OpenSSL successfully initialized (OpenSSL 1.0.1h 5 Jun 2014)
Iun 26, 2015 10:32:51 PM org.apache.coyote.AbstractProtocol init
INFO: Initializing ProtocolHandler ["http-apr-8080"]
Iun 26, 2015 10:32:51 PM org.apache.coyote.AbstractProtocol init
INFO: Initializing ProtocolHandler ["ajp-apr-8009"]
Iun 26, 2015 10:32:51 PM org.apache.catalina.startup.Catalina load
INFO: Initialization processed in 3078 ms
Iun 26, 2015 10:32:51 PM org.apache.catalina.core.StandardService startInternal
INFO: Starting service Catalina
Iun 26, 2015 10:32:51 PM org.apache.catalina.core.StandardEngine startInternal
INFO: Starting Servlet Engine: Apache Tomcat/7.0.56
Iun 26, 2015 10:32:51 PM org.apache.catalina.startup.HostConfig deployDirectory
INFO: Deploying web application directory F:\development tools\apache-tomcat-7.0.56\webapps\host-manager
Iun 26, 2015 10:32:53 PM org.apache.catalina.util.SessionIdGenerator createSecureRandom
INFO: Creation of SecureRandom instance for session ID generation using [SHA1PRNG] took [328] milliseconds.
Iun 26, 2015 10:32:53 PM org.apache.catalina.startup.HostConfig deployDirectory
INFO: Deployment of web application directory F:\development tools\apache-tomcat-7.0.56\webapps\host-manager has finished in 1,187 ms
Iun 26, 2015 10:32:53 PM org.apache.catalina.startup.HostConfig deployDirectory
INFO: Deploying web application directory F:\development tools\apache-tomcat-7.0.56\webapps\licenta
Iun 26, 2015 10:32:53 PM org.apache.catalina.startup.HostConfig deployDirectory
INFO: Deployment of web application directory F:\development tools\apache-tomcat-7.0.56\webapps\licenta has finished in 125 ms
Iun 26, 2015 10:32:53 PM org.apache.catalina.startup.HostConfig deployDirectory
INFO: Deploying web application directory F:\development tools\apache-tomcat-7.0.56\webapps\manager
Iun 26, 2015 10:32:53 PM org.apache.catalina.startup.HostConfig deployDirectory
INFO: Deployment of web application directory F:\development tools\apache-tomcat-7.0.56\webapps\manager has finished in 180 ms
Iun 26, 2015 10:32:53 PM org.apache.catalina.startup.HostConfig deployDirectory
INFO: Deploying web application directory F:\development tools\apache-tomcat-7.0.56\webapps\ROOT
Iun 26, 2015 10:32:53 PM org.apache.catalina.startup.HostConfig deployDirectory
INFO: Deployment of web application directory F:\development tools\apache-tomcat-7.0.56\webapps\ROOT has finished in 107 ms
Iun 26, 2015 10:32:53 PM org.apache.catalina.startup.HostConfig deployDirectory
INFO: Deploying web application directory F:\development tools\apache-tomcat-7.0.56\webapps\Server
Iun 26, 2015 10:32:53 PM org.apache.catalina.startup.HostConfig deployDirectory
INFO: Deployment of web application directory F:\development tools\apache-tomcat-7.0.56\webapps\Server has finished in 81 ms
Iun 26, 2015 10:32:53 PM org.apache.coyote.AbstractProtocol start
INFO: Starting ProtocolHandler ["http-apr-8080"]
Iun 26, 2015 10:32:53 PM org.apache.coyote.AbstractProtocol start
INFO: Starting ProtocolHandler ["ajp-apr-8009"]
Iun 26, 2015 10:32:53 PM org.apache.catalina.startup.Catalina start
INFO: Server startup in 1846 ms
Iun 26, 2015 10:33:05 PM org.apache.catalina.startup.HostConfig undeploy
INFO: Undeploying context [/Server]
Iun 26, 2015 10:33:10 PM org.apache.catalina.startup.HostConfig deployWAR
INFO: Deploying web application archive F:\development tools\apache-tomcat-7.0.56\webapps\Server.war
Iun 26, 2015 10:33:29 PM org.apache.catalina.startup.HostConfig deployWAR
INFO: Deployment of web application archive F:\development tools\apache-tomcat-7.0.56\webapps\Server.war has finished in 19,333 ms
