Iun 24, 2015 12:04:25 AM org.apache.catalina.loader.WebappClassLoader clearReferencesJdbc
SEVERE: The web application [/Server] registered the JDBC driver [org.postgresql.Driver] but failed to unregister it when the web application was stopped. To prevent a memory leak, the JDBC Driver has been forcibly unregistered.
Iun 24, 2015 12:04:25 AM org.apache.catalina.startup.HostConfig undeploy
INFO: Undeploying context [/Server]
Iun 24, 2015 12:04:32 AM org.apache.catalina.startup.HostConfig deployWAR
INFO: Deploying web application archive F:\development tools\apache-tomcat-7.0.56\webapps\Server.war
Iun 24, 2015 12:04:39 AM org.apache.catalina.startup.HostConfig deployWAR
INFO: Deployment of web application archive F:\development tools\apache-tomcat-7.0.56\webapps\Server.war has finished in 7,059 ms
Iun 24, 2015 12:08:08 AM org.apache.catalina.core.StandardContext reload
INFO: Reloading Context with name [/Server] has started
Iun 24, 2015 12:08:08 AM org.apache.catalina.loader.WebappClassLoader clearReferencesJdbc
SEVERE: The web application [/Server] registered the JDBC driver [org.postgresql.Driver] but failed to unregister it when the web application was stopped. To prevent a memory leak, the JDBC Driver has been forcibly unregistered.
Iun 24, 2015 12:08:14 AM org.apache.catalina.core.StandardContext reload
INFO: Reloading Context with name [/Server] is completed
Iun 24, 2015 12:11:58 AM org.apache.catalina.core.StandardContext reload
INFO: Reloading Context with name [/Server] has started
Iun 24, 2015 12:11:58 AM org.apache.catalina.loader.WebappClassLoader clearReferencesJdbc
SEVERE: The web application [/Server] registered the JDBC driver [org.postgresql.Driver] but failed to unregister it when the web application was stopped. To prevent a memory leak, the JDBC Driver has been forcibly unregistered.
Iun 24, 2015 12:12:03 AM org.apache.catalina.core.StandardContext reload
INFO: Reloading Context with name [/Server] is completed
Iun 24, 2015 12:34:04 AM org.apache.coyote.AbstractProtocol pause
INFO: Pausing ProtocolHandler ["http-apr-8080"]
Iun 24, 2015 12:34:04 AM org.apache.coyote.AbstractProtocol pause
INFO: Pausing ProtocolHandler ["ajp-apr-8009"]
Iun 24, 2015 12:34:04 AM org.apache.catalina.core.StandardService stopInternal
INFO: Stopping service Catalina
Iun 24, 2015 12:34:05 AM org.apache.catalina.loader.WebappClassLoader clearReferencesJdbc
SEVERE: The web application [/Server] registered the JDBC driver [org.postgresql.Driver] but failed to unregister it when the web application was stopped. To prevent a memory leak, the JDBC Driver has been forcibly unregistered.
Iun 24, 2015 12:34:05 AM org.apache.coyote.AbstractProtocol stop
INFO: Stopping ProtocolHandler ["http-apr-8080"]
Iun 24, 2015 12:34:05 AM org.apache.coyote.AbstractProtocol stop
INFO: Stopping ProtocolHandler ["ajp-apr-8009"]
Iun 24, 2015 12:34:06 AM org.apache.coyote.AbstractProtocol destroy
INFO: Destroying ProtocolHandler ["http-apr-8080"]
Iun 24, 2015 12:34:06 AM org.apache.coyote.AbstractProtocol destroy
INFO: Destroying ProtocolHandler ["ajp-apr-8009"]
Iun 24, 2015 12:34:09 AM org.apache.catalina.core.AprLifecycleListener init
INFO: Loaded APR based Apache Tomcat Native library 1.1.31 using APR version 1.4.8.
Iun 24, 2015 12:34:09 AM org.apache.catalina.core.AprLifecycleListener init
INFO: APR capabilities: IPv6 [true], sendfile [true], accept filters [false], random [true].
Iun 24, 2015 10:34:59 PM org.apache.catalina.core.AprLifecycleListener init
INFO: Loaded APR based Apache Tomcat Native library 1.1.31 using APR version 1.4.8.
Iun 24, 2015 10:34:59 PM org.apache.catalina.core.AprLifecycleListener init
INFO: APR capabilities: IPv6 [true], sendfile [true], accept filters [false], random [true].
Iun 24, 2015 10:35:00 PM org.apache.catalina.core.AprLifecycleListener initializeSSL
INFO: OpenSSL successfully initialized (OpenSSL 1.0.1h 5 Jun 2014)
Iun 24, 2015 10:35:01 PM org.apache.coyote.AbstractProtocol init
INFO: Initializing ProtocolHandler ["http-apr-8080"]
Iun 24, 2015 10:35:01 PM org.apache.coyote.AbstractProtocol init
INFO: Initializing ProtocolHandler ["ajp-apr-8009"]
Iun 24, 2015 10:35:01 PM org.apache.catalina.startup.Catalina load
INFO: Initialization processed in 2702 ms
Iun 24, 2015 10:35:01 PM org.apache.catalina.core.StandardService startInternal
INFO: Starting service Catalina
Iun 24, 2015 10:35:01 PM org.apache.catalina.core.StandardEngine startInternal
INFO: Starting Servlet Engine: Apache Tomcat/7.0.56
Iun 24, 2015 10:35:01 PM org.apache.catalina.startup.HostConfig deployDirectory
INFO: Deploying web application directory F:\development tools\apache-tomcat-7.0.56\webapps\docs
Iun 24, 2015 10:35:02 PM org.apache.catalina.util.SessionIdGenerator createSecureRandom
INFO: Creation of SecureRandom instance for session ID generation using [SHA1PRNG] took [130] milliseconds.
Iun 24, 2015 10:35:02 PM org.apache.catalina.startup.HostConfig deployDirectory
INFO: Deployment of web application directory F:\development tools\apache-tomcat-7.0.56\webapps\docs has finished in 861 ms
Iun 24, 2015 10:35:02 PM org.apache.catalina.startup.HostConfig deployDirectory
INFO: Deploying web application directory F:\development tools\apache-tomcat-7.0.56\webapps\examples
Iun 24, 2015 10:35:05 PM org.apache.catalina.startup.HostConfig deployDirectory
INFO: Deployment of web application directory F:\development tools\apache-tomcat-7.0.56\webapps\examples has finished in 2,506 ms
Iun 24, 2015 10:35:05 PM org.apache.catalina.startup.HostConfig deployDirectory
INFO: Deploying web application directory F:\development tools\apache-tomcat-7.0.56\webapps\host-manager
Iun 24, 2015 10:35:05 PM org.apache.catalina.startup.HostConfig deployDirectory
INFO: Deployment of web application directory F:\development tools\apache-tomcat-7.0.56\webapps\host-manager has finished in 161 ms
Iun 24, 2015 10:35:05 PM org.apache.catalina.startup.HostConfig deployDirectory
INFO: Deploying web application directory F:\development tools\apache-tomcat-7.0.56\webapps\manager
Iun 24, 2015 10:35:05 PM org.apache.catalina.startup.HostConfig deployDirectory
INFO: Deployment of web application directory F:\development tools\apache-tomcat-7.0.56\webapps\manager has finished in 530 ms
Iun 24, 2015 10:35:05 PM org.apache.catalina.startup.HostConfig deployDirectory
INFO: Deploying web application directory F:\development tools\apache-tomcat-7.0.56\webapps\ROOT
Iun 24, 2015 10:35:06 PM org.apache.catalina.startup.HostConfig deployDirectory
INFO: Deployment of web application directory F:\development tools\apache-tomcat-7.0.56\webapps\ROOT has finished in 179 ms
Iun 24, 2015 10:35:06 PM org.apache.coyote.AbstractProtocol start
INFO: Starting ProtocolHandler ["http-apr-8080"]
Iun 24, 2015 10:35:06 PM org.apache.coyote.AbstractProtocol start
INFO: Starting ProtocolHandler ["ajp-apr-8009"]
Iun 24, 2015 10:35:06 PM org.apache.catalina.startup.Catalina start
INFO: Server startup in 4484 ms
Iun 24, 2015 10:35:36 PM org.apache.catalina.startup.HostConfig deployWAR
INFO: Deploying web application archive F:\development tools\apache-tomcat-7.0.56\webapps\Server.war
Iun 24, 2015 10:35:42 PM org.apache.catalina.core.StandardContext startInternal
SEVERE: Error listenerStart
Iun 24, 2015 10:35:42 PM org.apache.catalina.core.StandardContext startInternal
SEVERE: Context [/Server] startup failed due to previous errors
Iun 24, 2015 10:35:42 PM org.apache.catalina.startup.HostConfig deployWAR
INFO: Deployment of web application archive F:\development tools\apache-tomcat-7.0.56\webapps\Server.war has finished in 5,998 ms
Iun 24, 2015 10:38:14 PM org.apache.catalina.util.LifecycleBase stop
INFO: The stop() method was called on component [StandardEngine[Catalina].StandardHost[localhost].StandardContext[/Server]] after stop() had already been called. The second call will be ignored.
Iun 24, 2015 10:38:15 PM org.apache.catalina.startup.HostConfig undeploy
INFO: Undeploying context [/Server]
Iun 24, 2015 10:38:20 PM org.apache.catalina.startup.HostConfig deployWAR
INFO: Deploying web application archive F:\development tools\apache-tomcat-7.0.56\webapps\Server.war
Iun 24, 2015 10:38:24 PM org.apache.catalina.core.StandardContext startInternal
SEVERE: Error listenerStart
Iun 24, 2015 10:38:24 PM org.apache.catalina.core.StandardContext startInternal
SEVERE: Context [/Server] startup failed due to previous errors
Iun 24, 2015 10:38:24 PM org.apache.catalina.startup.HostConfig deployWAR
INFO: Deployment of web application archive F:\development tools\apache-tomcat-7.0.56\webapps\Server.war has finished in 4,443 ms
Iun 24, 2015 10:42:10 PM org.apache.catalina.util.LifecycleBase stop
INFO: The stop() method was called on component [StandardEngine[Catalina].StandardHost[localhost].StandardContext[/Server]] after stop() had already been called. The second call will be ignored.
Iun 24, 2015 10:42:11 PM org.apache.catalina.startup.HostConfig undeploy
INFO: Undeploying context [/Server]
Iun 24, 2015 10:42:17 PM org.apache.catalina.startup.HostConfig deployWAR
INFO: Deploying web application archive F:\development tools\apache-tomcat-7.0.56\webapps\Server.war
Iun 24, 2015 10:42:21 PM org.apache.catalina.core.StandardContext startInternal
SEVERE: Error listenerStart
Iun 24, 2015 10:42:21 PM org.apache.catalina.core.StandardContext startInternal
SEVERE: Context [/Server] startup failed due to previous errors
Iun 24, 2015 10:42:21 PM org.apache.catalina.startup.HostConfig deployWAR
INFO: Deployment of web application archive F:\development tools\apache-tomcat-7.0.56\webapps\Server.war has finished in 3,960 ms
Iun 24, 2015 10:44:35 PM org.apache.catalina.util.LifecycleBase stop
INFO: The stop() method was called on component [StandardEngine[Catalina].StandardHost[localhost].StandardContext[/Server]] after stop() had already been called. The second call will be ignored.
Iun 24, 2015 10:44:35 PM org.apache.catalina.startup.HostConfig undeploy
INFO: Undeploying context [/Server]
Iun 24, 2015 10:44:40 PM org.apache.catalina.startup.HostConfig deployWAR
INFO: Deploying web application archive F:\development tools\apache-tomcat-7.0.56\webapps\Server.war
Iun 24, 2015 10:44:43 PM org.apache.catalina.core.StandardContext startInternal
SEVERE: Error listenerStart
Iun 24, 2015 10:44:43 PM org.apache.catalina.core.StandardContext startInternal
SEVERE: Context [/Server] startup failed due to previous errors
Iun 24, 2015 10:44:43 PM org.apache.catalina.startup.HostConfig deployWAR
INFO: Deployment of web application archive F:\development tools\apache-tomcat-7.0.56\webapps\Server.war has finished in 3,114 ms
Iun 24, 2015 10:51:27 PM org.apache.catalina.util.LifecycleBase stop
INFO: The stop() method was called on component [StandardEngine[Catalina].StandardHost[localhost].StandardContext[/Server]] after stop() had already been called. The second call will be ignored.
Iun 24, 2015 10:51:28 PM org.apache.catalina.startup.HostConfig undeploy
INFO: Undeploying context [/Server]
Iun 24, 2015 10:51:34 PM org.apache.catalina.startup.HostConfig deployWAR
INFO: Deploying web application archive F:\development tools\apache-tomcat-7.0.56\webapps\Server.war
Iun 24, 2015 10:51:42 PM org.apache.catalina.core.StandardContext startInternal
SEVERE: Error listenerStart
Iun 24, 2015 10:51:42 PM org.apache.catalina.core.StandardContext startInternal
SEVERE: Context [/Server] startup failed due to previous errors
Iun 24, 2015 10:51:42 PM org.apache.catalina.loader.WebappClassLoader clearReferencesJdbc
SEVERE: The web application [/Server] registered the JDBC driver [org.postgresql.Driver] but failed to unregister it when the web application was stopped. To prevent a memory leak, the JDBC Driver has been forcibly unregistered.
Iun 24, 2015 10:51:42 PM org.apache.catalina.startup.HostConfig deployWAR
INFO: Deployment of web application archive F:\development tools\apache-tomcat-7.0.56\webapps\Server.war has finished in 7,546 ms
Iun 24, 2015 10:52:35 PM org.apache.catalina.util.LifecycleBase stop
INFO: The stop() method was called on component [StandardEngine[Catalina].StandardHost[localhost].StandardContext[/Server]] after stop() had already been called. The second call will be ignored.
Iun 24, 2015 10:52:37 PM org.apache.catalina.startup.HostConfig undeploy
INFO: Undeploying context [/Server]
Iun 24, 2015 10:52:37 PM org.apache.catalina.startup.ExpandWar deleteDir
SEVERE: [F:\development tools\apache-tomcat-7.0.56\webapps\Server\WEB-INF\lib] could not be completely deleted. The presence of the remaining files may cause problems
Iun 24, 2015 10:52:37 PM org.apache.catalina.startup.ExpandWar deleteDir
SEVERE: [F:\development tools\apache-tomcat-7.0.56\webapps\Server\WEB-INF] could not be completely deleted. The presence of the remaining files may cause problems
Iun 24, 2015 10:52:37 PM org.apache.catalina.startup.ExpandWar deleteDir
SEVERE: [F:\development tools\apache-tomcat-7.0.56\webapps\Server] could not be completely deleted. The presence of the remaining files may cause problems
Iun 24, 2015 10:52:37 PM org.apache.catalina.startup.ExpandWar delete
SEVERE: [F:\development tools\apache-tomcat-7.0.56\webapps\Server] could not be completely deleted. The presence of the remaining files may cause problems
Iun 24, 2015 10:52:37 PM org.apache.catalina.startup.HostConfig deployDirectory
INFO: Deploying web application directory F:\development tools\apache-tomcat-7.0.56\webapps\Server
Iun 24, 2015 10:52:37 PM org.apache.catalina.startup.HostConfig deployDirectory
INFO: Deployment of web application directory F:\development tools\apache-tomcat-7.0.56\webapps\Server has finished in 61 ms
Iun 24, 2015 10:52:42 PM org.apache.catalina.util.LifecycleBase stop
INFO: The stop() method was called on component [StandardEngine[Catalina].StandardHost[localhost].StandardContext[/Server]] after stop() had already been called. The second call will be ignored.
Iun 24, 2015 10:52:43 PM org.apache.catalina.util.LifecycleBase stop
INFO: The stop() method was called on component [StandardEngine[Catalina].StandardHost[localhost].StandardContext[/Server]] after stop() had already been called. The second call will be ignored.
Iun 24, 2015 10:52:48 PM org.apache.coyote.AbstractProtocol pause
INFO: Pausing ProtocolHandler ["http-apr-8080"]
Iun 24, 2015 10:52:48 PM org.apache.coyote.AbstractProtocol pause
INFO: Pausing ProtocolHandler ["ajp-apr-8009"]
Iun 24, 2015 10:52:48 PM org.apache.catalina.core.StandardService stopInternal
INFO: Stopping service Catalina
Iun 24, 2015 10:52:48 PM org.apache.coyote.AbstractProtocol stop
INFO: Stopping ProtocolHandler ["http-apr-8080"]
Iun 24, 2015 10:52:48 PM org.apache.coyote.AbstractProtocol stop
INFO: Stopping ProtocolHandler ["ajp-apr-8009"]
Iun 24, 2015 10:52:48 PM org.apache.coyote.AbstractProtocol destroy
INFO: Destroying ProtocolHandler ["http-apr-8080"]
Iun 24, 2015 10:52:48 PM org.apache.coyote.AbstractProtocol destroy
INFO: Destroying ProtocolHandler ["ajp-apr-8009"]
Iun 24, 2015 10:52:51 PM org.apache.catalina.core.AprLifecycleListener init
INFO: Loaded APR based Apache Tomcat Native library 1.1.31 using APR version 1.4.8.
Iun 24, 2015 10:52:51 PM org.apache.catalina.core.AprLifecycleListener init
INFO: APR capabilities: IPv6 [true], sendfile [true], accept filters [false], random [true].
Iun 24, 2015 10:52:52 PM org.apache.catalina.core.AprLifecycleListener initializeSSL
INFO: OpenSSL successfully initialized (OpenSSL 1.0.1h 5 Jun 2014)
Iun 24, 2015 10:52:52 PM org.apache.coyote.AbstractProtocol init
INFO: Initializing ProtocolHandler ["http-apr-8080"]
Iun 24, 2015 10:52:52 PM org.apache.coyote.AbstractProtocol init
INFO: Initializing ProtocolHandler ["ajp-apr-8009"]
Iun 24, 2015 10:52:52 PM org.apache.catalina.startup.Catalina load
INFO: Initialization processed in 1493 ms
Iun 24, 2015 10:52:52 PM org.apache.catalina.core.StandardService startInternal
INFO: Starting service Catalina
Iun 24, 2015 10:52:52 PM org.apache.catalina.core.StandardEngine startInternal
INFO: Starting Servlet Engine: Apache Tomcat/7.0.56
Iun 24, 2015 10:52:52 PM org.apache.catalina.startup.HostConfig deployDirectory
INFO: Deploying web application directory F:\development tools\apache-tomcat-7.0.56\webapps\docs
Iun 24, 2015 10:52:53 PM org.apache.catalina.startup.HostConfig deployDirectory
INFO: Deployment of web application directory F:\development tools\apache-tomcat-7.0.56\webapps\docs has finished in 604 ms
Iun 24, 2015 10:52:53 PM org.apache.catalina.startup.HostConfig deployDirectory
INFO: Deploying web application directory F:\development tools\apache-tomcat-7.0.56\webapps\examples
Iun 24, 2015 10:52:53 PM org.apache.catalina.startup.HostConfig deployDirectory
INFO: Deployment of web application directory F:\development tools\apache-tomcat-7.0.56\webapps\examples has finished in 483 ms
Iun 24, 2015 10:52:53 PM org.apache.catalina.startup.HostConfig deployDirectory
INFO: Deploying web application directory F:\development tools\apache-tomcat-7.0.56\webapps\host-manager
Iun 24, 2015 10:52:54 PM org.apache.catalina.startup.HostConfig deployDirectory
INFO: Deployment of web application directory F:\development tools\apache-tomcat-7.0.56\webapps\host-manager has finished in 76 ms
Iun 24, 2015 10:52:54 PM org.apache.catalina.startup.HostConfig deployDirectory
INFO: Deploying web application directory F:\development tools\apache-tomcat-7.0.56\webapps\manager
Iun 24, 2015 10:52:54 PM org.apache.catalina.startup.HostConfig deployDirectory
INFO: Deployment of web application directory F:\development tools\apache-tomcat-7.0.56\webapps\manager has finished in 84 ms
Iun 24, 2015 10:52:54 PM org.apache.catalina.startup.HostConfig deployDirectory
INFO: Deploying web application directory F:\development tools\apache-tomcat-7.0.56\webapps\ROOT
Iun 24, 2015 10:52:54 PM org.apache.catalina.startup.HostConfig deployDirectory
INFO: Deployment of web application directory F:\development tools\apache-tomcat-7.0.56\webapps\ROOT has finished in 89 ms
Iun 24, 2015 10:52:54 PM org.apache.catalina.startup.HostConfig deployDirectory
INFO: Deploying web application directory F:\development tools\apache-tomcat-7.0.56\webapps\Server
Iun 24, 2015 10:52:54 PM org.apache.catalina.startup.HostConfig deployDirectory
INFO: Deployment of web application directory F:\development tools\apache-tomcat-7.0.56\webapps\Server has finished in 88 ms
Iun 24, 2015 10:52:54 PM org.apache.coyote.AbstractProtocol start
INFO: Starting ProtocolHandler ["http-apr-8080"]
Iun 24, 2015 10:52:54 PM org.apache.coyote.AbstractProtocol start
INFO: Starting ProtocolHandler ["ajp-apr-8009"]
Iun 24, 2015 10:52:54 PM org.apache.catalina.startup.Catalina start
INFO: Server startup in 1504 ms
Iun 24, 2015 10:53:06 PM org.apache.catalina.startup.HostConfig undeploy
INFO: Undeploying context [/Server]
Iun 24, 2015 10:53:13 PM org.apache.catalina.startup.HostConfig deployWAR
INFO: Deploying web application archive F:\development tools\apache-tomcat-7.0.56\webapps\Server.war
Iun 24, 2015 10:53:18 PM org.apache.catalina.core.StandardContext startInternal
SEVERE: Error listenerStart
Iun 24, 2015 10:53:18 PM org.apache.catalina.core.StandardContext startInternal
SEVERE: Context [/Server] startup failed due to previous errors
Iun 24, 2015 10:53:18 PM org.apache.catalina.startup.HostConfig deployWAR
INFO: Deployment of web application archive F:\development tools\apache-tomcat-7.0.56\webapps\Server.war has finished in 5,298 ms
Iun 24, 2015 10:53:46 PM org.apache.catalina.util.LifecycleBase stop
INFO: The stop() method was called on component [StandardEngine[Catalina].StandardHost[localhost].StandardContext[/Server]] after stop() had already been called. The second call will be ignored.
Iun 24, 2015 10:53:46 PM org.apache.catalina.startup.HostConfig undeploy
INFO: Undeploying context [/Server]
Iun 24, 2015 10:54:00 PM org.apache.catalina.startup.HostConfig deployWAR
INFO: Deploying web application archive F:\development tools\apache-tomcat-7.0.56\webapps\Server.war
Iun 24, 2015 10:54:06 PM org.apache.catalina.core.StandardContext startInternal
SEVERE: Error listenerStart
Iun 24, 2015 10:54:06 PM org.apache.catalina.core.StandardContext startInternal
SEVERE: Context [/Server] startup failed due to previous errors
Iun 24, 2015 10:54:06 PM org.apache.catalina.loader.WebappClassLoader clearReferencesJdbc
SEVERE: The web application [/Server] registered the JDBC driver [org.postgresql.Driver] but failed to unregister it when the web application was stopped. To prevent a memory leak, the JDBC Driver has been forcibly unregistered.
Iun 24, 2015 10:54:06 PM org.apache.catalina.startup.HostConfig deployWAR
INFO: Deployment of web application archive F:\development tools\apache-tomcat-7.0.56\webapps\Server.war has finished in 6,238 ms
Iun 24, 2015 10:55:19 PM org.apache.catalina.util.LifecycleBase stop
INFO: The stop() method was called on component [StandardEngine[Catalina].StandardHost[localhost].StandardContext[/Server]] after stop() had already been called. The second call will be ignored.
Iun 24, 2015 10:55:24 PM org.apache.catalina.startup.HostConfig undeploy
INFO: Undeploying context [/Server]
Iun 24, 2015 10:55:24 PM org.apache.catalina.startup.ExpandWar deleteDir
SEVERE: [F:\development tools\apache-tomcat-7.0.56\webapps\Server\WEB-INF\lib] could not be completely deleted. The presence of the remaining files may cause problems
Iun 24, 2015 10:55:24 PM org.apache.catalina.startup.ExpandWar deleteDir
SEVERE: [F:\development tools\apache-tomcat-7.0.56\webapps\Server\WEB-INF] could not be completely deleted. The presence of the remaining files may cause problems
Iun 24, 2015 10:55:24 PM org.apache.catalina.startup.ExpandWar deleteDir
SEVERE: [F:\development tools\apache-tomcat-7.0.56\webapps\Server] could not be completely deleted. The presence of the remaining files may cause problems
Iun 24, 2015 10:55:24 PM org.apache.catalina.startup.ExpandWar delete
SEVERE: [F:\development tools\apache-tomcat-7.0.56\webapps\Server] could not be completely deleted. The presence of the remaining files may cause problems
Iun 24, 2015 10:55:24 PM org.apache.catalina.startup.HostConfig deployDirectory
INFO: Deploying web application directory F:\development tools\apache-tomcat-7.0.56\webapps\Server
Iun 24, 2015 10:55:24 PM org.apache.catalina.startup.HostConfig deployDirectory
INFO: Deployment of web application directory F:\development tools\apache-tomcat-7.0.56\webapps\Server has finished in 56 ms
Iun 24, 2015 10:55:26 PM org.apache.catalina.startup.HostConfig undeploy
INFO: Undeploying context [/Server]
Iun 24, 2015 10:55:26 PM org.apache.catalina.startup.ExpandWar deleteDir
SEVERE: [F:\development tools\apache-tomcat-7.0.56\webapps\Server\WEB-INF\lib] could not be completely deleted. The presence of the remaining files may cause problems
Iun 24, 2015 10:55:26 PM org.apache.catalina.startup.ExpandWar deleteDir
SEVERE: [F:\development tools\apache-tomcat-7.0.56\webapps\Server\WEB-INF] could not be completely deleted. The presence of the remaining files may cause problems
Iun 24, 2015 10:55:26 PM org.apache.catalina.startup.ExpandWar deleteDir
SEVERE: [F:\development tools\apache-tomcat-7.0.56\webapps\Server] could not be completely deleted. The presence of the remaining files may cause problems
Iun 24, 2015 10:55:26 PM org.apache.catalina.startup.ExpandWar delete
SEVERE: [F:\development tools\apache-tomcat-7.0.56\webapps\Server] could not be completely deleted. The presence of the remaining files may cause problems
Iun 24, 2015 10:55:26 PM org.apache.catalina.startup.HostConfig deployWAR
INFO: Deploying web application archive F:\development tools\apache-tomcat-7.0.56\webapps\Server.war
Iun 24, 2015 10:55:26 PM org.apache.catalina.startup.HostConfig deployWAR
INFO: Deployment of web application archive F:\development tools\apache-tomcat-7.0.56\webapps\Server.war has finished in 54 ms
Iun 24, 2015 10:55:37 PM org.apache.coyote.AbstractProtocol pause
INFO: Pausing ProtocolHandler ["http-apr-8080"]
Iun 24, 2015 10:55:37 PM org.apache.coyote.AbstractProtocol pause
INFO: Pausing ProtocolHandler ["ajp-apr-8009"]
Iun 24, 2015 10:55:37 PM org.apache.catalina.core.StandardService stopInternal
INFO: Stopping service Catalina
Iun 24, 2015 10:55:37 PM org.apache.coyote.AbstractProtocol stop
INFO: Stopping ProtocolHandler ["http-apr-8080"]
Iun 24, 2015 10:55:37 PM org.apache.coyote.AbstractProtocol stop
INFO: Stopping ProtocolHandler ["ajp-apr-8009"]
Iun 24, 2015 10:55:37 PM org.apache.coyote.AbstractProtocol destroy
INFO: Destroying ProtocolHandler ["http-apr-8080"]
Iun 24, 2015 10:55:37 PM org.apache.coyote.AbstractProtocol destroy
INFO: Destroying ProtocolHandler ["ajp-apr-8009"]
Iun 24, 2015 10:55:40 PM org.apache.catalina.core.AprLifecycleListener init
INFO: Loaded APR based Apache Tomcat Native library 1.1.31 using APR version 1.4.8.
Iun 24, 2015 10:55:40 PM org.apache.catalina.core.AprLifecycleListener init
INFO: APR capabilities: IPv6 [true], sendfile [true], accept filters [false], random [true].
Iun 24, 2015 10:55:41 PM org.apache.catalina.core.AprLifecycleListener initializeSSL
INFO: OpenSSL successfully initialized (OpenSSL 1.0.1h 5 Jun 2014)
Iun 24, 2015 10:55:41 PM org.apache.coyote.AbstractProtocol init
INFO: Initializing ProtocolHandler ["http-apr-8080"]
Iun 24, 2015 10:55:42 PM org.apache.coyote.AbstractProtocol init
INFO: Initializing ProtocolHandler ["ajp-apr-8009"]
Iun 24, 2015 10:55:42 PM org.apache.catalina.startup.Catalina load
INFO: Initialization processed in 1468 ms
Iun 24, 2015 10:55:42 PM org.apache.catalina.core.StandardService startInternal
INFO: Starting service Catalina
Iun 24, 2015 10:55:42 PM org.apache.catalina.core.StandardEngine startInternal
INFO: Starting Servlet Engine: Apache Tomcat/7.0.56
Iun 24, 2015 10:55:42 PM org.apache.catalina.startup.HostConfig deployWAR
INFO: Deploying web application archive F:\development tools\apache-tomcat-7.0.56\webapps\Server.war
Iun 24, 2015 10:55:42 PM org.apache.catalina.startup.HostConfig deployWAR
INFO: Deployment of web application archive F:\development tools\apache-tomcat-7.0.56\webapps\Server.war has finished in 595 ms
Iun 24, 2015 10:55:42 PM org.apache.catalina.startup.HostConfig deployDirectory
INFO: Deploying web application directory F:\development tools\apache-tomcat-7.0.56\webapps\docs
Iun 24, 2015 10:55:42 PM org.apache.catalina.startup.HostConfig deployDirectory
INFO: Deployment of web application directory F:\development tools\apache-tomcat-7.0.56\webapps\docs has finished in 91 ms
Iun 24, 2015 10:55:42 PM org.apache.catalina.startup.HostConfig deployDirectory
INFO: Deploying web application directory F:\development tools\apache-tomcat-7.0.56\webapps\examples
Iun 24, 2015 10:55:43 PM org.apache.catalina.startup.HostConfig deployDirectory
INFO: Deployment of web application directory F:\development tools\apache-tomcat-7.0.56\webapps\examples has finished in 419 ms
Iun 24, 2015 10:55:43 PM org.apache.catalina.startup.HostConfig deployDirectory
INFO: Deploying web application directory F:\development tools\apache-tomcat-7.0.56\webapps\host-manager
Iun 24, 2015 10:55:43 PM org.apache.catalina.startup.HostConfig deployDirectory
INFO: Deployment of web application directory F:\development tools\apache-tomcat-7.0.56\webapps\host-manager has finished in 76 ms
Iun 24, 2015 10:55:43 PM org.apache.catalina.startup.HostConfig deployDirectory
INFO: Deploying web application directory F:\development tools\apache-tomcat-7.0.56\webapps\manager
Iun 24, 2015 10:55:43 PM org.apache.catalina.startup.HostConfig deployDirectory
INFO: Deployment of web application directory F:\development tools\apache-tomcat-7.0.56\webapps\manager has finished in 95 ms
Iun 24, 2015 10:55:43 PM org.apache.catalina.startup.HostConfig deployDirectory
INFO: Deploying web application directory F:\development tools\apache-tomcat-7.0.56\webapps\ROOT
Iun 24, 2015 10:55:43 PM org.apache.catalina.startup.HostConfig deployDirectory
INFO: Deployment of web application directory F:\development tools\apache-tomcat-7.0.56\webapps\ROOT has finished in 92 ms
Iun 24, 2015 10:55:43 PM org.apache.coyote.AbstractProtocol start
INFO: Starting ProtocolHandler ["http-apr-8080"]
Iun 24, 2015 10:55:43 PM org.apache.coyote.AbstractProtocol start
INFO: Starting ProtocolHandler ["ajp-apr-8009"]
Iun 24, 2015 10:55:43 PM org.apache.catalina.startup.Catalina start
INFO: Server startup in 1472 ms
Iun 24, 2015 10:55:52 PM org.apache.catalina.startup.HostConfig undeploy
INFO: Undeploying context [/Server]
Iun 24, 2015 10:56:01 PM org.apache.catalina.startup.HostConfig deployWAR
INFO: Deploying web application archive F:\development tools\apache-tomcat-7.0.56\webapps\Server.war
Iun 24, 2015 10:56:09 PM org.apache.catalina.core.StandardContext startInternal
SEVERE: Error listenerStart
Iun 24, 2015 10:56:09 PM org.apache.catalina.core.StandardContext startInternal
SEVERE: Context [/Server] startup failed due to previous errors
Iun 24, 2015 10:56:09 PM org.apache.catalina.loader.WebappClassLoader clearReferencesJdbc
SEVERE: The web application [/Server] registered the JDBC driver [org.postgresql.Driver] but failed to unregister it when the web application was stopped. To prevent a memory leak, the JDBC Driver has been forcibly unregistered.
Iun 24, 2015 10:56:09 PM org.apache.catalina.startup.HostConfig deployWAR
INFO: Deployment of web application archive F:\development tools\apache-tomcat-7.0.56\webapps\Server.war has finished in 7,832 ms
Iun 24, 2015 10:56:55 PM org.apache.catalina.util.LifecycleBase stop
INFO: The stop() method was called on component [StandardEngine[Catalina].StandardHost[localhost].StandardContext[/Server]] after stop() had already been called. The second call will be ignored.
Iun 24, 2015 10:56:59 PM org.apache.coyote.AbstractProtocol pause
INFO: Pausing ProtocolHandler ["http-apr-8080"]
Iun 24, 2015 10:56:59 PM org.apache.coyote.AbstractProtocol pause
INFO: Pausing ProtocolHandler ["ajp-apr-8009"]
Iun 24, 2015 10:56:59 PM org.apache.catalina.core.StandardService stopInternal
INFO: Stopping service Catalina
Iun 24, 2015 10:56:59 PM org.apache.coyote.AbstractProtocol stop
INFO: Stopping ProtocolHandler ["http-apr-8080"]
Iun 24, 2015 10:56:59 PM org.apache.coyote.AbstractProtocol stop
INFO: Stopping ProtocolHandler ["ajp-apr-8009"]
Iun 24, 2015 10:56:59 PM org.apache.coyote.AbstractProtocol destroy
INFO: Destroying ProtocolHandler ["http-apr-8080"]
Iun 24, 2015 10:56:59 PM org.apache.coyote.AbstractProtocol destroy
INFO: Destroying ProtocolHandler ["ajp-apr-8009"]
Iun 24, 2015 10:57:05 PM org.apache.catalina.core.AprLifecycleListener init
INFO: Loaded APR based Apache Tomcat Native library 1.1.31 using APR version 1.4.8.
Iun 24, 2015 10:57:05 PM org.apache.catalina.core.AprLifecycleListener init
INFO: APR capabilities: IPv6 [true], sendfile [true], accept filters [false], random [true].
Iun 24, 2015 10:57:06 PM org.apache.catalina.core.AprLifecycleListener initializeSSL
INFO: OpenSSL successfully initialized (OpenSSL 1.0.1h 5 Jun 2014)
Iun 24, 2015 10:57:06 PM org.apache.coyote.AbstractProtocol init
INFO: Initializing ProtocolHandler ["http-apr-8080"]
Iun 24, 2015 10:57:06 PM org.apache.coyote.AbstractProtocol init
INFO: Initializing ProtocolHandler ["ajp-apr-8009"]
Iun 24, 2015 10:57:06 PM org.apache.catalina.startup.Catalina load
INFO: Initialization processed in 1482 ms
Iun 24, 2015 10:57:06 PM org.apache.catalina.core.StandardService startInternal
INFO: Starting service Catalina
Iun 24, 2015 10:57:06 PM org.apache.catalina.core.StandardEngine startInternal
INFO: Starting Servlet Engine: Apache Tomcat/7.0.56
Iun 24, 2015 10:57:06 PM org.apache.catalina.startup.HostConfig deployDirectory
INFO: Deploying web application directory F:\development tools\apache-tomcat-7.0.56\webapps\docs
Iun 24, 2015 10:57:06 PM org.apache.catalina.startup.HostConfig deployDirectory
INFO: Deployment of web application directory F:\development tools\apache-tomcat-7.0.56\webapps\docs has finished in 613 ms
Iun 24, 2015 10:57:06 PM org.apache.catalina.startup.HostConfig deployDirectory
INFO: Deploying web application directory F:\development tools\apache-tomcat-7.0.56\webapps\examples
Iun 24, 2015 10:57:07 PM org.apache.catalina.startup.HostConfig deployDirectory
INFO: Deployment of web application directory F:\development tools\apache-tomcat-7.0.56\webapps\examples has finished in 486 ms
Iun 24, 2015 10:57:07 PM org.apache.catalina.startup.HostConfig deployDirectory
INFO: Deploying web application directory F:\development tools\apache-tomcat-7.0.56\webapps\host-manager
Iun 24, 2015 10:57:07 PM org.apache.catalina.startup.HostConfig deployDirectory
INFO: Deployment of web application directory F:\development tools\apache-tomcat-7.0.56\webapps\host-manager has finished in 115 ms
Iun 24, 2015 10:57:07 PM org.apache.catalina.startup.HostConfig deployDirectory
INFO: Deploying web application directory F:\development tools\apache-tomcat-7.0.56\webapps\manager
Iun 24, 2015 10:57:07 PM org.apache.catalina.startup.HostConfig deployDirectory
INFO: Deployment of web application directory F:\development tools\apache-tomcat-7.0.56\webapps\manager has finished in 85 ms
Iun 24, 2015 10:57:07 PM org.apache.catalina.startup.HostConfig deployDirectory
INFO: Deploying web application directory F:\development tools\apache-tomcat-7.0.56\webapps\ROOT
Iun 24, 2015 10:57:07 PM org.apache.catalina.startup.HostConfig deployDirectory
INFO: Deployment of web application directory F:\development tools\apache-tomcat-7.0.56\webapps\ROOT has finished in 96 ms
Iun 24, 2015 10:57:07 PM org.apache.catalina.startup.HostConfig deployDirectory
INFO: Deploying web application directory F:\development tools\apache-tomcat-7.0.56\webapps\Server
Iun 24, 2015 10:57:08 PM org.apache.catalina.core.ContainerBase addChildInternal
SEVERE: ContainerBase.addChild: start: 
org.apache.catalina.LifecycleException: Failed to start component [StandardEngine[Catalina].StandardHost[localhost].StandardContext[/Server]]
	at org.apache.catalina.util.LifecycleBase.start(LifecycleBase.java:154)
	at org.apache.catalina.core.ContainerBase.addChildInternal(ContainerBase.java:901)
	at org.apache.catalina.core.ContainerBase.addChild(ContainerBase.java:877)
	at org.apache.catalina.core.StandardHost.addChild(StandardHost.java:649)
	at org.apache.catalina.startup.HostConfig.deployDirectory(HostConfig.java:1247)
	at org.apache.catalina.startup.HostConfig$DeployDirectory.run(HostConfig.java:1897)
	at java.util.concurrent.Executors$RunnableAdapter.call(Executors.java:471)
	at java.util.concurrent.FutureTask.run(FutureTask.java:262)
	at java.util.concurrent.ThreadPoolExecutor.runWorker(ThreadPoolExecutor.java:1145)
	at java.util.concurrent.ThreadPoolExecutor$Worker.run(ThreadPoolExecutor.java:615)
	at java.lang.Thread.run(Thread.java:745)
Caused by: java.lang.NoClassDefFoundError: javax/ws/rs/core/HttpHeaders
	at java.lang.ClassLoader.defineClass1(Native Method)
	at java.lang.ClassLoader.defineClass(ClassLoader.java:800)
	at java.security.SecureClassLoader.defineClass(SecureClassLoader.java:142)
	at org.apache.catalina.loader.WebappClassLoader.findClassInternal(WebappClassLoader.java:2957)
	at org.apache.catalina.loader.WebappClassLoader.findClass(WebappClassLoader.java:1210)
	at org.apache.catalina.loader.WebappClassLoader.loadClass(WebappClassLoader.java:1690)
	at org.apache.catalina.loader.WebappClassLoader.loadClass(WebappClassLoader.java:1571)
	at java.lang.Class.getDeclaredMethods0(Native Method)
	at java.lang.Class.privateGetDeclaredMethods(Class.java:2615)
	at java.lang.Class.getDeclaredMethods(Class.java:1860)
	at org.apache.catalina.util.Introspection.getDeclaredMethods(Introspection.java:127)
	at org.apache.catalina.startup.WebAnnotationSet.loadMethodsAnnotation(WebAnnotationSet.java:287)
	at org.apache.catalina.startup.WebAnnotationSet.loadApplicationServletAnnotations(WebAnnotationSet.java:140)
	at org.apache.catalina.startup.WebAnnotationSet.loadApplicationAnnotations(WebAnnotationSet.java:65)
	at org.apache.catalina.startup.ContextConfig.applicationAnnotationsConfig(ContextConfig.java:415)
	at org.apache.catalina.startup.ContextConfig.configureStart(ContextConfig.java:892)
	at org.apache.catalina.startup.ContextConfig.lifecycleEvent(ContextConfig.java:386)
	at org.apache.catalina.util.LifecycleSupport.fireLifecycleEvent(LifecycleSupport.java:117)
	at org.apache.catalina.util.LifecycleBase.fireLifecycleEvent(LifecycleBase.java:90)
	at org.apache.catalina.core.StandardContext.startInternal(StandardContext.java:5380)
	at org.apache.catalina.util.LifecycleBase.start(LifecycleBase.java:150)
	... 10 more
Caused by: java.lang.ClassNotFoundException: javax.ws.rs.core.HttpHeaders
	at org.apache.catalina.loader.WebappClassLoader.loadClass(WebappClassLoader.java:1720)
	at org.apache.catalina.loader.WebappClassLoader.loadClass(WebappClassLoader.java:1571)
	... 31 more

Iun 24, 2015 10:57:08 PM org.apache.catalina.startup.HostConfig deployDirectory
SEVERE: Error deploying web application directory F:\development tools\apache-tomcat-7.0.56\webapps\Server
java.lang.IllegalStateException: ContainerBase.addChild: start: org.apache.catalina.LifecycleException: Failed to start component [StandardEngine[Catalina].StandardHost[localhost].StandardContext[/Server]]
	at org.apache.catalina.core.ContainerBase.addChildInternal(ContainerBase.java:904)
	at org.apache.catalina.core.ContainerBase.addChild(ContainerBase.java:877)
	at org.apache.catalina.core.StandardHost.addChild(StandardHost.java:649)
	at org.apache.catalina.startup.HostConfig.deployDirectory(HostConfig.java:1247)
	at org.apache.catalina.startup.HostConfig$DeployDirectory.run(HostConfig.java:1897)
	at java.util.concurrent.Executors$RunnableAdapter.call(Executors.java:471)
	at java.util.concurrent.FutureTask.run(FutureTask.java:262)
	at java.util.concurrent.ThreadPoolExecutor.runWorker(ThreadPoolExecutor.java:1145)
	at java.util.concurrent.ThreadPoolExecutor$Worker.run(ThreadPoolExecutor.java:615)
	at java.lang.Thread.run(Thread.java:745)

Iun 24, 2015 10:57:08 PM org.apache.catalina.startup.HostConfig deployDirectory
INFO: Deployment of web application directory F:\development tools\apache-tomcat-7.0.56\webapps\Server has finished in 1,174 ms
Iun 24, 2015 10:57:08 PM org.apache.coyote.AbstractProtocol start
INFO: Starting ProtocolHandler ["http-apr-8080"]
Iun 24, 2015 10:57:08 PM org.apache.coyote.AbstractProtocol start
INFO: Starting ProtocolHandler ["ajp-apr-8009"]
Iun 24, 2015 10:57:08 PM org.apache.catalina.startup.Catalina start
INFO: Server startup in 2665 ms
Iun 24, 2015 10:57:09 PM org.apache.catalina.startup.HostConfig undeploy
INFO: Undeploying context [/Server]
Iun 24, 2015 10:57:19 PM org.apache.catalina.startup.HostConfig deployWAR
INFO: Deploying web application archive F:\development tools\apache-tomcat-7.0.56\webapps\Server.war
Iun 24, 2015 10:57:27 PM org.apache.catalina.startup.HostConfig deployWAR
INFO: Deployment of web application archive F:\development tools\apache-tomcat-7.0.56\webapps\Server.war has finished in 7,948 ms
Iun 24, 2015 11:00:38 PM org.apache.catalina.startup.HostConfig deployDirectory
INFO: Deploying web application directory F:\development tools\apache-tomcat-7.0.56\webapps\licenta
Iun 24, 2015 11:00:38 PM org.apache.catalina.startup.HostConfig deployDirectory
INFO: Deployment of web application directory F:\development tools\apache-tomcat-7.0.56\webapps\licenta has finished in 78 ms
