Iun 25, 2015 3:05:40 PM org.apache.catalina.core.ApplicationContext log
INFO: Closing Spring root WebApplicationContext
Iun 25, 2015 3:05:42 PM org.apache.catalina.core.ApplicationContext log
INFO: SessionListener: contextDestroyed()
Iun 25, 2015 3:05:42 PM org.apache.catalina.core.ApplicationContext log
INFO: ContextListener: contextDestroyed()
Iun 25, 2015 3:06:10 PM org.apache.catalina.core.ApplicationContext log
INFO: No Spring WebApplicationInitializer types detected on classpath
Iun 25, 2015 3:06:11 PM org.apache.catalina.core.ApplicationContext log
INFO: Initializing Spring root WebApplicationContext
Iun 25, 2015 3:06:19 PM org.apache.catalina.core.ApplicationContext log
INFO: ContextListener: contextInitialized()
Iun 25, 2015 3:06:19 PM org.apache.catalina.core.ApplicationContext log
INFO: SessionListener: contextInitialized()
Iun 25, 2015 3:06:19 PM org.apache.catalina.core.ApplicationContext log
INFO: ContextListener: attributeAdded('org.apache.jasper.compiler.TldLocationsCache', 'org.apache.jasper.compiler.TldLocationsCache@70be0b8e')
Iun 25, 2015 11:22:09 PM org.apache.catalina.core.ApplicationContext log
INFO: No Spring WebApplicationInitializer types detected on classpath
Iun 25, 2015 11:22:11 PM org.apache.catalina.core.ApplicationContext log
INFO: Initializing Spring root WebApplicationContext
Iun 25, 2015 11:22:31 PM org.apache.catalina.core.ApplicationContext log
INFO: ContextListener: contextInitialized()
Iun 25, 2015 11:22:31 PM org.apache.catalina.core.ApplicationContext log
INFO: SessionListener: contextInitialized()
Iun 25, 2015 11:22:31 PM org.apache.catalina.core.ApplicationContext log
INFO: ContextListener: attributeAdded('org.apache.jasper.compiler.TldLocationsCache', 'org.apache.jasper.compiler.TldLocationsCache@2332f47b')
