Iul 02, 2015 1:48:00 AM org.apache.catalina.core.ApplicationContext log
INFO: HTMLManager: init: Associated with Deployer 'Catalina:type=Deployer,host=localhost'
Iul 02, 2015 1:48:00 AM org.apache.catalina.core.ApplicationContext log
INFO: HTMLManager: init: Global resources are available
Iul 02, 2015 1:48:00 AM org.apache.catalina.core.ApplicationContext log
INFO: HTMLManager: list: Listing contexts for virtual host 'localhost'
Iul 02, 2015 1:48:05 AM org.apache.catalina.core.ApplicationContext log
INFO: HTMLManager: restart: Reloading web application '/Server'
Iul 02, 2015 1:48:11 AM org.apache.catalina.core.ApplicationContext log
INFO: HTMLManager: list: Listing contexts for virtual host 'localhost'
Iul 02, 2015 1:58:11 AM org.apache.catalina.core.ApplicationContext log
INFO: HTMLManager: undeploy: Undeploying web application at '/Server'
Iul 02, 2015 1:58:11 AM org.apache.catalina.core.ApplicationContext log
INFO: HTMLManager: list: Listing contexts for virtual host 'localhost'
Iul 02, 2015 1:59:03 AM org.apache.catalina.core.ApplicationContext log
INFO: HTMLManager: init: Associated with Deployer 'Catalina:type=Deployer,host=localhost'
Iul 02, 2015 1:59:03 AM org.apache.catalina.core.ApplicationContext log
INFO: HTMLManager: init: Global resources are available
Iul 02, 2015 1:59:03 AM org.apache.catalina.core.ApplicationContext log
INFO: HTMLManager: list: Listing contexts for virtual host 'localhost'
Iul 02, 2015 1:59:05 AM org.apache.catalina.core.ApplicationContext log
INFO: HTMLManager: undeploy: Undeploying web application at '/Server'
Iul 02, 2015 1:59:06 AM org.apache.catalina.core.ApplicationContext log
INFO: HTMLManager: list: Listing contexts for virtual host 'localhost'
Iul 02, 2015 1:59:30 AM org.apache.catalina.core.ApplicationContext log
INFO: HTMLManager: list: Listing contexts for virtual host 'localhost'
